2019-10-08 18:48:16,451:INFO: Loading the datasets...
2019-10-08 18:48:18,465:INFO: - done.
2019-10-08 18:48:20,210:INFO: Experiment - model version: cnn_distill
2019-10-08 18:48:20,210:INFO: Starting training for 30 epoch(s)
2019-10-08 18:48:20,210:INFO: First, loading the teacher model and computing its outputs...
2019-10-08 18:48:27,550:INFO: - Finished computing teacher outputs after 8.0 secs..
2019-10-08 18:48:27,551:INFO: Epoch 1/30
2019-10-08 18:48:29,503:INFO: - Train metrics: loss: 1.621 ; accuracy: 0.379
2019-10-08 18:48:29,877:INFO: - Eval metrics : loss: 0.000 ; accuracy: 0.644
2019-10-08 18:48:29,885:INFO: - Found new best accuracy
2019-10-08 18:48:29,885:INFO: Epoch 2/30
2019-10-08 18:48:31,812:INFO: - Train metrics: loss: 1.124 ; accuracy: 0.613
2019-10-08 18:48:32,163:INFO: - Eval metrics : loss: 0.000 ; accuracy: 0.682
2019-10-08 18:48:32,185:INFO: - Found new best accuracy
2019-10-08 18:48:32,185:INFO: Epoch 3/30
2019-10-08 18:48:34,101:INFO: - Train metrics: loss: 0.982 ; accuracy: 0.658
2019-10-08 18:48:34,445:INFO: - Eval metrics : loss: 0.000 ; accuracy: 0.708
2019-10-08 18:48:34,454:INFO: - Found new best accuracy
2019-10-08 18:48:34,454:INFO: Epoch 4/30
2019-10-08 18:48:36,368:INFO: - Train metrics: loss: 0.933 ; accuracy: 0.666
2019-10-08 18:48:36,730:INFO: - Eval metrics : loss: 0.000 ; accuracy: 0.738
2019-10-08 18:48:36,753:INFO: - Found new best accuracy
2019-10-08 18:48:36,754:INFO: Epoch 5/30
2019-10-08 18:48:38,611:INFO: - Train metrics: loss: 0.855 ; accuracy: 0.709
2019-10-08 18:48:38,979:INFO: - Eval metrics : loss: 0.000 ; accuracy: 0.745
2019-10-08 18:48:39,004:INFO: - Found new best accuracy
2019-10-08 18:48:39,004:INFO: Epoch 6/30
2019-10-08 18:48:40,912:INFO: - Train metrics: loss: 0.780 ; accuracy: 0.742
2019-10-08 18:48:41,265:INFO: - Eval metrics : loss: 0.000 ; accuracy: 0.767
2019-10-08 18:48:41,287:INFO: - Found new best accuracy
2019-10-08 18:48:41,287:INFO: Epoch 7/30
2019-10-08 18:48:43,205:INFO: - Train metrics: loss: 0.732 ; accuracy: 0.758
2019-10-08 18:48:43,560:INFO: - Eval metrics : loss: 0.000 ; accuracy: 0.781
2019-10-08 18:48:43,581:INFO: - Found new best accuracy
2019-10-08 18:48:43,582:INFO: Epoch 8/30
2019-10-08 18:48:45,472:INFO: - Train metrics: loss: 0.792 ; accuracy: 0.723
2019-10-08 18:48:45,826:INFO: - Eval metrics : loss: 0.000 ; accuracy: 0.791
2019-10-08 18:48:45,848:INFO: - Found new best accuracy
2019-10-08 18:48:45,848:INFO: Epoch 9/30
2019-10-08 18:48:47,763:INFO: - Train metrics: loss: 0.737 ; accuracy: 0.754
2019-10-08 18:48:48,109:INFO: - Eval metrics : loss: 0.000 ; accuracy: 0.784
2019-10-08 18:48:48,115:INFO: Epoch 10/30
2019-10-08 18:48:50,037:INFO: - Train metrics: loss: 0.698 ; accuracy: 0.752
2019-10-08 18:48:50,405:INFO: - Eval metrics : loss: 0.000 ; accuracy: 0.791
2019-10-08 18:48:50,413:INFO: Epoch 11/30
2019-10-08 18:48:52,384:INFO: - Train metrics: loss: 0.720 ; accuracy: 0.740
2019-10-08 18:48:52,768:INFO: - Eval metrics : loss: 0.000 ; accuracy: 0.802
2019-10-08 18:48:52,790:INFO: - Found new best accuracy
2019-10-08 18:48:52,791:INFO: Epoch 12/30
2019-10-08 18:48:54,723:INFO: - Train metrics: loss: 0.672 ; accuracy: 0.771
2019-10-08 18:48:55,068:INFO: - Eval metrics : loss: 0.000 ; accuracy: 0.799
2019-10-08 18:48:55,074:INFO: Epoch 13/30
2019-10-08 18:48:56,941:INFO: - Train metrics: loss: 0.626 ; accuracy: 0.805
2019-10-08 18:48:57,250:INFO: - Eval metrics : loss: 0.000 ; accuracy: 0.796
2019-10-08 18:48:57,256:INFO: Epoch 14/30
2019-10-08 18:48:59,164:INFO: - Train metrics: loss: 0.622 ; accuracy: 0.787
2019-10-08 18:48:59,512:INFO: - Eval metrics : loss: 0.000 ; accuracy: 0.807
2019-10-08 18:48:59,522:INFO: - Found new best accuracy
2019-10-08 18:48:59,522:INFO: Epoch 15/30
2019-10-08 18:49:01,449:INFO: - Train metrics: loss: 0.600 ; accuracy: 0.814
2019-10-08 18:49:01,793:INFO: - Eval metrics : loss: 0.000 ; accuracy: 0.810
2019-10-08 18:49:01,815:INFO: - Found new best accuracy
2019-10-08 18:49:01,815:INFO: Epoch 16/30
2019-10-08 18:49:03,754:INFO: - Train metrics: loss: 0.604 ; accuracy: 0.793
2019-10-08 18:49:04,115:INFO: - Eval metrics : loss: 0.000 ; accuracy: 0.815
2019-10-08 18:49:04,137:INFO: - Found new best accuracy
2019-10-08 18:49:04,138:INFO: Epoch 17/30
2019-10-08 18:49:06,039:INFO: - Train metrics: loss: 0.571 ; accuracy: 0.811
2019-10-08 18:49:06,411:INFO: - Eval metrics : loss: 0.000 ; accuracy: 0.825
2019-10-08 18:49:06,434:INFO: - Found new best accuracy
2019-10-08 18:49:06,435:INFO: Epoch 18/30
2019-10-08 18:49:08,348:INFO: - Train metrics: loss: 0.569 ; accuracy: 0.809
2019-10-08 18:49:08,699:INFO: - Eval metrics : loss: 0.000 ; accuracy: 0.813
2019-10-08 18:49:08,705:INFO: Epoch 19/30
2019-10-08 18:49:10,679:INFO: - Train metrics: loss: 0.484 ; accuracy: 0.861
2019-10-08 18:49:11,035:INFO: - Eval metrics : loss: 0.000 ; accuracy: 0.826
2019-10-08 18:49:11,059:INFO: - Found new best accuracy
2019-10-08 18:49:11,059:INFO: Epoch 20/30
2019-10-08 18:49:12,934:INFO: - Train metrics: loss: 0.582 ; accuracy: 0.809
2019-10-08 18:49:13,285:INFO: - Eval metrics : loss: 0.000 ; accuracy: 0.816
2019-10-08 18:49:13,291:INFO: Epoch 21/30
2019-10-08 18:49:15,206:INFO: - Train metrics: loss: 0.504 ; accuracy: 0.838
2019-10-08 18:49:15,571:INFO: - Eval metrics : loss: 0.000 ; accuracy: 0.820
2019-10-08 18:49:15,579:INFO: Epoch 22/30
2019-10-08 18:49:17,502:INFO: - Train metrics: loss: 0.553 ; accuracy: 0.816
2019-10-08 18:49:17,852:INFO: - Eval metrics : loss: 0.000 ; accuracy: 0.823
2019-10-08 18:49:17,858:INFO: Epoch 23/30
2019-10-08 18:49:19,748:INFO: - Train metrics: loss: 0.540 ; accuracy: 0.826
2019-10-08 18:49:20,097:INFO: - Eval metrics : loss: 0.000 ; accuracy: 0.830
2019-10-08 18:49:20,121:INFO: - Found new best accuracy
2019-10-08 18:49:20,121:INFO: Epoch 24/30
2019-10-08 18:49:21,979:INFO: - Train metrics: loss: 0.531 ; accuracy: 0.828
2019-10-08 18:49:22,323:INFO: - Eval metrics : loss: 0.000 ; accuracy: 0.820
2019-10-08 18:49:22,329:INFO: Epoch 25/30
2019-10-08 18:49:24,286:INFO: - Train metrics: loss: 0.532 ; accuracy: 0.842
2019-10-08 18:49:24,659:INFO: - Eval metrics : loss: 0.000 ; accuracy: 0.833
2019-10-08 18:49:24,681:INFO: - Found new best accuracy
2019-10-08 18:49:24,681:INFO: Epoch 26/30
2019-10-08 18:49:26,640:INFO: - Train metrics: loss: 0.516 ; accuracy: 0.842
2019-10-08 18:49:27,007:INFO: - Eval metrics : loss: 0.000 ; accuracy: 0.832
2019-10-08 18:49:27,014:INFO: Epoch 27/30
2019-10-08 18:49:28,935:INFO: - Train metrics: loss: 0.552 ; accuracy: 0.828
2019-10-08 18:49:29,308:INFO: - Eval metrics : loss: 0.000 ; accuracy: 0.835
2019-10-08 18:49:29,334:INFO: - Found new best accuracy
2019-10-08 18:49:29,334:INFO: Epoch 28/30
2019-10-08 18:49:31,242:INFO: - Train metrics: loss: 0.526 ; accuracy: 0.838
2019-10-08 18:49:31,622:INFO: - Eval metrics : loss: 0.000 ; accuracy: 0.832
2019-10-08 18:49:31,628:INFO: Epoch 29/30
2019-10-08 18:49:33,575:INFO: - Train metrics: loss: 0.546 ; accuracy: 0.816
2019-10-08 18:49:33,973:INFO: - Eval metrics : loss: 0.000 ; accuracy: 0.829
2019-10-08 18:49:33,979:INFO: Epoch 30/30
2019-10-08 18:49:35,908:INFO: - Train metrics: loss: 0.580 ; accuracy: 0.822
2019-10-08 18:49:36,275:INFO: - Eval metrics : loss: 0.000 ; accuracy: 0.827
