2019-10-08 18:25:36,032:INFO: Loading the datasets...
2019-10-08 18:25:38,036:INFO: - done.
2019-10-08 18:25:39,772:INFO: Experiment - model version: cnn_distill
2019-10-08 18:25:39,772:INFO: Starting training for 30 epoch(s)
2019-10-08 18:25:39,772:INFO: First, loading the teacher model and computing its outputs...
2019-10-08 18:25:47,072:INFO: - Finished computing teacher outputs after 8.0 secs..
2019-10-08 18:25:47,073:INFO: Epoch 1/30
2019-10-08 18:25:48,929:INFO: - Train metrics: loss: 1.279 ; accuracy: 0.375
2019-10-08 18:25:49,306:INFO: - Eval metrics : loss: 0.000 ; accuracy: 0.638
2019-10-08 18:25:49,314:INFO: - Found new best accuracy
2019-10-08 18:25:49,315:INFO: Epoch 2/30
2019-10-08 18:25:51,273:INFO: - Train metrics: loss: 1.046 ; accuracy: 0.590
2019-10-08 18:25:51,615:INFO: - Eval metrics : loss: 0.000 ; accuracy: 0.671
2019-10-08 18:25:51,625:INFO: - Found new best accuracy
2019-10-08 18:25:51,638:INFO: Epoch 3/30
2019-10-08 18:25:53,491:INFO: - Train metrics: loss: 0.980 ; accuracy: 0.656
2019-10-08 18:25:53,837:INFO: - Eval metrics : loss: 0.000 ; accuracy: 0.703
2019-10-08 18:25:53,859:INFO: - Found new best accuracy
2019-10-08 18:25:53,859:INFO: Epoch 4/30
2019-10-08 18:25:55,747:INFO: - Train metrics: loss: 0.965 ; accuracy: 0.672
2019-10-08 18:25:56,108:INFO: - Eval metrics : loss: 0.000 ; accuracy: 0.708
2019-10-08 18:25:56,130:INFO: - Found new best accuracy
2019-10-08 18:25:56,131:INFO: Epoch 5/30
2019-10-08 18:25:58,011:INFO: - Train metrics: loss: 0.929 ; accuracy: 0.693
2019-10-08 18:25:58,350:INFO: - Eval metrics : loss: 0.000 ; accuracy: 0.733
2019-10-08 18:25:58,359:INFO: - Found new best accuracy
2019-10-08 18:25:58,359:INFO: Epoch 6/30
2019-10-08 18:26:00,270:INFO: - Train metrics: loss: 0.912 ; accuracy: 0.697
2019-10-08 18:26:00,607:INFO: - Eval metrics : loss: 0.000 ; accuracy: 0.772
2019-10-08 18:26:00,615:INFO: - Found new best accuracy
2019-10-08 18:26:00,629:INFO: Epoch 7/30
2019-10-08 18:26:02,525:INFO: - Train metrics: loss: 0.898 ; accuracy: 0.723
2019-10-08 18:26:02,887:INFO: - Eval metrics : loss: 0.000 ; accuracy: 0.773
2019-10-08 18:26:02,908:INFO: - Found new best accuracy
2019-10-08 18:26:02,909:INFO: Epoch 8/30
2019-10-08 18:26:04,771:INFO: - Train metrics: loss: 0.908 ; accuracy: 0.727
2019-10-08 18:26:05,135:INFO: - Eval metrics : loss: 0.000 ; accuracy: 0.779
2019-10-08 18:26:05,157:INFO: - Found new best accuracy
2019-10-08 18:26:05,157:INFO: Epoch 9/30
2019-10-08 18:26:07,007:INFO: - Train metrics: loss: 0.892 ; accuracy: 0.734
2019-10-08 18:26:07,360:INFO: - Eval metrics : loss: 0.000 ; accuracy: 0.786
2019-10-08 18:26:07,369:INFO: - Found new best accuracy
2019-10-08 18:26:07,369:INFO: Epoch 10/30
2019-10-08 18:26:09,320:INFO: - Train metrics: loss: 0.862 ; accuracy: 0.758
2019-10-08 18:26:09,674:INFO: - Eval metrics : loss: 0.000 ; accuracy: 0.795
2019-10-08 18:26:09,683:INFO: - Found new best accuracy
2019-10-08 18:26:09,683:INFO: Epoch 11/30
2019-10-08 18:26:11,605:INFO: - Train metrics: loss: 0.850 ; accuracy: 0.762
2019-10-08 18:26:11,959:INFO: - Eval metrics : loss: 0.000 ; accuracy: 0.794
2019-10-08 18:26:11,965:INFO: Epoch 12/30
2019-10-08 18:26:13,850:INFO: - Train metrics: loss: 0.838 ; accuracy: 0.783
2019-10-08 18:26:14,200:INFO: - Eval metrics : loss: 0.000 ; accuracy: 0.805
2019-10-08 18:26:14,223:INFO: - Found new best accuracy
2019-10-08 18:26:14,224:INFO: Epoch 13/30
2019-10-08 18:26:16,130:INFO: - Train metrics: loss: 0.831 ; accuracy: 0.803
2019-10-08 18:26:16,468:INFO: - Eval metrics : loss: 0.000 ; accuracy: 0.800
2019-10-08 18:26:16,474:INFO: Epoch 14/30
2019-10-08 18:26:18,386:INFO: - Train metrics: loss: 0.830 ; accuracy: 0.783
2019-10-08 18:26:18,730:INFO: - Eval metrics : loss: 0.000 ; accuracy: 0.811
2019-10-08 18:26:18,752:INFO: - Found new best accuracy
2019-10-08 18:26:18,752:INFO: Epoch 15/30
2019-10-08 18:26:20,561:INFO: - Train metrics: loss: 0.827 ; accuracy: 0.801
2019-10-08 18:26:20,927:INFO: - Eval metrics : loss: 0.000 ; accuracy: 0.815
2019-10-08 18:26:20,950:INFO: - Found new best accuracy
2019-10-08 18:26:20,950:INFO: Epoch 16/30
2019-10-08 18:26:22,839:INFO: - Train metrics: loss: 0.823 ; accuracy: 0.789
2019-10-08 18:26:23,201:INFO: - Eval metrics : loss: 0.000 ; accuracy: 0.816
2019-10-08 18:26:23,210:INFO: - Found new best accuracy
2019-10-08 18:26:23,223:INFO: Epoch 17/30
2019-10-08 18:26:25,103:INFO: - Train metrics: loss: 0.805 ; accuracy: 0.805
2019-10-08 18:26:25,466:INFO: - Eval metrics : loss: 0.000 ; accuracy: 0.819
2019-10-08 18:26:25,478:INFO: - Found new best accuracy
2019-10-08 18:26:25,478:INFO: Epoch 18/30
2019-10-08 18:26:27,397:INFO: - Train metrics: loss: 0.791 ; accuracy: 0.803
2019-10-08 18:26:27,750:INFO: - Eval metrics : loss: 0.000 ; accuracy: 0.821
2019-10-08 18:26:27,772:INFO: - Found new best accuracy
2019-10-08 18:26:27,772:INFO: Epoch 19/30
2019-10-08 18:26:29,656:INFO: - Train metrics: loss: 0.790 ; accuracy: 0.828
2019-10-08 18:26:29,992:INFO: - Eval metrics : loss: 0.000 ; accuracy: 0.823
2019-10-08 18:26:30,015:INFO: - Found new best accuracy
2019-10-08 18:26:30,016:INFO: Epoch 20/30
2019-10-08 18:26:31,828:INFO: - Train metrics: loss: 0.792 ; accuracy: 0.822
2019-10-08 18:26:32,184:INFO: - Eval metrics : loss: 0.000 ; accuracy: 0.825
2019-10-08 18:26:32,192:INFO: - Found new best accuracy
2019-10-08 18:26:32,206:INFO: Epoch 21/30
2019-10-08 18:26:34,119:INFO: - Train metrics: loss: 0.777 ; accuracy: 0.846
2019-10-08 18:26:34,461:INFO: - Eval metrics : loss: 0.000 ; accuracy: 0.812
2019-10-08 18:26:34,469:INFO: Epoch 22/30
2019-10-08 18:26:36,370:INFO: - Train metrics: loss: 0.804 ; accuracy: 0.818
2019-10-08 18:26:36,733:INFO: - Eval metrics : loss: 0.000 ; accuracy: 0.817
2019-10-08 18:26:36,741:INFO: Epoch 23/30
2019-10-08 18:26:38,663:INFO: - Train metrics: loss: 0.787 ; accuracy: 0.824
2019-10-08 18:26:39,025:INFO: - Eval metrics : loss: 0.000 ; accuracy: 0.823
2019-10-08 18:26:39,032:INFO: Epoch 24/30
2019-10-08 18:26:40,945:INFO: - Train metrics: loss: 0.773 ; accuracy: 0.830
2019-10-08 18:26:41,295:INFO: - Eval metrics : loss: 0.000 ; accuracy: 0.825
2019-10-08 18:26:41,304:INFO: - Found new best accuracy
2019-10-08 18:26:41,317:INFO: Epoch 25/30
2019-10-08 18:26:43,126:INFO: - Train metrics: loss: 0.786 ; accuracy: 0.834
2019-10-08 18:26:43,462:INFO: - Eval metrics : loss: 0.000 ; accuracy: 0.831
2019-10-08 18:26:43,471:INFO: - Found new best accuracy
2019-10-08 18:26:43,484:INFO: Epoch 26/30
2019-10-08 18:26:45,347:INFO: - Train metrics: loss: 0.791 ; accuracy: 0.855
2019-10-08 18:26:45,696:INFO: - Eval metrics : loss: 0.000 ; accuracy: 0.831
2019-10-08 18:26:45,702:INFO: Epoch 27/30
2019-10-08 18:26:47,592:INFO: - Train metrics: loss: 0.784 ; accuracy: 0.846
2019-10-08 18:26:47,935:INFO: - Eval metrics : loss: 0.000 ; accuracy: 0.835
2019-10-08 18:26:47,944:INFO: - Found new best accuracy
2019-10-08 18:26:47,945:INFO: Epoch 28/30
2019-10-08 18:26:49,858:INFO: - Train metrics: loss: 0.777 ; accuracy: 0.824
2019-10-08 18:26:50,233:INFO: - Eval metrics : loss: 0.000 ; accuracy: 0.829
2019-10-08 18:26:50,238:INFO: Epoch 29/30
2019-10-08 18:26:52,136:INFO: - Train metrics: loss: 0.811 ; accuracy: 0.814
2019-10-08 18:26:52,507:INFO: - Eval metrics : loss: 0.000 ; accuracy: 0.831
2019-10-08 18:26:52,513:INFO: Epoch 30/30
2019-10-08 18:26:54,394:INFO: - Train metrics: loss: 0.814 ; accuracy: 0.828
2019-10-08 18:26:54,732:INFO: - Eval metrics : loss: 0.000 ; accuracy: 0.835
2019-10-08 18:26:54,753:INFO: - Found new best accuracy
