2019-10-08 17:35:08,840:INFO: Loading the datasets...
2019-10-08 17:35:10,876:INFO: - done.
2019-10-08 17:35:12,600:INFO: Experiment - model version: cnn_distill
2019-10-08 17:35:12,600:INFO: Starting training for 30 epoch(s)
2019-10-08 17:35:12,600:INFO: First, loading the teacher model and computing its outputs...
2019-10-08 17:35:19,903:INFO: - Finished computing teacher outputs after 8.0 secs..
2019-10-08 17:35:19,903:INFO: Epoch 1/30
2019-10-08 17:35:21,773:INFO: - Train metrics: loss: 1.375 ; accuracy: 0.100
2019-10-08 17:35:22,099:INFO: - Eval metrics : loss: 0.000 ; accuracy: 0.154
2019-10-08 17:35:22,107:INFO: - Found new best accuracy
2019-10-08 17:35:22,107:INFO: Epoch 2/30
2019-10-08 17:35:23,988:INFO: - Train metrics: loss: 1.367 ; accuracy: 0.131
2019-10-08 17:35:24,295:INFO: - Eval metrics : loss: 0.000 ; accuracy: 0.132
2019-10-08 17:35:24,301:INFO: Epoch 3/30
2019-10-08 17:35:26,168:INFO: - Train metrics: loss: 1.369 ; accuracy: 0.111
2019-10-08 17:35:26,481:INFO: - Eval metrics : loss: 0.000 ; accuracy: 0.120
2019-10-08 17:35:26,487:INFO: Epoch 4/30
2019-10-08 17:35:28,363:INFO: - Train metrics: loss: 1.372 ; accuracy: 0.113
2019-10-08 17:35:28,717:INFO: - Eval metrics : loss: 0.000 ; accuracy: 0.156
2019-10-08 17:35:28,726:INFO: - Found new best accuracy
2019-10-08 17:35:28,726:INFO: Epoch 5/30
2019-10-08 17:35:30,674:INFO: - Train metrics: loss: 1.371 ; accuracy: 0.133
2019-10-08 17:35:31,019:INFO: - Eval metrics : loss: 0.000 ; accuracy: 0.126
2019-10-08 17:35:31,027:INFO: Epoch 6/30
2019-10-08 17:35:32,890:INFO: - Train metrics: loss: 1.370 ; accuracy: 0.111
2019-10-08 17:35:33,243:INFO: - Eval metrics : loss: 0.000 ; accuracy: 0.110
2019-10-08 17:35:33,249:INFO: Epoch 7/30
2019-10-08 17:35:35,118:INFO: - Train metrics: loss: 1.372 ; accuracy: 0.123
2019-10-08 17:35:35,451:INFO: - Eval metrics : loss: 0.000 ; accuracy: 0.122
2019-10-08 17:35:35,457:INFO: Epoch 8/30
2019-10-08 17:35:37,403:INFO: - Train metrics: loss: 1.368 ; accuracy: 0.107
2019-10-08 17:35:37,760:INFO: - Eval metrics : loss: 0.000 ; accuracy: 0.142
2019-10-08 17:35:37,768:INFO: Epoch 9/30
2019-10-08 17:35:39,789:INFO: - Train metrics: loss: 1.371 ; accuracy: 0.125
2019-10-08 17:35:40,126:INFO: - Eval metrics : loss: 0.000 ; accuracy: 0.163
2019-10-08 17:35:40,147:INFO: - Found new best accuracy
2019-10-08 17:35:40,148:INFO: Epoch 10/30
2019-10-08 17:35:42,003:INFO: - Train metrics: loss: 1.371 ; accuracy: 0.160
2019-10-08 17:35:42,310:INFO: - Eval metrics : loss: 0.000 ; accuracy: 0.161
2019-10-08 17:35:42,315:INFO: Epoch 11/30
2019-10-08 17:35:44,277:INFO: - Train metrics: loss: 1.371 ; accuracy: 0.129
2019-10-08 17:35:44,589:INFO: - Eval metrics : loss: 0.000 ; accuracy: 0.122
2019-10-08 17:35:44,597:INFO: Epoch 12/30
2019-10-08 17:35:46,493:INFO: - Train metrics: loss: 1.371 ; accuracy: 0.109
2019-10-08 17:35:46,823:INFO: - Eval metrics : loss: 0.000 ; accuracy: 0.127
2019-10-08 17:35:46,831:INFO: Epoch 13/30
2019-10-08 17:35:48,711:INFO: - Train metrics: loss: 1.370 ; accuracy: 0.141
2019-10-08 17:35:49,048:INFO: - Eval metrics : loss: 0.000 ; accuracy: 0.147
2019-10-08 17:35:49,054:INFO: Epoch 14/30
2019-10-08 17:35:50,923:INFO: - Train metrics: loss: 1.370 ; accuracy: 0.137
2019-10-08 17:35:51,240:INFO: - Eval metrics : loss: 0.000 ; accuracy: 0.134
2019-10-08 17:35:51,246:INFO: Epoch 15/30
2019-10-08 17:35:53,142:INFO: - Train metrics: loss: 1.370 ; accuracy: 0.119
2019-10-08 17:35:53,446:INFO: - Eval metrics : loss: 0.000 ; accuracy: 0.137
2019-10-08 17:35:53,452:INFO: Epoch 16/30
2019-10-08 17:35:55,362:INFO: - Train metrics: loss: 1.370 ; accuracy: 0.150
2019-10-08 17:35:55,671:INFO: - Eval metrics : loss: 0.000 ; accuracy: 0.142
2019-10-08 17:35:55,677:INFO: Epoch 17/30
2019-10-08 17:35:57,582:INFO: - Train metrics: loss: 1.370 ; accuracy: 0.152
2019-10-08 17:35:57,902:INFO: - Eval metrics : loss: 0.000 ; accuracy: 0.120
2019-10-08 17:35:57,910:INFO: Epoch 18/30
2019-10-08 17:35:59,960:INFO: - Train metrics: loss: 1.370 ; accuracy: 0.088
2019-10-08 17:36:00,324:INFO: - Eval metrics : loss: 0.000 ; accuracy: 0.132
2019-10-08 17:36:00,333:INFO: Epoch 19/30
2019-10-08 17:36:02,335:INFO: - Train metrics: loss: 1.370 ; accuracy: 0.105
2019-10-08 17:36:02,663:INFO: - Eval metrics : loss: 0.000 ; accuracy: 0.130
2019-10-08 17:36:02,671:INFO: Epoch 20/30
2019-10-08 17:36:04,617:INFO: - Train metrics: loss: 1.370 ; accuracy: 0.121
2019-10-08 17:36:04,954:INFO: - Eval metrics : loss: 0.000 ; accuracy: 0.141
2019-10-08 17:36:04,960:INFO: Epoch 21/30
2019-10-08 17:36:06,896:INFO: - Train metrics: loss: 1.370 ; accuracy: 0.137
2019-10-08 17:36:07,220:INFO: - Eval metrics : loss: 0.000 ; accuracy: 0.170
2019-10-08 17:36:07,229:INFO: - Found new best accuracy
2019-10-08 17:36:07,229:INFO: Epoch 22/30
2019-10-08 17:36:09,153:INFO: - Train metrics: loss: 1.372 ; accuracy: 0.158
2019-10-08 17:36:09,458:INFO: - Eval metrics : loss: 0.000 ; accuracy: 0.140
2019-10-08 17:36:09,464:INFO: Epoch 23/30
2019-10-08 17:36:11,326:INFO: - Train metrics: loss: 1.371 ; accuracy: 0.139
2019-10-08 17:36:11,673:INFO: - Eval metrics : loss: 0.000 ; accuracy: 0.135
2019-10-08 17:36:11,678:INFO: Epoch 24/30
2019-10-08 17:36:13,563:INFO: - Train metrics: loss: 1.370 ; accuracy: 0.109
2019-10-08 17:36:13,871:INFO: - Eval metrics : loss: 0.000 ; accuracy: 0.183
2019-10-08 17:36:13,880:INFO: - Found new best accuracy
2019-10-08 17:36:13,880:INFO: Epoch 25/30
2019-10-08 17:36:15,748:INFO: - Train metrics: loss: 1.371 ; accuracy: 0.146
2019-10-08 17:36:16,069:INFO: - Eval metrics : loss: 0.000 ; accuracy: 0.136
2019-10-08 17:36:16,075:INFO: Epoch 26/30
2019-10-08 17:36:17,947:INFO: - Train metrics: loss: 1.368 ; accuracy: 0.113
2019-10-08 17:36:18,253:INFO: - Eval metrics : loss: 0.000 ; accuracy: 0.156
2019-10-08 17:36:18,259:INFO: Epoch 27/30
2019-10-08 17:36:20,164:INFO: - Train metrics: loss: 1.370 ; accuracy: 0.125
2019-10-08 17:36:20,485:INFO: - Eval metrics : loss: 0.000 ; accuracy: 0.134
2019-10-08 17:36:20,490:INFO: Epoch 28/30
2019-10-08 17:36:22,372:INFO: - Train metrics: loss: 1.370 ; accuracy: 0.143
2019-10-08 17:36:22,696:INFO: - Eval metrics : loss: 0.000 ; accuracy: 0.144
2019-10-08 17:36:22,702:INFO: Epoch 29/30
2019-10-08 17:36:24,613:INFO: - Train metrics: loss: 1.371 ; accuracy: 0.135
2019-10-08 17:36:24,921:INFO: - Eval metrics : loss: 0.000 ; accuracy: 0.149
2019-10-08 17:36:24,927:INFO: Epoch 30/30
2019-10-08 17:36:26,799:INFO: - Train metrics: loss: 1.372 ; accuracy: 0.162
2019-10-08 17:36:27,121:INFO: - Eval metrics : loss: 0.000 ; accuracy: 0.123
