2019-10-08 18:38:53,304:INFO: Loading the datasets...
2019-10-08 18:38:55,334:INFO: - done.
2019-10-08 18:38:57,058:INFO: Experiment - model version: cnn_distill
2019-10-08 18:38:57,059:INFO: Starting training for 30 epoch(s)
2019-10-08 18:38:57,059:INFO: First, loading the teacher model and computing its outputs...
2019-10-08 18:39:04,401:INFO: - Finished computing teacher outputs after 8.0 secs..
2019-10-08 18:39:04,402:INFO: Epoch 1/30
2019-10-08 18:39:06,327:INFO: - Train metrics: loss: 1.635 ; accuracy: 0.383
2019-10-08 18:39:06,671:INFO: - Eval metrics : loss: 0.000 ; accuracy: 0.633
2019-10-08 18:39:06,682:INFO: - Found new best accuracy
2019-10-08 18:39:06,682:INFO: Epoch 2/30
2019-10-08 18:39:08,640:INFO: - Train metrics: loss: 1.158 ; accuracy: 0.594
2019-10-08 18:39:09,012:INFO: - Eval metrics : loss: 0.000 ; accuracy: 0.692
2019-10-08 18:39:09,034:INFO: - Found new best accuracy
2019-10-08 18:39:09,034:INFO: Epoch 3/30
2019-10-08 18:39:10,939:INFO: - Train metrics: loss: 0.994 ; accuracy: 0.639
2019-10-08 18:39:11,306:INFO: - Eval metrics : loss: 0.000 ; accuracy: 0.709
2019-10-08 18:39:11,328:INFO: - Found new best accuracy
2019-10-08 18:39:11,329:INFO: Epoch 4/30
2019-10-08 18:39:13,224:INFO: - Train metrics: loss: 0.932 ; accuracy: 0.637
2019-10-08 18:39:13,576:INFO: - Eval metrics : loss: 0.000 ; accuracy: 0.710
2019-10-08 18:39:13,600:INFO: - Found new best accuracy
2019-10-08 18:39:13,600:INFO: Epoch 5/30
2019-10-08 18:39:15,453:INFO: - Train metrics: loss: 0.882 ; accuracy: 0.678
2019-10-08 18:39:15,809:INFO: - Eval metrics : loss: 0.000 ; accuracy: 0.755
2019-10-08 18:39:15,833:INFO: - Found new best accuracy
2019-10-08 18:39:15,833:INFO: Epoch 6/30
2019-10-08 18:39:17,680:INFO: - Train metrics: loss: 0.846 ; accuracy: 0.703
2019-10-08 18:39:18,043:INFO: - Eval metrics : loss: 0.000 ; accuracy: 0.771
2019-10-08 18:39:18,065:INFO: - Found new best accuracy
2019-10-08 18:39:18,066:INFO: Epoch 7/30
2019-10-08 18:39:19,946:INFO: - Train metrics: loss: 0.775 ; accuracy: 0.752
2019-10-08 18:39:20,290:INFO: - Eval metrics : loss: 0.000 ; accuracy: 0.781
2019-10-08 18:39:20,311:INFO: - Found new best accuracy
2019-10-08 18:39:20,312:INFO: Epoch 8/30
2019-10-08 18:39:22,112:INFO: - Train metrics: loss: 0.848 ; accuracy: 0.699
2019-10-08 18:39:22,466:INFO: - Eval metrics : loss: 0.000 ; accuracy: 0.781
2019-10-08 18:39:22,488:INFO: - Found new best accuracy
2019-10-08 18:39:22,488:INFO: Epoch 9/30
2019-10-08 18:39:24,334:INFO: - Train metrics: loss: 0.788 ; accuracy: 0.727
2019-10-08 18:39:24,678:INFO: - Eval metrics : loss: 0.000 ; accuracy: 0.789
2019-10-08 18:39:24,700:INFO: - Found new best accuracy
2019-10-08 18:39:24,701:INFO: Epoch 10/30
2019-10-08 18:39:26,598:INFO: - Train metrics: loss: 0.734 ; accuracy: 0.754
2019-10-08 18:39:26,951:INFO: - Eval metrics : loss: 0.000 ; accuracy: 0.788
2019-10-08 18:39:26,957:INFO: Epoch 11/30
2019-10-08 18:39:28,934:INFO: - Train metrics: loss: 0.700 ; accuracy: 0.766
2019-10-08 18:39:29,290:INFO: - Eval metrics : loss: 0.000 ; accuracy: 0.795
2019-10-08 18:39:29,313:INFO: - Found new best accuracy
2019-10-08 18:39:29,313:INFO: Epoch 12/30
2019-10-08 18:39:31,214:INFO: - Train metrics: loss: 0.684 ; accuracy: 0.775
2019-10-08 18:39:31,557:INFO: - Eval metrics : loss: 0.000 ; accuracy: 0.799
2019-10-08 18:39:31,567:INFO: - Found new best accuracy
2019-10-08 18:39:31,567:INFO: Epoch 13/30
2019-10-08 18:39:33,482:INFO: - Train metrics: loss: 0.624 ; accuracy: 0.816
2019-10-08 18:39:33,852:INFO: - Eval metrics : loss: 0.000 ; accuracy: 0.807
2019-10-08 18:39:33,874:INFO: - Found new best accuracy
2019-10-08 18:39:33,874:INFO: Epoch 14/30
2019-10-08 18:39:35,731:INFO: - Train metrics: loss: 0.616 ; accuracy: 0.779
2019-10-08 18:39:36,082:INFO: - Eval metrics : loss: 0.000 ; accuracy: 0.813
2019-10-08 18:39:36,104:INFO: - Found new best accuracy
2019-10-08 18:39:36,105:INFO: Epoch 15/30
2019-10-08 18:39:37,996:INFO: - Train metrics: loss: 0.598 ; accuracy: 0.818
2019-10-08 18:39:38,336:INFO: - Eval metrics : loss: 0.000 ; accuracy: 0.820
2019-10-08 18:39:38,345:INFO: - Found new best accuracy
2019-10-08 18:39:38,359:INFO: Epoch 16/30
2019-10-08 18:39:40,222:INFO: - Train metrics: loss: 0.621 ; accuracy: 0.807
2019-10-08 18:39:40,599:INFO: - Eval metrics : loss: 0.000 ; accuracy: 0.813
2019-10-08 18:39:40,605:INFO: Epoch 17/30
2019-10-08 18:39:42,490:INFO: - Train metrics: loss: 0.602 ; accuracy: 0.809
2019-10-08 18:39:42,833:INFO: - Eval metrics : loss: 0.000 ; accuracy: 0.811
2019-10-08 18:39:42,839:INFO: Epoch 18/30
2019-10-08 18:39:44,771:INFO: - Train metrics: loss: 0.610 ; accuracy: 0.805
2019-10-08 18:39:45,121:INFO: - Eval metrics : loss: 0.000 ; accuracy: 0.814
2019-10-08 18:39:45,127:INFO: Epoch 19/30
2019-10-08 18:39:47,000:INFO: - Train metrics: loss: 0.531 ; accuracy: 0.814
2019-10-08 18:39:47,373:INFO: - Eval metrics : loss: 0.000 ; accuracy: 0.819
2019-10-08 18:39:47,379:INFO: Epoch 20/30
2019-10-08 18:39:49,254:INFO: - Train metrics: loss: 0.556 ; accuracy: 0.818
2019-10-08 18:39:49,617:INFO: - Eval metrics : loss: 0.000 ; accuracy: 0.819
2019-10-08 18:39:49,624:INFO: Epoch 21/30
2019-10-08 18:39:51,580:INFO: - Train metrics: loss: 0.513 ; accuracy: 0.844
2019-10-08 18:39:51,927:INFO: - Eval metrics : loss: 0.000 ; accuracy: 0.817
2019-10-08 18:39:51,933:INFO: Epoch 22/30
2019-10-08 18:39:53,917:INFO: - Train metrics: loss: 0.592 ; accuracy: 0.807
2019-10-08 18:39:54,266:INFO: - Eval metrics : loss: 0.000 ; accuracy: 0.816
2019-10-08 18:39:54,272:INFO: Epoch 23/30
2019-10-08 18:39:56,156:INFO: - Train metrics: loss: 0.552 ; accuracy: 0.814
2019-10-08 18:39:56,524:INFO: - Eval metrics : loss: 0.000 ; accuracy: 0.826
2019-10-08 18:39:56,546:INFO: - Found new best accuracy
2019-10-08 18:39:56,546:INFO: Epoch 24/30
2019-10-08 18:39:58,442:INFO: - Train metrics: loss: 0.572 ; accuracy: 0.805
2019-10-08 18:39:58,808:INFO: - Eval metrics : loss: 0.000 ; accuracy: 0.825
2019-10-08 18:39:58,814:INFO: Epoch 25/30
2019-10-08 18:40:00,738:INFO: - Train metrics: loss: 0.562 ; accuracy: 0.832
2019-10-08 18:40:01,092:INFO: - Eval metrics : loss: 0.000 ; accuracy: 0.833
2019-10-08 18:40:01,101:INFO: - Found new best accuracy
2019-10-08 18:40:01,102:INFO: Epoch 26/30
2019-10-08 18:40:03,042:INFO: - Train metrics: loss: 0.511 ; accuracy: 0.822
2019-10-08 18:40:03,401:INFO: - Eval metrics : loss: 0.000 ; accuracy: 0.833
2019-10-08 18:40:03,423:INFO: - Found new best accuracy
2019-10-08 18:40:03,424:INFO: Epoch 27/30
2019-10-08 18:40:05,300:INFO: - Train metrics: loss: 0.550 ; accuracy: 0.820
2019-10-08 18:40:05,661:INFO: - Eval metrics : loss: 0.000 ; accuracy: 0.835
2019-10-08 18:40:05,670:INFO: - Found new best accuracy
2019-10-08 18:40:05,671:INFO: Epoch 28/30
2019-10-08 18:40:07,552:INFO: - Train metrics: loss: 0.568 ; accuracy: 0.832
2019-10-08 18:40:07,899:INFO: - Eval metrics : loss: 0.000 ; accuracy: 0.839
2019-10-08 18:40:07,921:INFO: - Found new best accuracy
2019-10-08 18:40:07,921:INFO: Epoch 29/30
2019-10-08 18:40:09,752:INFO: - Train metrics: loss: 0.583 ; accuracy: 0.820
2019-10-08 18:40:10,108:INFO: - Eval metrics : loss: 0.000 ; accuracy: 0.834
2019-10-08 18:40:10,116:INFO: Epoch 30/30
2019-10-08 18:40:12,027:INFO: - Train metrics: loss: 0.608 ; accuracy: 0.822
2019-10-08 18:40:12,378:INFO: - Eval metrics : loss: 0.000 ; accuracy: 0.835
