2019-10-08 18:46:55,750:INFO: Loading the datasets...
2019-10-08 18:46:57,767:INFO: - done.
2019-10-08 18:46:59,481:INFO: Experiment - model version: cnn_distill
2019-10-08 18:46:59,481:INFO: Starting training for 30 epoch(s)
2019-10-08 18:46:59,481:INFO: First, loading the teacher model and computing its outputs...
2019-10-08 18:47:06,816:INFO: - Finished computing teacher outputs after 8.0 secs..
2019-10-08 18:47:06,816:INFO: Epoch 1/30
2019-10-08 18:47:08,740:INFO: - Train metrics: loss: 1.623 ; accuracy: 0.377
2019-10-08 18:47:09,108:INFO: - Eval metrics : loss: 0.000 ; accuracy: 0.635
2019-10-08 18:47:09,116:INFO: - Found new best accuracy
2019-10-08 18:47:09,116:INFO: Epoch 2/30
2019-10-08 18:47:11,060:INFO: - Train metrics: loss: 1.139 ; accuracy: 0.592
2019-10-08 18:47:11,421:INFO: - Eval metrics : loss: 0.000 ; accuracy: 0.676
2019-10-08 18:47:11,445:INFO: - Found new best accuracy
2019-10-08 18:47:11,445:INFO: Epoch 3/30
2019-10-08 18:47:13,316:INFO: - Train metrics: loss: 0.990 ; accuracy: 0.625
2019-10-08 18:47:13,665:INFO: - Eval metrics : loss: 0.000 ; accuracy: 0.713
2019-10-08 18:47:13,687:INFO: - Found new best accuracy
2019-10-08 18:47:13,687:INFO: Epoch 4/30
2019-10-08 18:47:15,618:INFO: - Train metrics: loss: 0.936 ; accuracy: 0.664
2019-10-08 18:47:15,988:INFO: - Eval metrics : loss: 0.000 ; accuracy: 0.721
2019-10-08 18:47:16,010:INFO: - Found new best accuracy
2019-10-08 18:47:16,011:INFO: Epoch 5/30
2019-10-08 18:47:17,886:INFO: - Train metrics: loss: 0.892 ; accuracy: 0.695
2019-10-08 18:47:18,258:INFO: - Eval metrics : loss: 0.000 ; accuracy: 0.753
2019-10-08 18:47:18,282:INFO: - Found new best accuracy
2019-10-08 18:47:18,282:INFO: Epoch 6/30
2019-10-08 18:47:20,138:INFO: - Train metrics: loss: 0.816 ; accuracy: 0.727
2019-10-08 18:47:20,483:INFO: - Eval metrics : loss: 0.000 ; accuracy: 0.771
2019-10-08 18:47:20,505:INFO: - Found new best accuracy
2019-10-08 18:47:20,506:INFO: Epoch 7/30
2019-10-08 18:47:22,400:INFO: - Train metrics: loss: 0.735 ; accuracy: 0.748
2019-10-08 18:47:22,760:INFO: - Eval metrics : loss: 0.000 ; accuracy: 0.770
2019-10-08 18:47:22,766:INFO: Epoch 8/30
2019-10-08 18:47:24,701:INFO: - Train metrics: loss: 0.805 ; accuracy: 0.742
2019-10-08 18:47:25,049:INFO: - Eval metrics : loss: 0.000 ; accuracy: 0.779
2019-10-08 18:47:25,072:INFO: - Found new best accuracy
2019-10-08 18:47:25,073:INFO: Epoch 9/30
2019-10-08 18:47:26,923:INFO: - Train metrics: loss: 0.779 ; accuracy: 0.727
2019-10-08 18:47:27,282:INFO: - Eval metrics : loss: 0.000 ; accuracy: 0.785
2019-10-08 18:47:27,304:INFO: - Found new best accuracy
2019-10-08 18:47:27,304:INFO: Epoch 10/30
2019-10-08 18:47:29,229:INFO: - Train metrics: loss: 0.695 ; accuracy: 0.773
2019-10-08 18:47:29,579:INFO: - Eval metrics : loss: 0.000 ; accuracy: 0.786
2019-10-08 18:47:29,601:INFO: - Found new best accuracy
2019-10-08 18:47:29,601:INFO: Epoch 11/30
2019-10-08 18:47:31,503:INFO: - Train metrics: loss: 0.708 ; accuracy: 0.748
2019-10-08 18:47:31,859:INFO: - Eval metrics : loss: 0.000 ; accuracy: 0.795
2019-10-08 18:47:31,881:INFO: - Found new best accuracy
2019-10-08 18:47:31,881:INFO: Epoch 12/30
2019-10-08 18:47:33,789:INFO: - Train metrics: loss: 0.696 ; accuracy: 0.789
2019-10-08 18:47:34,116:INFO: - Eval metrics : loss: 0.000 ; accuracy: 0.805
2019-10-08 18:47:34,140:INFO: - Found new best accuracy
2019-10-08 18:47:34,140:INFO: Epoch 13/30
2019-10-08 18:47:35,977:INFO: - Train metrics: loss: 0.648 ; accuracy: 0.801
2019-10-08 18:47:36,345:INFO: - Eval metrics : loss: 0.000 ; accuracy: 0.790
2019-10-08 18:47:36,353:INFO: Epoch 14/30
2019-10-08 18:47:38,290:INFO: - Train metrics: loss: 0.628 ; accuracy: 0.787
2019-10-08 18:47:38,668:INFO: - Eval metrics : loss: 0.000 ; accuracy: 0.800
2019-10-08 18:47:38,675:INFO: Epoch 15/30
2019-10-08 18:47:40,547:INFO: - Train metrics: loss: 0.606 ; accuracy: 0.799
2019-10-08 18:47:40,906:INFO: - Eval metrics : loss: 0.000 ; accuracy: 0.803
2019-10-08 18:47:40,914:INFO: Epoch 16/30
2019-10-08 18:47:42,866:INFO: - Train metrics: loss: 0.642 ; accuracy: 0.779
2019-10-08 18:47:43,242:INFO: - Eval metrics : loss: 0.000 ; accuracy: 0.811
2019-10-08 18:47:43,265:INFO: - Found new best accuracy
2019-10-08 18:47:43,265:INFO: Epoch 17/30
2019-10-08 18:47:45,160:INFO: - Train metrics: loss: 0.608 ; accuracy: 0.811
2019-10-08 18:47:45,514:INFO: - Eval metrics : loss: 0.000 ; accuracy: 0.818
2019-10-08 18:47:45,536:INFO: - Found new best accuracy
2019-10-08 18:47:45,536:INFO: Epoch 18/30
2019-10-08 18:47:47,490:INFO: - Train metrics: loss: 0.601 ; accuracy: 0.809
2019-10-08 18:47:47,839:INFO: - Eval metrics : loss: 0.000 ; accuracy: 0.819
2019-10-08 18:47:47,861:INFO: - Found new best accuracy
2019-10-08 18:47:47,861:INFO: Epoch 19/30
2019-10-08 18:47:49,813:INFO: - Train metrics: loss: 0.549 ; accuracy: 0.830
2019-10-08 18:47:50,159:INFO: - Eval metrics : loss: 0.000 ; accuracy: 0.820
2019-10-08 18:47:50,181:INFO: - Found new best accuracy
2019-10-08 18:47:50,181:INFO: Epoch 20/30
2019-10-08 18:47:52,153:INFO: - Train metrics: loss: 0.564 ; accuracy: 0.814
2019-10-08 18:47:52,514:INFO: - Eval metrics : loss: 0.000 ; accuracy: 0.821
2019-10-08 18:47:52,540:INFO: - Found new best accuracy
2019-10-08 18:47:52,540:INFO: Epoch 21/30
2019-10-08 18:47:54,476:INFO: - Train metrics: loss: 0.556 ; accuracy: 0.828
2019-10-08 18:47:54,828:INFO: - Eval metrics : loss: 0.000 ; accuracy: 0.818
2019-10-08 18:47:54,834:INFO: Epoch 22/30
2019-10-08 18:47:56,780:INFO: - Train metrics: loss: 0.579 ; accuracy: 0.809
2019-10-08 18:47:57,148:INFO: - Eval metrics : loss: 0.000 ; accuracy: 0.815
2019-10-08 18:47:57,156:INFO: Epoch 23/30
2019-10-08 18:47:59,105:INFO: - Train metrics: loss: 0.538 ; accuracy: 0.820
2019-10-08 18:47:59,478:INFO: - Eval metrics : loss: 0.000 ; accuracy: 0.821
2019-10-08 18:47:59,484:INFO: Epoch 24/30
2019-10-08 18:48:01,428:INFO: - Train metrics: loss: 0.539 ; accuracy: 0.834
2019-10-08 18:48:01,778:INFO: - Eval metrics : loss: 0.000 ; accuracy: 0.830
2019-10-08 18:48:01,800:INFO: - Found new best accuracy
2019-10-08 18:48:01,801:INFO: Epoch 25/30
2019-10-08 18:48:03,689:INFO: - Train metrics: loss: 0.542 ; accuracy: 0.842
2019-10-08 18:48:04,037:INFO: - Eval metrics : loss: 0.000 ; accuracy: 0.836
2019-10-08 18:48:04,059:INFO: - Found new best accuracy
2019-10-08 18:48:04,059:INFO: Epoch 26/30
2019-10-08 18:48:05,982:INFO: - Train metrics: loss: 0.557 ; accuracy: 0.814
2019-10-08 18:48:06,363:INFO: - Eval metrics : loss: 0.000 ; accuracy: 0.823
2019-10-08 18:48:06,369:INFO: Epoch 27/30
2019-10-08 18:48:08,245:INFO: - Train metrics: loss: 0.587 ; accuracy: 0.822
2019-10-08 18:48:08,613:INFO: - Eval metrics : loss: 0.000 ; accuracy: 0.829
2019-10-08 18:48:08,619:INFO: Epoch 28/30
2019-10-08 18:48:10,527:INFO: - Train metrics: loss: 0.546 ; accuracy: 0.846
2019-10-08 18:48:10,899:INFO: - Eval metrics : loss: 0.000 ; accuracy: 0.837
2019-10-08 18:48:10,908:INFO: - Found new best accuracy
2019-10-08 18:48:10,909:INFO: Epoch 29/30
2019-10-08 18:48:12,855:INFO: - Train metrics: loss: 0.566 ; accuracy: 0.828
2019-10-08 18:48:13,214:INFO: - Eval metrics : loss: 0.000 ; accuracy: 0.834
2019-10-08 18:48:13,222:INFO: Epoch 30/30
2019-10-08 18:48:15,166:INFO: - Train metrics: loss: 0.627 ; accuracy: 0.812
2019-10-08 18:48:15,515:INFO: - Eval metrics : loss: 0.000 ; accuracy: 0.834
