2019-10-08 18:12:43,533:INFO: Loading the datasets...
2019-10-08 18:12:45,545:INFO: - done.
2019-10-08 18:12:47,250:INFO: Experiment - model version: cnn_distill
2019-10-08 18:12:47,250:INFO: Starting training for 30 epoch(s)
2019-10-08 18:12:47,250:INFO: First, loading the teacher model and computing its outputs...
2019-10-08 18:12:54,558:INFO: - Finished computing teacher outputs after 8.0 secs..
2019-10-08 18:12:54,559:INFO: Epoch 1/30
2019-10-08 18:12:56,490:INFO: - Train metrics: loss: 1.294 ; accuracy: 0.221
2019-10-08 18:12:56,925:INFO: - Eval metrics : loss: 0.000 ; accuracy: 0.369
2019-10-08 18:12:56,936:INFO: - Found new best accuracy
2019-10-08 18:12:56,937:INFO: Epoch 2/30
2019-10-08 18:12:58,936:INFO: - Train metrics: loss: 1.285 ; accuracy: 0.344
2019-10-08 18:12:59,270:INFO: - Eval metrics : loss: 0.000 ; accuracy: 0.430
2019-10-08 18:12:59,279:INFO: - Found new best accuracy
2019-10-08 18:12:59,279:INFO: Epoch 3/30
2019-10-08 18:13:01,199:INFO: - Train metrics: loss: 1.294 ; accuracy: 0.400
2019-10-08 18:13:01,552:INFO: - Eval metrics : loss: 0.000 ; accuracy: 0.476
2019-10-08 18:13:01,562:INFO: - Found new best accuracy
2019-10-08 18:13:01,574:INFO: Epoch 4/30
2019-10-08 18:13:03,500:INFO: - Train metrics: loss: 1.292 ; accuracy: 0.441
2019-10-08 18:13:03,841:INFO: - Eval metrics : loss: 0.000 ; accuracy: 0.519
2019-10-08 18:13:03,863:INFO: - Found new best accuracy
2019-10-08 18:13:03,863:INFO: Epoch 5/30
2019-10-08 18:13:05,759:INFO: - Train metrics: loss: 1.291 ; accuracy: 0.473
2019-10-08 18:13:06,134:INFO: - Eval metrics : loss: 0.000 ; accuracy: 0.523
2019-10-08 18:13:06,146:INFO: - Found new best accuracy
2019-10-08 18:13:06,147:INFO: Epoch 6/30
2019-10-08 18:13:08,122:INFO: - Train metrics: loss: 1.276 ; accuracy: 0.465
2019-10-08 18:13:08,469:INFO: - Eval metrics : loss: 0.000 ; accuracy: 0.547
2019-10-08 18:13:08,491:INFO: - Found new best accuracy
2019-10-08 18:13:08,491:INFO: Epoch 7/30
2019-10-08 18:13:10,380:INFO: - Train metrics: loss: 1.284 ; accuracy: 0.518
2019-10-08 18:13:10,709:INFO: - Eval metrics : loss: 0.000 ; accuracy: 0.545
2019-10-08 18:13:10,728:INFO: Epoch 8/30
2019-10-08 18:13:12,635:INFO: - Train metrics: loss: 1.281 ; accuracy: 0.500
2019-10-08 18:13:12,987:INFO: - Eval metrics : loss: 0.000 ; accuracy: 0.583
2019-10-08 18:13:13,011:INFO: - Found new best accuracy
2019-10-08 18:13:13,012:INFO: Epoch 9/30
2019-10-08 18:13:14,915:INFO: - Train metrics: loss: 1.289 ; accuracy: 0.514
2019-10-08 18:13:15,249:INFO: - Eval metrics : loss: 0.000 ; accuracy: 0.618
2019-10-08 18:13:15,274:INFO: - Found new best accuracy
2019-10-08 18:13:15,274:INFO: Epoch 10/30
2019-10-08 18:13:17,192:INFO: - Train metrics: loss: 1.281 ; accuracy: 0.570
2019-10-08 18:13:17,535:INFO: - Eval metrics : loss: 0.000 ; accuracy: 0.588
2019-10-08 18:13:17,543:INFO: Epoch 11/30
2019-10-08 18:13:19,483:INFO: - Train metrics: loss: 1.276 ; accuracy: 0.535
2019-10-08 18:13:19,839:INFO: - Eval metrics : loss: 0.000 ; accuracy: 0.621
2019-10-08 18:13:19,853:INFO: - Found new best accuracy
2019-10-08 18:13:19,853:INFO: Epoch 12/30
2019-10-08 18:13:21,766:INFO: - Train metrics: loss: 1.276 ; accuracy: 0.576
2019-10-08 18:13:22,119:INFO: - Eval metrics : loss: 0.000 ; accuracy: 0.612
2019-10-08 18:13:22,125:INFO: Epoch 13/30
2019-10-08 18:13:24,042:INFO: - Train metrics: loss: 1.278 ; accuracy: 0.596
2019-10-08 18:13:24,374:INFO: - Eval metrics : loss: 0.000 ; accuracy: 0.617
2019-10-08 18:13:24,380:INFO: Epoch 14/30
2019-10-08 18:13:26,285:INFO: - Train metrics: loss: 1.277 ; accuracy: 0.561
2019-10-08 18:13:26,638:INFO: - Eval metrics : loss: 0.000 ; accuracy: 0.651
2019-10-08 18:13:26,662:INFO: - Found new best accuracy
2019-10-08 18:13:26,663:INFO: Epoch 15/30
2019-10-08 18:13:28,469:INFO: - Train metrics: loss: 1.276 ; accuracy: 0.604
2019-10-08 18:13:28,817:INFO: - Eval metrics : loss: 0.000 ; accuracy: 0.659
2019-10-08 18:13:28,829:INFO: - Found new best accuracy
2019-10-08 18:13:28,830:INFO: Epoch 16/30
2019-10-08 18:13:30,734:INFO: - Train metrics: loss: 1.280 ; accuracy: 0.611
2019-10-08 18:13:31,064:INFO: - Eval metrics : loss: 0.000 ; accuracy: 0.666
2019-10-08 18:13:31,073:INFO: - Found new best accuracy
2019-10-08 18:13:31,086:INFO: Epoch 17/30
2019-10-08 18:13:32,938:INFO: - Train metrics: loss: 1.278 ; accuracy: 0.658
2019-10-08 18:13:33,288:INFO: - Eval metrics : loss: 0.000 ; accuracy: 0.660
2019-10-08 18:13:33,295:INFO: Epoch 18/30
2019-10-08 18:13:35,241:INFO: - Train metrics: loss: 1.277 ; accuracy: 0.650
2019-10-08 18:13:35,604:INFO: - Eval metrics : loss: 0.000 ; accuracy: 0.668
2019-10-08 18:13:35,614:INFO: - Found new best accuracy
2019-10-08 18:13:35,614:INFO: Epoch 19/30
2019-10-08 18:13:37,589:INFO: - Train metrics: loss: 1.273 ; accuracy: 0.623
2019-10-08 18:13:37,917:INFO: - Eval metrics : loss: 0.000 ; accuracy: 0.671
2019-10-08 18:13:37,927:INFO: - Found new best accuracy
2019-10-08 18:13:37,940:INFO: Epoch 20/30
2019-10-08 18:13:39,850:INFO: - Train metrics: loss: 1.276 ; accuracy: 0.600
2019-10-08 18:13:40,191:INFO: - Eval metrics : loss: 0.000 ; accuracy: 0.673
2019-10-08 18:13:40,201:INFO: - Found new best accuracy
2019-10-08 18:13:40,201:INFO: Epoch 21/30
2019-10-08 18:13:42,155:INFO: - Train metrics: loss: 1.271 ; accuracy: 0.643
2019-10-08 18:13:42,500:INFO: - Eval metrics : loss: 0.000 ; accuracy: 0.682
2019-10-08 18:13:42,513:INFO: - Found new best accuracy
2019-10-08 18:13:42,525:INFO: Epoch 22/30
2019-10-08 18:13:44,444:INFO: - Train metrics: loss: 1.280 ; accuracy: 0.592
2019-10-08 18:13:44,782:INFO: - Eval metrics : loss: 0.000 ; accuracy: 0.685
2019-10-08 18:13:44,791:INFO: - Found new best accuracy
2019-10-08 18:13:44,804:INFO: Epoch 23/30
2019-10-08 18:13:46,683:INFO: - Train metrics: loss: 1.280 ; accuracy: 0.635
2019-10-08 18:13:47,026:INFO: - Eval metrics : loss: 0.000 ; accuracy: 0.696
2019-10-08 18:13:47,038:INFO: - Found new best accuracy
2019-10-08 18:13:47,050:INFO: Epoch 24/30
2019-10-08 18:13:48,990:INFO: - Train metrics: loss: 1.268 ; accuracy: 0.664
2019-10-08 18:13:49,332:INFO: - Eval metrics : loss: 0.000 ; accuracy: 0.691
2019-10-08 18:13:49,340:INFO: Epoch 25/30
2019-10-08 18:13:51,351:INFO: - Train metrics: loss: 1.278 ; accuracy: 0.650
2019-10-08 18:13:51,718:INFO: - Eval metrics : loss: 0.000 ; accuracy: 0.689
2019-10-08 18:13:51,724:INFO: Epoch 26/30
2019-10-08 18:13:53,654:INFO: - Train metrics: loss: 1.269 ; accuracy: 0.678
2019-10-08 18:13:53,986:INFO: - Eval metrics : loss: 0.000 ; accuracy: 0.696
2019-10-08 18:13:53,998:INFO: - Found new best accuracy
2019-10-08 18:13:53,999:INFO: Epoch 27/30
2019-10-08 18:13:56,085:INFO: - Train metrics: loss: 1.272 ; accuracy: 0.617
2019-10-08 18:13:56,458:INFO: - Eval metrics : loss: 0.000 ; accuracy: 0.704
2019-10-08 18:13:56,468:INFO: - Found new best accuracy
2019-10-08 18:13:56,481:INFO: Epoch 28/30
2019-10-08 18:13:58,314:INFO: - Train metrics: loss: 1.269 ; accuracy: 0.674
2019-10-08 18:13:58,657:INFO: - Eval metrics : loss: 0.000 ; accuracy: 0.689
2019-10-08 18:13:58,678:INFO: Epoch 29/30
2019-10-08 18:14:00,650:INFO: - Train metrics: loss: 1.285 ; accuracy: 0.635
2019-10-08 18:14:00,987:INFO: - Eval metrics : loss: 0.000 ; accuracy: 0.708
2019-10-08 18:14:00,997:INFO: - Found new best accuracy
2019-10-08 18:14:00,997:INFO: Epoch 30/30
2019-10-08 18:14:02,916:INFO: - Train metrics: loss: 1.279 ; accuracy: 0.645
2019-10-08 18:14:03,248:INFO: - Eval metrics : loss: 0.000 ; accuracy: 0.712
2019-10-08 18:14:03,258:INFO: - Found new best accuracy
