2018-03-09 12:18:02,702:INFO: Loading the datasets...
2018-03-09 12:18:06,068:INFO: - done.
2018-03-09 12:22:53,512:INFO: Loading the datasets...
2018-03-09 12:22:56,898:INFO: - done.
2018-03-09 12:22:57,110:INFO: Starting training for 30 epoch(s)
2018-03-09 12:22:57,110:INFO: Epoch 1/30
2018-03-09 12:27:22,093:INFO: Loading the datasets...
2018-03-09 12:27:25,487:INFO: - done.
2018-03-09 12:27:25,668:INFO: Starting training for 30 epoch(s)
2018-03-09 12:27:25,668:INFO: Epoch 1/30
2018-03-09 12:32:16,080:INFO: Loading the datasets...
2018-03-09 12:32:19,529:INFO: - done.
2018-03-09 12:32:19,721:INFO: Starting training for 30 epoch(s)
2018-03-09 12:32:19,721:INFO: Epoch 1/30
2018-03-09 12:53:53,299:INFO: - Train metrics: accuracy: 0.434 ; loss: 0.741
2018-03-10 02:53:06,426:INFO: Loading the datasets...
2018-03-10 02:53:10,050:INFO: - done.
2018-03-10 02:53:12,594:INFO: Starting training for 30 epoch(s)
2018-03-10 02:53:12,594:INFO: Epoch 1/30
2018-03-10 02:54:09,604:INFO: - Train metrics: accuracy: 0.369 ; loss: 0.788
2018-03-10 02:54:10,411:INFO: - Eval metrics : accuracy: 0.595 ; loss: 0.000
2018-03-10 02:54:10,430:INFO: - Found new best accuracy
2018-03-10 02:54:10,431:INFO: Epoch 2/30
2018-03-10 02:55:07,436:INFO: - Train metrics: accuracy: 0.604 ; loss: 0.585
2018-03-10 02:55:08,249:INFO: - Eval metrics : accuracy: 0.694 ; loss: 0.000
2018-03-10 02:55:08,277:INFO: - Found new best accuracy
2018-03-10 02:55:08,278:INFO: Epoch 3/30
2018-03-10 02:56:05,784:INFO: - Train metrics: accuracy: 0.648 ; loss: 0.547
2018-03-10 02:56:06,635:INFO: - Eval metrics : accuracy: 0.724 ; loss: 0.000
2018-03-10 02:56:06,663:INFO: - Found new best accuracy
2018-03-10 02:56:06,664:INFO: Epoch 4/30
2018-03-10 02:57:04,329:INFO: - Train metrics: accuracy: 0.672 ; loss: 0.529
2018-03-10 02:57:05,133:INFO: - Eval metrics : accuracy: 0.740 ; loss: 0.000
2018-03-10 02:57:05,163:INFO: - Found new best accuracy
2018-03-10 02:57:05,164:INFO: Epoch 5/30
2018-03-10 02:58:03,131:INFO: - Train metrics: accuracy: 0.709 ; loss: 0.495
2018-03-10 02:58:03,944:INFO: - Eval metrics : accuracy: 0.759 ; loss: 0.000
2018-03-10 02:58:03,974:INFO: - Found new best accuracy
2018-03-10 02:58:03,976:INFO: Epoch 6/30
2018-03-10 02:59:02,067:INFO: - Train metrics: accuracy: 0.678 ; loss: 0.498
2018-03-10 02:59:02,902:INFO: - Eval metrics : accuracy: 0.747 ; loss: 0.000
2018-03-10 02:59:02,914:INFO: Epoch 7/30
2018-03-10 03:00:01,121:INFO: - Train metrics: accuracy: 0.752 ; loss: 0.491
2018-03-10 03:00:01,953:INFO: - Eval metrics : accuracy: 0.774 ; loss: 0.000
2018-03-10 03:00:01,981:INFO: - Found new best accuracy
2018-03-10 03:00:01,983:INFO: Epoch 8/30
2018-03-10 03:00:59,996:INFO: - Train metrics: accuracy: 0.760 ; loss: 0.488
2018-03-10 03:01:00,783:INFO: - Eval metrics : accuracy: 0.782 ; loss: 0.000
2018-03-10 03:01:00,824:INFO: - Found new best accuracy
2018-03-10 03:01:00,825:INFO: Epoch 9/30
2018-03-10 03:01:58,841:INFO: - Train metrics: accuracy: 0.764 ; loss: 0.475
2018-03-10 03:01:59,645:INFO: - Eval metrics : accuracy: 0.795 ; loss: 0.000
2018-03-10 03:01:59,675:INFO: - Found new best accuracy
2018-03-10 03:01:59,676:INFO: Epoch 10/30
2018-03-10 03:02:57,596:INFO: - Train metrics: accuracy: 0.756 ; loss: 0.461
2018-03-10 03:02:58,396:INFO: - Eval metrics : accuracy: 0.791 ; loss: 0.000
2018-03-10 03:02:58,414:INFO: Epoch 11/30
2018-03-10 03:03:56,468:INFO: - Train metrics: accuracy: 0.791 ; loss: 0.466
2018-03-10 03:03:57,280:INFO: - Eval metrics : accuracy: 0.804 ; loss: 0.000
2018-03-10 03:03:57,306:INFO: - Found new best accuracy
2018-03-10 03:03:57,307:INFO: Epoch 12/30
2018-03-10 03:04:55,404:INFO: - Train metrics: accuracy: 0.824 ; loss: 0.438
2018-03-10 03:04:56,227:INFO: - Eval metrics : accuracy: 0.801 ; loss: 0.000
2018-03-10 03:04:56,244:INFO: Epoch 13/30
2018-03-10 03:05:54,242:INFO: - Train metrics: accuracy: 0.752 ; loss: 0.451
2018-03-10 03:05:55,034:INFO: - Eval metrics : accuracy: 0.812 ; loss: 0.000
2018-03-10 03:05:55,063:INFO: - Found new best accuracy
2018-03-10 03:05:55,064:INFO: Epoch 14/30
2018-03-10 03:06:53,049:INFO: - Train metrics: accuracy: 0.797 ; loss: 0.431
2018-03-10 03:06:53,856:INFO: - Eval metrics : accuracy: 0.809 ; loss: 0.000
2018-03-10 03:06:53,873:INFO: Epoch 15/30
2018-03-10 03:07:51,991:INFO: - Train metrics: accuracy: 0.795 ; loss: 0.439
2018-03-10 03:07:52,796:INFO: - Eval metrics : accuracy: 0.817 ; loss: 0.000
2018-03-10 03:07:52,824:INFO: - Found new best accuracy
2018-03-10 03:07:52,824:INFO: Epoch 16/30
2018-03-10 03:08:50,832:INFO: - Train metrics: accuracy: 0.820 ; loss: 0.439
2018-03-10 03:08:51,626:INFO: - Eval metrics : accuracy: 0.819 ; loss: 0.000
2018-03-10 03:08:51,654:INFO: - Found new best accuracy
2018-03-10 03:08:51,656:INFO: Epoch 17/30
2018-03-10 03:09:49,703:INFO: - Train metrics: accuracy: 0.812 ; loss: 0.419
2018-03-10 03:09:50,512:INFO: - Eval metrics : accuracy: 0.819 ; loss: 0.000
2018-03-10 03:09:50,540:INFO: - Found new best accuracy
2018-03-10 03:09:50,540:INFO: Epoch 18/30
2018-03-10 03:10:48,512:INFO: - Train metrics: accuracy: 0.805 ; loss: 0.423
2018-03-10 03:10:49,336:INFO: - Eval metrics : accuracy: 0.813 ; loss: 0.000
2018-03-10 03:10:49,353:INFO: Epoch 19/30
2018-03-10 03:11:47,476:INFO: - Train metrics: accuracy: 0.803 ; loss: 0.444
2018-03-10 03:11:48,284:INFO: - Eval metrics : accuracy: 0.816 ; loss: 0.000
2018-03-10 03:11:48,300:INFO: Epoch 20/30
2018-03-10 03:12:46,290:INFO: - Train metrics: accuracy: 0.828 ; loss: 0.454
2018-03-10 03:12:47,116:INFO: - Eval metrics : accuracy: 0.832 ; loss: 0.000
2018-03-10 03:12:47,144:INFO: - Found new best accuracy
2018-03-10 03:12:47,144:INFO: Epoch 21/30
2018-03-10 03:13:45,146:INFO: - Train metrics: accuracy: 0.793 ; loss: 0.450
2018-03-10 03:13:45,964:INFO: - Eval metrics : accuracy: 0.828 ; loss: 0.000
2018-03-10 03:13:45,982:INFO: Epoch 22/30
2018-03-10 03:14:44,082:INFO: - Train metrics: accuracy: 0.793 ; loss: 0.454
2018-03-10 03:14:44,891:INFO: - Eval metrics : accuracy: 0.835 ; loss: 0.000
2018-03-10 03:14:44,919:INFO: - Found new best accuracy
2018-03-10 03:14:44,919:INFO: Epoch 23/30
2018-03-10 03:15:42,919:INFO: - Train metrics: accuracy: 0.826 ; loss: 0.458
2018-03-10 03:15:43,723:INFO: - Eval metrics : accuracy: 0.823 ; loss: 0.000
2018-03-10 03:15:43,738:INFO: Epoch 24/30
2018-03-10 03:16:41,764:INFO: - Train metrics: accuracy: 0.814 ; loss: 0.436
2018-03-10 03:16:42,579:INFO: - Eval metrics : accuracy: 0.826 ; loss: 0.000
2018-03-10 03:16:42,596:INFO: Epoch 25/30
2018-03-10 03:17:40,615:INFO: - Train metrics: accuracy: 0.824 ; loss: 0.439
2018-03-10 03:17:41,434:INFO: - Eval metrics : accuracy: 0.829 ; loss: 0.000
2018-03-10 03:17:41,450:INFO: Epoch 26/30
2018-03-10 03:18:39,450:INFO: - Train metrics: accuracy: 0.826 ; loss: 0.431
2018-03-10 03:18:40,251:INFO: - Eval metrics : accuracy: 0.828 ; loss: 0.000
2018-03-10 03:18:40,267:INFO: Epoch 27/30
2018-03-10 03:19:38,306:INFO: - Train metrics: accuracy: 0.857 ; loss: 0.421
2018-03-10 03:19:39,128:INFO: - Eval metrics : accuracy: 0.838 ; loss: 0.000
2018-03-10 03:19:39,156:INFO: - Found new best accuracy
2018-03-10 03:19:39,158:INFO: Epoch 28/30
2018-03-10 03:20:37,248:INFO: - Train metrics: accuracy: 0.832 ; loss: 0.447
2018-03-10 03:20:38,068:INFO: - Eval metrics : accuracy: 0.838 ; loss: 0.000
2018-03-10 03:20:38,085:INFO: Epoch 29/30
2018-03-10 03:21:36,184:INFO: - Train metrics: accuracy: 0.830 ; loss: 0.449
2018-03-10 03:21:37,014:INFO: - Eval metrics : accuracy: 0.839 ; loss: 0.000
2018-03-10 03:21:37,041:INFO: - Found new best accuracy
2018-03-10 03:21:37,042:INFO: Epoch 30/30
2018-03-10 03:22:35,042:INFO: - Train metrics: accuracy: 0.850 ; loss: 0.428
2018-03-10 03:22:35,872:INFO: - Eval metrics : accuracy: 0.842 ; loss: 0.000
2018-03-10 03:22:35,900:INFO: - Found new best accuracy
2018-03-10 06:50:16,323:INFO: Loading the datasets...
2018-03-10 06:50:19,927:INFO: - done.
2018-03-10 06:50:22,441:INFO: Starting training for 30 epoch(s)
2018-03-10 06:50:22,442:INFO: Epoch 1/30
2018-03-10 06:51:19,821:INFO: - Train metrics: accuracy: 0.357 ; loss: 0.792
2018-03-10 06:51:20,650:INFO: - Eval metrics : accuracy: 0.589 ; loss: 0.000
2018-03-10 06:51:20,685:INFO: - Found new best accuracy
2018-03-10 06:51:20,685:INFO: Epoch 2/30
2018-03-10 06:52:17,802:INFO: - Train metrics: accuracy: 0.592 ; loss: 0.599
2018-03-10 06:52:18,605:INFO: - Eval metrics : accuracy: 0.690 ; loss: 0.000
2018-03-10 06:52:18,634:INFO: - Found new best accuracy
2018-03-10 06:52:18,634:INFO: Epoch 3/30
2018-03-10 06:53:16,412:INFO: - Train metrics: accuracy: 0.633 ; loss: 0.557
2018-03-10 06:53:17,217:INFO: - Eval metrics : accuracy: 0.721 ; loss: 0.000
2018-03-10 06:53:17,252:INFO: - Found new best accuracy
2018-03-10 06:53:17,252:INFO: Epoch 4/30
2018-03-10 06:54:14,961:INFO: - Train metrics: accuracy: 0.680 ; loss: 0.521
2018-03-10 06:54:15,787:INFO: - Eval metrics : accuracy: 0.740 ; loss: 0.000
2018-03-10 06:54:15,828:INFO: - Found new best accuracy
2018-03-10 06:54:15,828:INFO: Epoch 5/30
2018-03-10 06:55:15,103:INFO: - Train metrics: accuracy: 0.703 ; loss: 0.495
2018-03-10 06:55:16,931:INFO: - Eval metrics : accuracy: 0.752 ; loss: 0.000
2018-03-10 06:55:16,978:INFO: - Found new best accuracy
2018-03-10 06:55:16,979:INFO: Epoch 6/30
2018-03-10 06:56:57,460:INFO: - Train metrics: accuracy: 0.695 ; loss: 0.495
2018-03-10 06:56:59,023:INFO: - Eval metrics : accuracy: 0.769 ; loss: 0.000
2018-03-10 06:56:59,085:INFO: - Found new best accuracy
2018-03-10 06:56:59,085:INFO: Epoch 7/30
2018-03-10 06:58:39,095:INFO: - Train metrics: accuracy: 0.730 ; loss: 0.484
2018-03-10 06:58:40,557:INFO: - Eval metrics : accuracy: 0.777 ; loss: 0.000
2018-03-10 06:58:40,591:INFO: - Found new best accuracy
2018-03-10 06:58:40,592:INFO: Epoch 8/30
2018-03-10 07:00:20,549:INFO: - Train metrics: accuracy: 0.760 ; loss: 0.478
2018-03-10 07:00:22,121:INFO: - Eval metrics : accuracy: 0.778 ; loss: 0.000
2018-03-10 07:00:22,161:INFO: - Found new best accuracy
2018-03-10 07:00:22,162:INFO: Epoch 9/30
2018-03-10 07:02:02,496:INFO: - Train metrics: accuracy: 0.783 ; loss: 0.460
2018-03-10 07:02:04,346:INFO: - Eval metrics : accuracy: 0.794 ; loss: 0.000
2018-03-10 07:02:04,391:INFO: - Found new best accuracy
2018-03-10 07:02:04,392:INFO: Epoch 10/30
2018-03-10 07:03:44,676:INFO: - Train metrics: accuracy: 0.738 ; loss: 0.463
2018-03-10 07:03:46,177:INFO: - Eval metrics : accuracy: 0.805 ; loss: 0.000
2018-03-10 07:03:46,207:INFO: - Found new best accuracy
2018-03-10 07:03:46,208:INFO: Epoch 11/30
2018-03-10 07:05:08,904:INFO: - Train metrics: accuracy: 0.793 ; loss: 0.457
2018-03-10 07:05:09,723:INFO: - Eval metrics : accuracy: 0.787 ; loss: 0.000
2018-03-10 07:05:09,736:INFO: Epoch 12/30
2018-03-10 07:06:07,600:INFO: - Train metrics: accuracy: 0.824 ; loss: 0.439
2018-03-10 07:06:08,432:INFO: - Eval metrics : accuracy: 0.803 ; loss: 0.000
2018-03-10 07:06:08,447:INFO: Epoch 13/30
2018-03-10 07:07:06,314:INFO: - Train metrics: accuracy: 0.791 ; loss: 0.462
2018-03-10 07:07:07,166:INFO: - Eval metrics : accuracy: 0.798 ; loss: 0.000
2018-03-10 07:07:07,187:INFO: Epoch 14/30
2018-03-10 07:08:05,125:INFO: - Train metrics: accuracy: 0.801 ; loss: 0.433
2018-03-10 07:08:05,958:INFO: - Eval metrics : accuracy: 0.806 ; loss: 0.000
2018-03-10 07:08:05,987:INFO: - Found new best accuracy
2018-03-10 07:08:05,987:INFO: Epoch 15/30
2018-03-10 07:09:03,789:INFO: - Train metrics: accuracy: 0.805 ; loss: 0.447
2018-03-10 07:09:04,644:INFO: - Eval metrics : accuracy: 0.811 ; loss: 0.000
2018-03-10 07:09:04,671:INFO: - Found new best accuracy
2018-03-10 07:09:04,671:INFO: Epoch 16/30
2018-03-10 07:10:02,516:INFO: - Train metrics: accuracy: 0.803 ; loss: 0.445
2018-03-10 07:10:03,379:INFO: - Eval metrics : accuracy: 0.811 ; loss: 0.000
2018-03-10 07:10:03,395:INFO: Epoch 17/30
2018-03-10 07:11:01,218:INFO: - Train metrics: accuracy: 0.818 ; loss: 0.415
2018-03-10 07:11:02,069:INFO: - Eval metrics : accuracy: 0.815 ; loss: 0.000
2018-03-10 07:11:02,097:INFO: - Found new best accuracy
2018-03-10 07:11:02,098:INFO: Epoch 18/30
2018-03-10 07:11:59,954:INFO: - Train metrics: accuracy: 0.826 ; loss: 0.431
2018-03-10 07:12:00,738:INFO: - Eval metrics : accuracy: 0.822 ; loss: 0.000
2018-03-10 07:12:00,766:INFO: - Found new best accuracy
2018-03-10 07:12:00,766:INFO: Epoch 19/30
2018-03-10 07:12:58,631:INFO: - Train metrics: accuracy: 0.805 ; loss: 0.447
2018-03-10 07:12:59,466:INFO: - Eval metrics : accuracy: 0.818 ; loss: 0.000
2018-03-10 07:12:59,482:INFO: Epoch 20/30
2018-03-10 07:13:57,302:INFO: - Train metrics: accuracy: 0.826 ; loss: 0.465
2018-03-10 07:13:58,132:INFO: - Eval metrics : accuracy: 0.824 ; loss: 0.000
2018-03-10 07:13:58,160:INFO: - Found new best accuracy
2018-03-10 07:13:58,160:INFO: Epoch 21/30
2018-03-10 07:14:56,017:INFO: - Train metrics: accuracy: 0.814 ; loss: 0.452
2018-03-10 07:14:56,831:INFO: - Eval metrics : accuracy: 0.812 ; loss: 0.000
2018-03-10 07:14:56,847:INFO: Epoch 22/30
2018-03-10 07:15:54,686:INFO: - Train metrics: accuracy: 0.801 ; loss: 0.468
2018-03-10 07:15:55,533:INFO: - Eval metrics : accuracy: 0.819 ; loss: 0.000
2018-03-10 07:15:55,554:INFO: Epoch 23/30
2018-03-10 07:16:53,444:INFO: - Train metrics: accuracy: 0.838 ; loss: 0.446
2018-03-10 07:16:54,271:INFO: - Eval metrics : accuracy: 0.825 ; loss: 0.000
2018-03-10 07:16:54,297:INFO: - Found new best accuracy
2018-03-10 07:16:54,298:INFO: Epoch 24/30
2018-03-10 07:17:52,129:INFO: - Train metrics: accuracy: 0.807 ; loss: 0.432
2018-03-10 07:17:52,954:INFO: - Eval metrics : accuracy: 0.830 ; loss: 0.000
2018-03-10 07:17:52,981:INFO: - Found new best accuracy
2018-03-10 07:17:52,983:INFO: Epoch 25/30
2018-03-10 07:18:50,821:INFO: - Train metrics: accuracy: 0.816 ; loss: 0.449
2018-03-10 07:18:51,657:INFO: - Eval metrics : accuracy: 0.827 ; loss: 0.000
2018-03-10 07:18:51,677:INFO: Epoch 26/30
2018-03-10 07:19:49,570:INFO: - Train metrics: accuracy: 0.828 ; loss: 0.437
2018-03-10 07:19:50,410:INFO: - Eval metrics : accuracy: 0.821 ; loss: 0.000
2018-03-10 07:19:50,427:INFO: Epoch 27/30
2018-03-10 07:20:48,246:INFO: - Train metrics: accuracy: 0.863 ; loss: 0.424
2018-03-10 07:20:49,068:INFO: - Eval metrics : accuracy: 0.833 ; loss: 0.000
2018-03-10 07:20:49,098:INFO: - Found new best accuracy
2018-03-10 07:20:49,099:INFO: Epoch 28/30
2018-03-10 07:21:47,035:INFO: - Train metrics: accuracy: 0.846 ; loss: 0.439
2018-03-10 07:21:47,865:INFO: - Eval metrics : accuracy: 0.832 ; loss: 0.000
2018-03-10 07:21:47,885:INFO: Epoch 29/30
2018-03-10 07:22:45,709:INFO: - Train metrics: accuracy: 0.814 ; loss: 0.458
2018-03-10 07:22:46,539:INFO: - Eval metrics : accuracy: 0.839 ; loss: 0.000
2018-03-10 07:22:46,567:INFO: - Found new best accuracy
2018-03-10 07:22:46,567:INFO: Epoch 30/30
2018-03-10 07:23:44,333:INFO: - Train metrics: accuracy: 0.830 ; loss: 0.445
2018-03-10 07:23:45,156:INFO: - Eval metrics : accuracy: 0.838 ; loss: 0.000
2019-10-08 15:32:53,472:INFO: Loading the datasets...
2019-10-08 15:36:39,306:INFO: - done.
2019-10-08 15:37:24,603:INFO: Loading the datasets...
2019-10-08 15:37:26,628:INFO: - done.
2019-10-08 15:39:04,089:INFO: Loading the datasets...
2019-10-08 15:39:06,081:INFO: - done.
2019-10-08 15:39:07,791:INFO: Experiment - model version: cnn_distill
2019-10-08 15:39:07,791:INFO: Starting training for 30 epoch(s)
2019-10-08 15:39:07,794:INFO: First, loading the teacher model and computing its outputs...
2019-10-08 15:39:16,161:INFO: - Finished computing teacher outputs after 9.0 secs..
2019-10-08 15:39:16,161:INFO: Epoch 1/30
2019-10-08 15:39:18,029:INFO: - Train metrics: loss: 1.009 ; accuracy: 0.316
2019-10-08 15:39:18,334:INFO: - Eval metrics : loss: 0.000 ; accuracy: 0.517
2019-10-08 15:39:18,344:INFO: - Found new best accuracy
2019-10-08 15:39:18,345:INFO: Epoch 2/30
2019-10-08 15:39:20,216:INFO: - Train metrics: loss: 0.985 ; accuracy: 0.496
2019-10-08 15:39:20,536:INFO: - Eval metrics : loss: 0.000 ; accuracy: 0.583
2019-10-08 15:39:20,561:INFO: - Found new best accuracy
2019-10-08 15:39:20,562:INFO: Epoch 3/30
2019-10-08 15:39:22,424:INFO: - Train metrics: loss: 0.981 ; accuracy: 0.564
2019-10-08 15:39:22,724:INFO: - Eval metrics : loss: 0.000 ; accuracy: 0.659
2019-10-08 15:39:22,733:INFO: - Found new best accuracy
2019-10-08 15:39:22,733:INFO: Epoch 4/30
2019-10-08 15:39:24,617:INFO: - Train metrics: loss: 0.977 ; accuracy: 0.598
2019-10-08 15:39:24,986:INFO: - Eval metrics : loss: 0.000 ; accuracy: 0.668
2019-10-08 15:39:24,997:INFO: - Found new best accuracy
2019-10-08 15:39:25,010:INFO: Epoch 5/30
2019-10-08 15:39:27,031:INFO: - Train metrics: loss: 0.968 ; accuracy: 0.629
2019-10-08 15:39:27,352:INFO: - Eval metrics : loss: 0.000 ; accuracy: 0.696
2019-10-08 15:39:27,375:INFO: - Found new best accuracy
2019-10-08 15:39:27,375:INFO: Epoch 6/30
2019-10-08 15:39:29,142:INFO: - Train metrics: loss: 0.953 ; accuracy: 0.662
2019-10-08 15:39:29,461:INFO: - Eval metrics : loss: 0.000 ; accuracy: 0.706
2019-10-08 15:39:29,474:INFO: - Found new best accuracy
2019-10-08 15:39:29,474:INFO: Epoch 7/30
2019-10-08 15:39:31,357:INFO: - Train metrics: loss: 0.961 ; accuracy: 0.666
2019-10-08 15:39:31,688:INFO: - Eval metrics : loss: 0.000 ; accuracy: 0.711
2019-10-08 15:39:31,713:INFO: - Found new best accuracy
2019-10-08 15:39:31,713:INFO: Epoch 8/30
2019-10-08 15:39:33,543:INFO: - Train metrics: loss: 0.958 ; accuracy: 0.674
2019-10-08 15:39:33,863:INFO: - Eval metrics : loss: 0.000 ; accuracy: 0.723
2019-10-08 15:39:33,876:INFO: - Found new best accuracy
2019-10-08 15:39:33,876:INFO: Epoch 9/30
2019-10-08 15:39:35,773:INFO: - Train metrics: loss: 0.960 ; accuracy: 0.668
2019-10-08 15:39:36,091:INFO: - Eval metrics : loss: 0.000 ; accuracy: 0.735
2019-10-08 15:39:36,100:INFO: - Found new best accuracy
2019-10-08 15:39:36,101:INFO: Epoch 10/30
2019-10-08 15:39:38,007:INFO: - Train metrics: loss: 0.953 ; accuracy: 0.717
2019-10-08 15:39:38,307:INFO: - Eval metrics : loss: 0.000 ; accuracy: 0.735
2019-10-08 15:39:38,315:INFO: Epoch 11/30
2019-10-08 15:39:40,204:INFO: - Train metrics: loss: 0.950 ; accuracy: 0.695
2019-10-08 15:39:40,548:INFO: - Eval metrics : loss: 0.000 ; accuracy: 0.746
2019-10-08 15:39:40,560:INFO: - Found new best accuracy
2019-10-08 15:39:40,560:INFO: Epoch 12/30
2019-10-08 15:39:42,459:INFO: - Train metrics: loss: 0.949 ; accuracy: 0.705
2019-10-08 15:39:42,760:INFO: - Eval metrics : loss: 0.000 ; accuracy: 0.768
2019-10-08 15:39:42,768:INFO: - Found new best accuracy
2019-10-08 15:39:42,782:INFO: Epoch 13/30
2019-10-08 15:39:44,702:INFO: - Train metrics: loss: 0.950 ; accuracy: 0.738
2019-10-08 15:39:45,028:INFO: - Eval metrics : loss: 0.000 ; accuracy: 0.747
2019-10-08 15:39:45,051:INFO: Epoch 14/30
2019-10-08 15:39:46,942:INFO: - Train metrics: loss: 0.942 ; accuracy: 0.742
2019-10-08 15:39:47,248:INFO: - Eval metrics : loss: 0.000 ; accuracy: 0.762
2019-10-08 15:39:47,254:INFO: Epoch 15/30
2019-10-08 15:39:49,116:INFO: - Train metrics: loss: 0.944 ; accuracy: 0.734
2019-10-08 15:39:49,445:INFO: - Eval metrics : loss: 0.000 ; accuracy: 0.773
2019-10-08 15:39:49,469:INFO: - Found new best accuracy
2019-10-08 15:39:49,469:INFO: Epoch 16/30
2019-10-08 15:39:51,319:INFO: - Train metrics: loss: 0.942 ; accuracy: 0.719
2019-10-08 15:39:51,628:INFO: - Eval metrics : loss: 0.000 ; accuracy: 0.777
2019-10-08 15:39:51,650:INFO: - Found new best accuracy
2019-10-08 15:39:51,651:INFO: Epoch 17/30
2019-10-08 15:39:53,538:INFO: - Train metrics: loss: 0.947 ; accuracy: 0.754
2019-10-08 15:39:53,837:INFO: - Eval metrics : loss: 0.000 ; accuracy: 0.784
2019-10-08 15:39:53,846:INFO: - Found new best accuracy
2019-10-08 15:39:53,847:INFO: Epoch 18/30
2019-10-08 15:39:55,734:INFO: - Train metrics: loss: 0.941 ; accuracy: 0.799
2019-10-08 15:39:56,062:INFO: - Eval metrics : loss: 0.000 ; accuracy: 0.786
2019-10-08 15:39:56,086:INFO: - Found new best accuracy
2019-10-08 15:39:56,086:INFO: Epoch 19/30
2019-10-08 15:39:57,951:INFO: - Train metrics: loss: 0.937 ; accuracy: 0.766
2019-10-08 15:39:58,259:INFO: - Eval metrics : loss: 0.000 ; accuracy: 0.790
2019-10-08 15:39:58,281:INFO: - Found new best accuracy
2019-10-08 15:39:58,281:INFO: Epoch 20/30
2019-10-08 15:40:00,120:INFO: - Train metrics: loss: 0.942 ; accuracy: 0.717
2019-10-08 15:40:00,432:INFO: - Eval metrics : loss: 0.000 ; accuracy: 0.791
2019-10-08 15:40:00,444:INFO: - Found new best accuracy
2019-10-08 15:40:00,445:INFO: Epoch 21/30
2019-10-08 15:40:02,315:INFO: - Train metrics: loss: 0.931 ; accuracy: 0.791
2019-10-08 15:40:02,625:INFO: - Eval metrics : loss: 0.000 ; accuracy: 0.784
2019-10-08 15:40:02,631:INFO: Epoch 22/30
2019-10-08 15:40:04,487:INFO: - Train metrics: loss: 0.946 ; accuracy: 0.760
2019-10-08 15:40:04,821:INFO: - Eval metrics : loss: 0.000 ; accuracy: 0.787
2019-10-08 15:40:04,843:INFO: Epoch 23/30
2019-10-08 15:40:06,706:INFO: - Train metrics: loss: 0.939 ; accuracy: 0.789
2019-10-08 15:40:07,022:INFO: - Eval metrics : loss: 0.000 ; accuracy: 0.805
2019-10-08 15:40:07,032:INFO: - Found new best accuracy
2019-10-08 15:40:07,045:INFO: Epoch 24/30
2019-10-08 15:40:08,953:INFO: - Train metrics: loss: 0.929 ; accuracy: 0.770
2019-10-08 15:40:09,273:INFO: - Eval metrics : loss: 0.000 ; accuracy: 0.797
2019-10-08 15:40:09,279:INFO: Epoch 25/30
2019-10-08 15:40:11,182:INFO: - Train metrics: loss: 0.948 ; accuracy: 0.783
2019-10-08 15:40:11,496:INFO: - Eval metrics : loss: 0.000 ; accuracy: 0.802
2019-10-08 15:40:11,502:INFO: Epoch 26/30
2019-10-08 15:40:13,381:INFO: - Train metrics: loss: 0.941 ; accuracy: 0.770
2019-10-08 15:40:13,701:INFO: - Eval metrics : loss: 0.000 ; accuracy: 0.794
2019-10-08 15:40:13,709:INFO: Epoch 27/30
2019-10-08 15:40:15,597:INFO: - Train metrics: loss: 0.935 ; accuracy: 0.766
2019-10-08 15:40:15,934:INFO: - Eval metrics : loss: 0.000 ; accuracy: 0.801
2019-10-08 15:40:15,942:INFO: Epoch 28/30
2019-10-08 15:40:17,846:INFO: - Train metrics: loss: 0.936 ; accuracy: 0.781
2019-10-08 15:40:18,170:INFO: - Eval metrics : loss: 0.000 ; accuracy: 0.794
2019-10-08 15:40:18,178:INFO: Epoch 29/30
2019-10-08 15:40:20,073:INFO: - Train metrics: loss: 0.948 ; accuracy: 0.779
2019-10-08 15:40:20,387:INFO: - Eval metrics : loss: 0.000 ; accuracy: 0.803
2019-10-08 15:40:20,393:INFO: Epoch 30/30
2019-10-08 15:40:22,267:INFO: - Train metrics: loss: 0.950 ; accuracy: 0.764
2019-10-08 15:40:22,595:INFO: - Eval metrics : loss: 0.000 ; accuracy: 0.809
2019-10-08 15:40:22,607:INFO: - Found new best accuracy
2019-10-08 17:24:49,441:INFO: Loading the datasets...
2019-10-08 17:24:51,441:INFO: - done.
2019-10-08 17:24:53,191:INFO: Experiment - model version: cnn_distill
2019-10-08 17:24:53,191:INFO: Starting training for 30 epoch(s)
2019-10-08 17:24:53,191:INFO: First, loading the teacher model and computing its outputs...
2019-10-08 17:25:00,577:INFO: - Finished computing teacher outputs after 8.0 secs..
2019-10-08 17:25:00,578:INFO: Epoch 1/30
2019-10-08 17:25:02,592:INFO: - Train metrics: loss: 1.000 ; accuracy: 0.309
2019-10-08 17:25:02,924:INFO: - Eval metrics : loss: 0.000 ; accuracy: 0.538
2019-10-08 17:25:02,933:INFO: - Found new best accuracy
2019-10-08 17:25:02,946:INFO: Epoch 2/30
2019-10-08 17:25:04,826:INFO: - Train metrics: loss: 0.975 ; accuracy: 0.516
2019-10-08 17:25:05,131:INFO: - Eval metrics : loss: 0.000 ; accuracy: 0.614
2019-10-08 17:25:05,156:INFO: - Found new best accuracy
2019-10-08 17:25:05,156:INFO: Epoch 3/30
2019-10-08 17:25:07,063:INFO: - Train metrics: loss: 0.970 ; accuracy: 0.590
2019-10-08 17:25:07,372:INFO: - Eval metrics : loss: 0.000 ; accuracy: 0.668
2019-10-08 17:25:07,394:INFO: - Found new best accuracy
2019-10-08 17:25:07,395:INFO: Epoch 4/30
2019-10-08 17:25:09,305:INFO: - Train metrics: loss: 0.964 ; accuracy: 0.611
2019-10-08 17:25:09,634:INFO: - Eval metrics : loss: 0.000 ; accuracy: 0.672
2019-10-08 17:25:09,656:INFO: - Found new best accuracy
2019-10-08 17:25:09,656:INFO: Epoch 5/30
2019-10-08 17:25:11,557:INFO: - Train metrics: loss: 0.954 ; accuracy: 0.627
2019-10-08 17:25:11,874:INFO: - Eval metrics : loss: 0.000 ; accuracy: 0.692
2019-10-08 17:25:11,897:INFO: - Found new best accuracy
2019-10-08 17:25:11,897:INFO: Epoch 6/30
2019-10-08 17:25:13,822:INFO: - Train metrics: loss: 0.947 ; accuracy: 0.641
2019-10-08 17:25:14,155:INFO: - Eval metrics : loss: 0.000 ; accuracy: 0.705
2019-10-08 17:25:14,177:INFO: - Found new best accuracy
2019-10-08 17:25:14,177:INFO: Epoch 7/30
2019-10-08 17:25:16,114:INFO: - Train metrics: loss: 0.951 ; accuracy: 0.693
2019-10-08 17:25:16,430:INFO: - Eval metrics : loss: 0.000 ; accuracy: 0.712
2019-10-08 17:25:16,454:INFO: - Found new best accuracy
2019-10-08 17:25:16,454:INFO: Epoch 8/30
2019-10-08 17:25:18,335:INFO: - Train metrics: loss: 0.949 ; accuracy: 0.662
2019-10-08 17:25:18,651:INFO: - Eval metrics : loss: 0.000 ; accuracy: 0.709
2019-10-08 17:25:18,658:INFO: Epoch 9/30
2019-10-08 17:25:20,615:INFO: - Train metrics: loss: 0.951 ; accuracy: 0.705
2019-10-08 17:25:20,948:INFO: - Eval metrics : loss: 0.000 ; accuracy: 0.738
2019-10-08 17:25:20,960:INFO: - Found new best accuracy
2019-10-08 17:25:20,972:INFO: Epoch 10/30
2019-10-08 17:25:22,941:INFO: - Train metrics: loss: 0.947 ; accuracy: 0.672
2019-10-08 17:25:23,253:INFO: - Eval metrics : loss: 0.000 ; accuracy: 0.727
2019-10-08 17:25:23,259:INFO: Epoch 11/30
2019-10-08 17:25:25,339:INFO: - Train metrics: loss: 0.939 ; accuracy: 0.703
2019-10-08 17:25:25,639:INFO: - Eval metrics : loss: 0.000 ; accuracy: 0.753
2019-10-08 17:25:25,660:INFO: - Found new best accuracy
2019-10-08 17:25:25,661:INFO: Epoch 12/30
2019-10-08 17:25:27,569:INFO: - Train metrics: loss: 0.939 ; accuracy: 0.730
2019-10-08 17:25:27,884:INFO: - Eval metrics : loss: 0.000 ; accuracy: 0.764
2019-10-08 17:25:27,896:INFO: - Found new best accuracy
2019-10-08 17:25:27,908:INFO: Epoch 13/30
2019-10-08 17:25:29,821:INFO: - Train metrics: loss: 0.940 ; accuracy: 0.738
2019-10-08 17:25:30,131:INFO: - Eval metrics : loss: 0.000 ; accuracy: 0.736
2019-10-08 17:25:30,137:INFO: Epoch 14/30
2019-10-08 17:25:32,072:INFO: - Train metrics: loss: 0.936 ; accuracy: 0.734
2019-10-08 17:25:32,404:INFO: - Eval metrics : loss: 0.000 ; accuracy: 0.763
2019-10-08 17:25:32,410:INFO: Epoch 15/30
2019-10-08 17:25:34,355:INFO: - Train metrics: loss: 0.935 ; accuracy: 0.740
2019-10-08 17:25:34,715:INFO: - Eval metrics : loss: 0.000 ; accuracy: 0.770
2019-10-08 17:25:34,728:INFO: - Found new best accuracy
2019-10-08 17:25:34,729:INFO: Epoch 16/30
2019-10-08 17:25:36,714:INFO: - Train metrics: loss: 0.935 ; accuracy: 0.746
2019-10-08 17:25:37,052:INFO: - Eval metrics : loss: 0.000 ; accuracy: 0.776
2019-10-08 17:25:37,064:INFO: - Found new best accuracy
2019-10-08 17:25:37,076:INFO: Epoch 17/30
2019-10-08 17:25:39,076:INFO: - Train metrics: loss: 0.939 ; accuracy: 0.795
2019-10-08 17:25:39,410:INFO: - Eval metrics : loss: 0.000 ; accuracy: 0.780
2019-10-08 17:25:39,434:INFO: - Found new best accuracy
2019-10-08 17:25:39,435:INFO: Epoch 18/30
2019-10-08 17:25:41,372:INFO: - Train metrics: loss: 0.928 ; accuracy: 0.793
2019-10-08 17:25:41,682:INFO: - Eval metrics : loss: 0.000 ; accuracy: 0.781
2019-10-08 17:25:41,703:INFO: - Found new best accuracy
2019-10-08 17:25:41,704:INFO: Epoch 19/30
2019-10-08 17:25:43,596:INFO: - Train metrics: loss: 0.930 ; accuracy: 0.756
2019-10-08 17:25:43,931:INFO: - Eval metrics : loss: 0.000 ; accuracy: 0.783
2019-10-08 17:25:43,953:INFO: - Found new best accuracy
2019-10-08 17:25:43,954:INFO: Epoch 20/30
2019-10-08 17:25:45,869:INFO: - Train metrics: loss: 0.930 ; accuracy: 0.732
2019-10-08 17:25:46,187:INFO: - Eval metrics : loss: 0.000 ; accuracy: 0.783
2019-10-08 17:25:46,195:INFO: Epoch 21/30
2019-10-08 17:25:48,118:INFO: - Train metrics: loss: 0.921 ; accuracy: 0.797
2019-10-08 17:25:48,428:INFO: - Eval metrics : loss: 0.000 ; accuracy: 0.778
2019-10-08 17:25:48,434:INFO: Epoch 22/30
2019-10-08 17:25:50,361:INFO: - Train metrics: loss: 0.933 ; accuracy: 0.779
2019-10-08 17:25:50,659:INFO: - Eval metrics : loss: 0.000 ; accuracy: 0.795
2019-10-08 17:25:50,682:INFO: - Found new best accuracy
2019-10-08 17:25:50,682:INFO: Epoch 23/30
2019-10-08 17:25:52,591:INFO: - Train metrics: loss: 0.929 ; accuracy: 0.781
2019-10-08 17:25:52,928:INFO: - Eval metrics : loss: 0.000 ; accuracy: 0.799
2019-10-08 17:25:52,951:INFO: - Found new best accuracy
2019-10-08 17:25:52,952:INFO: Epoch 24/30
2019-10-08 17:25:54,835:INFO: - Train metrics: loss: 0.916 ; accuracy: 0.777
2019-10-08 17:25:55,168:INFO: - Eval metrics : loss: 0.000 ; accuracy: 0.801
2019-10-08 17:25:55,190:INFO: - Found new best accuracy
2019-10-08 17:25:55,190:INFO: Epoch 25/30
2019-10-08 17:25:57,096:INFO: - Train metrics: loss: 0.937 ; accuracy: 0.766
2019-10-08 17:25:57,411:INFO: - Eval metrics : loss: 0.000 ; accuracy: 0.803
2019-10-08 17:25:57,435:INFO: - Found new best accuracy
2019-10-08 17:25:57,436:INFO: Epoch 26/30
2019-10-08 17:25:59,305:INFO: - Train metrics: loss: 0.933 ; accuracy: 0.783
2019-10-08 17:25:59,664:INFO: - Eval metrics : loss: 0.000 ; accuracy: 0.798
2019-10-08 17:25:59,671:INFO: Epoch 27/30
2019-10-08 17:26:01,603:INFO: - Train metrics: loss: 0.926 ; accuracy: 0.787
2019-10-08 17:26:01,926:INFO: - Eval metrics : loss: 0.000 ; accuracy: 0.804
2019-10-08 17:26:01,951:INFO: - Found new best accuracy
2019-10-08 17:26:01,953:INFO: Epoch 28/30
2019-10-08 17:26:03,887:INFO: - Train metrics: loss: 0.929 ; accuracy: 0.781
2019-10-08 17:26:04,220:INFO: - Eval metrics : loss: 0.000 ; accuracy: 0.797
2019-10-08 17:26:04,241:INFO: Epoch 29/30
2019-10-08 17:26:06,132:INFO: - Train metrics: loss: 0.940 ; accuracy: 0.760
2019-10-08 17:26:06,439:INFO: - Eval metrics : loss: 0.000 ; accuracy: 0.807
2019-10-08 17:26:06,461:INFO: - Found new best accuracy
2019-10-08 17:26:06,461:INFO: Epoch 30/30
2019-10-08 17:26:08,336:INFO: - Train metrics: loss: 0.941 ; accuracy: 0.770
2019-10-08 17:26:08,635:INFO: - Eval metrics : loss: 0.000 ; accuracy: 0.810
2019-10-08 17:26:08,659:INFO: - Found new best accuracy
2019-10-08 20:21:49,910:INFO: Loading the datasets...
2019-10-08 20:21:51,911:INFO: - done.
2019-10-08 20:21:53,661:INFO: Experiment - model version: cnn_distill
2019-10-08 20:21:53,661:INFO: Starting training for 30 epoch(s)
2019-10-08 20:21:53,661:INFO: First, loading the teacher model and computing its outputs...
2019-10-08 20:22:01,057:INFO: - Finished computing teacher outputs after 8.0 secs..
2019-10-08 20:22:01,058:INFO: Epoch 1/30
2019-10-08 20:22:03,028:INFO: - Train metrics: loss: 1.667 ; accuracy: 0.373
2019-10-08 20:22:03,400:INFO: - Eval metrics : loss: 0.000 ; accuracy: 0.649
2019-10-08 20:22:03,410:INFO: - Found new best accuracy
2019-10-08 20:22:03,422:INFO: Epoch 2/30
2019-10-08 20:22:05,396:INFO: - Train metrics: loss: 1.164 ; accuracy: 0.592
2019-10-08 20:22:05,861:INFO: - Eval metrics : loss: 0.000 ; accuracy: 0.659
2019-10-08 20:22:05,883:INFO: - Found new best accuracy
2019-10-08 20:22:05,884:INFO: Epoch 3/30
2019-10-08 20:22:07,883:INFO: - Train metrics: loss: 0.988 ; accuracy: 0.664
2019-10-08 20:22:08,248:INFO: - Eval metrics : loss: 0.000 ; accuracy: 0.717
2019-10-08 20:22:08,260:INFO: - Found new best accuracy
2019-10-08 20:22:08,260:INFO: Epoch 4/30
2019-10-08 20:22:10,273:INFO: - Train metrics: loss: 0.974 ; accuracy: 0.656
2019-10-08 20:22:10,654:INFO: - Eval metrics : loss: 0.000 ; accuracy: 0.704
2019-10-08 20:22:10,662:INFO: Epoch 5/30
2019-10-08 20:22:12,689:INFO: - Train metrics: loss: 0.932 ; accuracy: 0.682
2019-10-08 20:22:13,066:INFO: - Eval metrics : loss: 0.000 ; accuracy: 0.750
2019-10-08 20:22:13,091:INFO: - Found new best accuracy
2019-10-08 20:22:13,092:INFO: Epoch 6/30
2019-10-08 20:22:15,153:INFO: - Train metrics: loss: 0.821 ; accuracy: 0.734
2019-10-08 20:22:15,513:INFO: - Eval metrics : loss: 0.000 ; accuracy: 0.758
2019-10-08 20:22:15,535:INFO: - Found new best accuracy
2019-10-08 20:22:15,536:INFO: Epoch 7/30
2019-10-08 20:22:17,505:INFO: - Train metrics: loss: 0.786 ; accuracy: 0.744
2019-10-08 20:22:17,864:INFO: - Eval metrics : loss: 0.000 ; accuracy: 0.768
2019-10-08 20:22:17,886:INFO: - Found new best accuracy
2019-10-08 20:22:17,887:INFO: Epoch 8/30
2019-10-08 20:22:19,871:INFO: - Train metrics: loss: 0.825 ; accuracy: 0.730
2019-10-08 20:22:20,241:INFO: - Eval metrics : loss: 0.000 ; accuracy: 0.784
2019-10-08 20:22:20,264:INFO: - Found new best accuracy
2019-10-08 20:22:20,265:INFO: Epoch 9/30
2019-10-08 20:22:22,202:INFO: - Train metrics: loss: 0.789 ; accuracy: 0.750
2019-10-08 20:22:22,566:INFO: - Eval metrics : loss: 0.000 ; accuracy: 0.779
2019-10-08 20:22:22,572:INFO: Epoch 10/30
2019-10-08 20:22:24,524:INFO: - Train metrics: loss: 0.735 ; accuracy: 0.754
2019-10-08 20:22:24,881:INFO: - Eval metrics : loss: 0.000 ; accuracy: 0.786
2019-10-08 20:22:24,890:INFO: - Found new best accuracy
2019-10-08 20:22:24,891:INFO: Epoch 11/30
2019-10-08 20:22:26,863:INFO: - Train metrics: loss: 0.727 ; accuracy: 0.736
2019-10-08 20:22:27,234:INFO: - Eval metrics : loss: 0.000 ; accuracy: 0.793
2019-10-08 20:22:27,258:INFO: - Found new best accuracy
2019-10-08 20:22:27,258:INFO: Epoch 12/30
2019-10-08 20:22:29,199:INFO: - Train metrics: loss: 0.715 ; accuracy: 0.768
2019-10-08 20:22:29,606:INFO: - Eval metrics : loss: 0.000 ; accuracy: 0.797
2019-10-08 20:22:29,632:INFO: - Found new best accuracy
2019-10-08 20:22:29,632:INFO: Epoch 13/30
2019-10-08 20:22:31,581:INFO: - Train metrics: loss: 0.660 ; accuracy: 0.805
2019-10-08 20:22:31,930:INFO: - Eval metrics : loss: 0.000 ; accuracy: 0.794
2019-10-08 20:22:31,936:INFO: Epoch 14/30
2019-10-08 20:22:33,910:INFO: - Train metrics: loss: 0.620 ; accuracy: 0.797
2019-10-08 20:22:34,286:INFO: - Eval metrics : loss: 0.000 ; accuracy: 0.803
2019-10-08 20:22:34,308:INFO: - Found new best accuracy
2019-10-08 20:22:34,309:INFO: Epoch 15/30
2019-10-08 20:22:36,254:INFO: - Train metrics: loss: 0.665 ; accuracy: 0.793
2019-10-08 20:22:36,618:INFO: - Eval metrics : loss: 0.000 ; accuracy: 0.816
2019-10-08 20:22:36,631:INFO: - Found new best accuracy
2019-10-08 20:22:36,631:INFO: Epoch 16/30
2019-10-08 20:22:38,595:INFO: - Train metrics: loss: 0.646 ; accuracy: 0.789
2019-10-08 20:22:39,017:INFO: - Eval metrics : loss: 0.000 ; accuracy: 0.816
2019-10-08 20:22:39,023:INFO: Epoch 17/30
2019-10-08 20:22:41,013:INFO: - Train metrics: loss: 0.598 ; accuracy: 0.832
2019-10-08 20:22:41,418:INFO: - Eval metrics : loss: 0.000 ; accuracy: 0.815
2019-10-08 20:22:41,425:INFO: Epoch 18/30
2019-10-08 20:22:43,409:INFO: - Train metrics: loss: 0.592 ; accuracy: 0.822
2019-10-08 20:22:43,778:INFO: - Eval metrics : loss: 0.000 ; accuracy: 0.815
2019-10-08 20:22:43,786:INFO: Epoch 19/30
2019-10-08 20:22:45,738:INFO: - Train metrics: loss: 0.518 ; accuracy: 0.863
2019-10-08 20:22:46,087:INFO: - Eval metrics : loss: 0.000 ; accuracy: 0.820
2019-10-08 20:22:46,109:INFO: - Found new best accuracy
2019-10-08 20:22:46,110:INFO: Epoch 20/30
2019-10-08 20:22:48,043:INFO: - Train metrics: loss: 0.598 ; accuracy: 0.807
2019-10-08 20:22:48,407:INFO: - Eval metrics : loss: 0.000 ; accuracy: 0.823
2019-10-08 20:22:48,429:INFO: - Found new best accuracy
2019-10-08 20:22:48,430:INFO: Epoch 21/30
2019-10-08 20:22:50,345:INFO: - Train metrics: loss: 0.552 ; accuracy: 0.832
2019-10-08 20:22:50,692:INFO: - Eval metrics : loss: 0.000 ; accuracy: 0.810
2019-10-08 20:22:50,698:INFO: Epoch 22/30
2019-10-08 20:22:52,657:INFO: - Train metrics: loss: 0.639 ; accuracy: 0.803
2019-10-08 20:22:53,023:INFO: - Eval metrics : loss: 0.000 ; accuracy: 0.820
2019-10-08 20:22:53,029:INFO: Epoch 23/30
2019-10-08 20:22:55,081:INFO: - Train metrics: loss: 0.604 ; accuracy: 0.811
2019-10-08 20:22:55,466:INFO: - Eval metrics : loss: 0.000 ; accuracy: 0.819
2019-10-08 20:22:55,472:INFO: Epoch 24/30
2019-10-08 20:22:57,455:INFO: - Train metrics: loss: 0.575 ; accuracy: 0.826
2019-10-08 20:22:57,828:INFO: - Eval metrics : loss: 0.000 ; accuracy: 0.820
2019-10-08 20:22:57,835:INFO: Epoch 25/30
2019-10-08 20:22:59,814:INFO: - Train metrics: loss: 0.624 ; accuracy: 0.822
2019-10-08 20:23:00,192:INFO: - Eval metrics : loss: 0.000 ; accuracy: 0.826
2019-10-08 20:23:00,216:INFO: - Found new best accuracy
2019-10-08 20:23:00,216:INFO: Epoch 26/30
2019-10-08 20:23:02,146:INFO: - Train metrics: loss: 0.600 ; accuracy: 0.834
2019-10-08 20:23:02,492:INFO: - Eval metrics : loss: 0.000 ; accuracy: 0.825
2019-10-08 20:23:02,499:INFO: Epoch 27/30
2019-10-08 20:23:04,457:INFO: - Train metrics: loss: 0.601 ; accuracy: 0.822
2019-10-08 20:23:04,806:INFO: - Eval metrics : loss: 0.000 ; accuracy: 0.828
2019-10-08 20:23:04,818:INFO: - Found new best accuracy
2019-10-08 20:23:04,830:INFO: Epoch 28/30
2019-10-08 20:23:06,755:INFO: - Train metrics: loss: 0.567 ; accuracy: 0.834
2019-10-08 20:23:07,099:INFO: - Eval metrics : loss: 0.000 ; accuracy: 0.834
2019-10-08 20:23:07,109:INFO: - Found new best accuracy
2019-10-08 20:23:07,109:INFO: Epoch 29/30
2019-10-08 20:23:09,079:INFO: - Train metrics: loss: 0.633 ; accuracy: 0.803
2019-10-08 20:23:09,446:INFO: - Eval metrics : loss: 0.000 ; accuracy: 0.827
2019-10-08 20:23:09,454:INFO: Epoch 30/30
2019-10-08 20:23:11,411:INFO: - Train metrics: loss: 0.622 ; accuracy: 0.814
2019-10-08 20:23:11,764:INFO: - Eval metrics : loss: 0.000 ; accuracy: 0.840
2019-10-08 20:23:11,788:INFO: - Found new best accuracy
2019-10-08 20:25:33,204:INFO: Loading the datasets...
2019-10-08 20:25:35,270:INFO: - done.
2019-10-08 20:25:37,054:INFO: Experiment - model version: cnn_distill
2019-10-08 20:25:37,054:INFO: Starting training for 30 epoch(s)
2019-10-08 20:25:37,054:INFO: First, loading the teacher model and computing its outputs...
2019-10-09 15:08:56,880:INFO: Loading the datasets...
2019-10-09 15:08:58,845:INFO: - done.
2019-10-09 15:09:00,558:INFO: Experiment - model version: cnn_distill
2019-10-09 15:09:00,558:INFO: Starting training for 30 epoch(s)
2019-10-09 15:09:00,558:INFO: First, loading the teacher model and computing its outputs...
2019-10-09 15:09:07,931:INFO: - Finished computing teacher outputs after 8 secs..
2019-10-09 15:09:07,931:INFO: Epoch 1/30
2019-10-09 15:09:09,908:INFO: - Train metrics: accuracy: 0.367 ; loss: 1.648
2019-10-09 15:09:10,249:INFO: - Eval metrics : accuracy: 0.625 ; loss: 0.000
2019-10-09 15:09:10,258:INFO: - Found new best accuracy
2019-10-09 15:09:10,272:INFO: Epoch 2/30
2019-10-09 15:09:12,283:INFO: - Train metrics: accuracy: 0.596 ; loss: 1.158
2019-10-09 15:09:12,712:INFO: - Eval metrics : accuracy: 0.684 ; loss: 0.000
2019-10-09 15:09:12,725:INFO: - Found new best accuracy
2019-10-09 15:09:12,725:INFO: Epoch 3/30
2019-10-09 15:09:14,802:INFO: - Train metrics: accuracy: 0.641 ; loss: 1.035
2019-10-09 15:09:15,159:INFO: - Eval metrics : accuracy: 0.698 ; loss: 0.000
2019-10-09 15:09:15,168:INFO: - Found new best accuracy
2019-10-09 15:09:15,182:INFO: Epoch 4/30
2019-10-09 15:09:17,117:INFO: - Train metrics: accuracy: 0.664 ; loss: 0.961
2019-10-09 15:09:17,456:INFO: - Eval metrics : accuracy: 0.731 ; loss: 0.000
2019-10-09 15:09:17,465:INFO: - Found new best accuracy
2019-10-09 15:09:17,466:INFO: Epoch 5/30
2019-10-09 15:09:19,395:INFO: - Train metrics: accuracy: 0.697 ; loss: 0.934
2019-10-09 15:09:19,749:INFO: - Eval metrics : accuracy: 0.728 ; loss: 0.000
2019-10-09 15:09:19,757:INFO: Epoch 6/30
2019-10-09 15:09:21,775:INFO: - Train metrics: accuracy: 0.746 ; loss: 0.854
2019-10-09 15:09:22,133:INFO: - Eval metrics : accuracy: 0.764 ; loss: 0.000
2019-10-09 15:09:22,155:INFO: - Found new best accuracy
2019-10-09 15:09:22,155:INFO: Epoch 7/30
2019-10-09 15:09:24,162:INFO: - Train metrics: accuracy: 0.744 ; loss: 0.782
2019-10-09 15:09:24,512:INFO: - Eval metrics : accuracy: 0.767 ; loss: 0.000
2019-10-09 15:09:24,525:INFO: - Found new best accuracy
2019-10-09 15:09:24,525:INFO: Epoch 8/30
2019-10-09 15:09:26,505:INFO: - Train metrics: accuracy: 0.701 ; loss: 0.866
2019-10-09 15:09:26,848:INFO: - Eval metrics : accuracy: 0.768 ; loss: 0.000
2019-10-09 15:09:26,860:INFO: - Found new best accuracy
2019-10-09 15:09:26,861:INFO: Epoch 9/30
2019-10-09 15:09:28,846:INFO: - Train metrics: accuracy: 0.746 ; loss: 0.798
2019-10-09 15:09:29,229:INFO: - Eval metrics : accuracy: 0.790 ; loss: 0.000
2019-10-09 15:09:29,238:INFO: - Found new best accuracy
2019-10-09 15:09:29,239:INFO: Epoch 10/30
2019-10-09 15:09:31,361:INFO: - Train metrics: accuracy: 0.744 ; loss: 0.766
2019-10-09 15:09:31,714:INFO: - Eval metrics : accuracy: 0.787 ; loss: 0.000
2019-10-09 15:09:31,723:INFO: Epoch 11/30
2019-10-09 15:09:33,807:INFO: - Train metrics: accuracy: 0.777 ; loss: 0.709
2019-10-09 15:09:34,159:INFO: - Eval metrics : accuracy: 0.798 ; loss: 0.000
2019-10-09 15:09:34,168:INFO: - Found new best accuracy
2019-10-09 15:09:34,169:INFO: Epoch 12/30
2019-10-09 15:09:36,213:INFO: - Train metrics: accuracy: 0.797 ; loss: 0.699
2019-10-09 15:09:36,662:INFO: - Eval metrics : accuracy: 0.793 ; loss: 0.000
2019-10-09 15:09:36,670:INFO: Epoch 13/30
2019-10-09 15:09:38,925:INFO: - Train metrics: accuracy: 0.799 ; loss: 0.659
2019-10-09 15:09:39,275:INFO: - Eval metrics : accuracy: 0.797 ; loss: 0.000
2019-10-09 15:09:39,281:INFO: Epoch 14/30
2019-10-09 15:09:41,225:INFO: - Train metrics: accuracy: 0.760 ; loss: 0.687
2019-10-09 15:09:41,578:INFO: - Eval metrics : accuracy: 0.802 ; loss: 0.000
2019-10-09 15:09:41,600:INFO: - Found new best accuracy
2019-10-09 15:09:41,600:INFO: Epoch 15/30
2019-10-09 15:09:43,500:INFO: - Train metrics: accuracy: 0.801 ; loss: 0.639
2019-10-09 15:09:43,845:INFO: - Eval metrics : accuracy: 0.812 ; loss: 0.000
2019-10-09 15:09:43,857:INFO: - Found new best accuracy
2019-10-09 15:09:43,857:INFO: Epoch 16/30
2019-10-09 15:09:45,846:INFO: - Train metrics: accuracy: 0.807 ; loss: 0.643
2019-10-09 15:09:46,191:INFO: - Eval metrics : accuracy: 0.812 ; loss: 0.000
2019-10-09 15:09:46,215:INFO: - Found new best accuracy
2019-10-09 15:09:46,215:INFO: Epoch 17/30
2019-10-09 15:09:48,129:INFO: - Train metrics: accuracy: 0.805 ; loss: 0.605
2019-10-09 15:09:48,507:INFO: - Eval metrics : accuracy: 0.803 ; loss: 0.000
2019-10-09 15:09:48,513:INFO: Epoch 18/30
2019-10-09 15:09:50,568:INFO: - Train metrics: accuracy: 0.812 ; loss: 0.589
2019-10-09 15:09:50,925:INFO: - Eval metrics : accuracy: 0.817 ; loss: 0.000
2019-10-09 15:09:50,947:INFO: - Found new best accuracy
2019-10-09 15:09:50,947:INFO: Epoch 19/30
2019-10-09 15:09:52,887:INFO: - Train metrics: accuracy: 0.836 ; loss: 0.579
2019-10-09 15:09:53,232:INFO: - Eval metrics : accuracy: 0.820 ; loss: 0.000
2019-10-09 15:09:53,241:INFO: - Found new best accuracy
2019-10-09 15:09:53,241:INFO: Epoch 20/30
2019-10-09 15:09:55,264:INFO: - Train metrics: accuracy: 0.805 ; loss: 0.595
2019-10-09 15:09:55,643:INFO: - Eval metrics : accuracy: 0.821 ; loss: 0.000
2019-10-09 15:09:55,652:INFO: - Found new best accuracy
2019-10-09 15:09:55,653:INFO: Epoch 21/30
2019-10-09 15:09:57,752:INFO: - Train metrics: accuracy: 0.830 ; loss: 0.578
2019-10-09 15:09:58,104:INFO: - Eval metrics : accuracy: 0.821 ; loss: 0.000
2019-10-09 15:09:58,110:INFO: Epoch 22/30
2019-10-09 15:10:00,102:INFO: - Train metrics: accuracy: 0.809 ; loss: 0.650
2019-10-09 15:10:00,449:INFO: - Eval metrics : accuracy: 0.818 ; loss: 0.000
2019-10-09 15:10:00,469:INFO: Epoch 23/30
2019-10-09 15:10:02,612:INFO: - Train metrics: accuracy: 0.830 ; loss: 0.578
2019-10-09 15:10:02,981:INFO: - Eval metrics : accuracy: 0.823 ; loss: 0.000
2019-10-09 15:10:02,994:INFO: - Found new best accuracy
2019-10-09 15:10:02,995:INFO: Epoch 24/30
2019-10-09 15:10:05,031:INFO: - Train metrics: accuracy: 0.822 ; loss: 0.631
2019-10-09 15:10:05,411:INFO: - Eval metrics : accuracy: 0.820 ; loss: 0.000
2019-10-09 15:10:05,417:INFO: Epoch 25/30
2019-10-09 15:10:07,423:INFO: - Train metrics: accuracy: 0.854 ; loss: 0.571
2019-10-09 15:10:07,808:INFO: - Eval metrics : accuracy: 0.829 ; loss: 0.000
2019-10-09 15:10:07,818:INFO: - Found new best accuracy
2019-10-09 15:10:07,818:INFO: Epoch 26/30
2019-10-09 15:10:09,936:INFO: - Train metrics: accuracy: 0.852 ; loss: 0.547
2019-10-09 15:10:10,382:INFO: - Eval metrics : accuracy: 0.823 ; loss: 0.000
2019-10-09 15:10:10,390:INFO: Epoch 27/30
2019-10-09 15:10:12,392:INFO: - Train metrics: accuracy: 0.816 ; loss: 0.624
2019-10-09 15:10:12,740:INFO: - Eval metrics : accuracy: 0.831 ; loss: 0.000
2019-10-09 15:10:12,753:INFO: - Found new best accuracy
2019-10-09 15:10:12,754:INFO: Epoch 28/30
2019-10-09 15:10:14,764:INFO: - Train metrics: accuracy: 0.803 ; loss: 0.608
2019-10-09 15:10:15,114:INFO: - Eval metrics : accuracy: 0.830 ; loss: 0.000
2019-10-09 15:10:15,122:INFO: Epoch 29/30
2019-10-09 15:10:17,105:INFO: - Train metrics: accuracy: 0.828 ; loss: 0.576
2019-10-09 15:10:17,457:INFO: - Eval metrics : accuracy: 0.835 ; loss: 0.000
2019-10-09 15:10:17,467:INFO: - Found new best accuracy
2019-10-09 15:10:17,467:INFO: Epoch 30/30
2019-10-09 15:10:19,454:INFO: - Train metrics: accuracy: 0.840 ; loss: 0.618
2019-10-09 15:10:19,807:INFO: - Eval metrics : accuracy: 0.832 ; loss: 0.000
2019-10-09 16:43:56,953:INFO: Loading the datasets...
2019-10-09 16:43:58,928:INFO: - done.
2019-10-09 16:44:00,665:INFO: Experiment - model version: cnn_distill
2019-10-09 16:44:00,665:INFO: Starting training for 30 epoch(s)
2019-10-09 16:44:00,665:INFO: First, loading the teacher model and computing its outputs...
2019-10-09 16:46:11,642:INFO: Loading the datasets...
2019-10-09 22:08:49,053:INFO: Loading the datasets...
2019-10-09 22:08:51,046:INFO: - done.
2019-10-09 22:08:52,818:INFO: Experiment - model version: cnn_distill
2019-10-09 22:08:52,818:INFO: Starting training for 30 epoch(s)
2019-10-09 22:08:52,818:INFO: First, loading the teacher model and computing its outputs...
2019-10-09 22:10:47,582:INFO: Loading the datasets...
2019-10-09 22:10:49,563:INFO: - done.
2019-10-09 22:10:51,296:INFO: Experiment - model version: cnn_distill
2019-10-09 22:10:51,296:INFO: Starting training for 30 epoch(s)
2019-10-09 22:10:51,296:INFO: First, loading the teacher model and computing its outputs...
2019-10-09 22:11:19,734:INFO: Loading the datasets...
2019-10-09 22:11:21,681:INFO: - done.
2019-10-09 22:11:23,421:INFO: Experiment - model version: cnn_distill
2019-10-09 22:11:23,421:INFO: Starting training for 30 epoch(s)
2019-10-09 22:11:23,422:INFO: First, loading the teacher model and computing its outputs...
2019-10-09 22:12:25,726:INFO: Loading the datasets...
2019-10-09 22:12:27,669:INFO: - done.
2019-10-09 22:12:29,366:INFO: Experiment - model version: cnn_distill
2019-10-09 22:12:29,366:INFO: Starting training for 30 epoch(s)
2019-10-09 22:12:29,380:INFO: First, loading the teacher model and computing its outputs...
2019-10-09 22:12:57,959:INFO: Loading the datasets...
2019-10-09 22:12:59,935:INFO: - done.
2019-10-09 22:13:01,665:INFO: Experiment - model version: cnn_distill
2019-10-09 22:13:01,665:INFO: Starting training for 30 epoch(s)
2019-10-09 22:13:01,665:INFO: First, loading the teacher model and computing its outputs...
2019-10-09 22:13:16,061:INFO: Loading the datasets...
2019-10-09 22:13:18,032:INFO: - done.
2019-10-09 22:13:19,776:INFO: Experiment - model version: cnn_distill
2019-10-09 22:13:19,776:INFO: Starting training for 30 epoch(s)
2019-10-09 22:13:19,790:INFO: First, loading the teacher model and computing its outputs...
2019-10-09 22:13:30,510:INFO: Loading the datasets...
2019-10-09 22:13:32,519:INFO: - done.
2019-10-09 22:13:34,274:INFO: Experiment - model version: cnn_distill
2019-10-09 22:13:34,274:INFO: Starting training for 30 epoch(s)
2019-10-09 22:13:34,288:INFO: First, loading the teacher model and computing its outputs...
2019-10-09 22:15:32,615:INFO: Loading the datasets...
2019-10-09 22:15:34,594:INFO: - done.
2019-10-09 22:15:36,331:INFO: Experiment - model version: cnn_distill
2019-10-09 22:15:36,331:INFO: Starting training for 30 epoch(s)
2019-10-09 22:15:36,331:INFO: First, loading the teacher model and computing its outputs...
2019-10-09 22:16:16,978:INFO: Loading the datasets...
2019-10-09 22:16:18,953:INFO: - done.
2019-10-09 22:16:20,678:INFO: Experiment - model version: cnn_distill
2019-10-09 22:16:20,678:INFO: Starting training for 30 epoch(s)
2019-10-09 22:16:20,678:INFO: First, loading the teacher model and computing its outputs...
2019-10-09 22:20:28,069:INFO: Loading the datasets...
2019-10-09 22:20:30,050:INFO: - done.
2019-10-09 22:20:31,775:INFO: Experiment - model version: cnn_distill
2019-10-09 22:20:31,775:INFO: Starting training for 30 epoch(s)
2019-10-09 22:20:31,789:INFO: First, loading the teacher model and computing its outputs...
2019-10-09 22:21:19,796:INFO: Loading the datasets...
2019-10-09 22:21:21,772:INFO: - done.
2019-10-09 22:21:23,474:INFO: Experiment - model version: cnn_distill
2019-10-09 22:21:23,474:INFO: Starting training for 30 epoch(s)
2019-10-09 22:21:23,474:INFO: First, loading the teacher model and computing its outputs...
2019-10-09 22:25:07,040:INFO: Loading the datasets...
2019-10-09 22:25:09,029:INFO: - done.
2019-10-09 22:25:10,775:INFO: Experiment - model version: cnn_distill
2019-10-09 22:25:10,775:INFO: Starting training for 30 epoch(s)
2019-10-09 22:25:10,789:INFO: First, loading the teacher model and computing its outputs...
2019-10-09 22:25:27,004:INFO: Loading the datasets...
2019-10-09 22:25:28,960:INFO: - done.
2019-10-09 22:25:30,721:INFO: Experiment - model version: cnn_distill
2019-10-09 22:25:30,721:INFO: Starting training for 30 epoch(s)
2019-10-09 22:25:30,721:INFO: First, loading the teacher model and computing its outputs...
2019-10-09 22:26:02,602:INFO: Loading the datasets...
2019-10-09 22:26:04,600:INFO: - done.
2019-10-09 22:26:06,306:INFO: Experiment - model version: cnn_distill
2019-10-09 22:26:06,306:INFO: Starting training for 30 epoch(s)
2019-10-09 22:26:06,306:INFO: First, loading the teacher model and computing its outputs...
2019-10-09 22:34:13,264:INFO: Loading the datasets...
2019-10-09 22:34:15,226:INFO: - done.
2019-10-09 22:34:16,968:INFO: Experiment - model version: cnn_distill
2019-10-09 22:34:16,968:INFO: Starting training for 30 epoch(s)
2019-10-09 22:34:16,982:INFO: First, loading the teacher model and computing its outputs...
2019-10-09 22:35:07,972:INFO: Loading the datasets...
2019-10-09 22:35:09,933:INFO: - done.
2019-10-09 22:35:11,647:INFO: Experiment - model version: cnn_distill
2019-10-09 22:35:11,647:INFO: Starting training for 30 epoch(s)
2019-10-09 22:35:11,661:INFO: First, loading the teacher model and computing its outputs...
2019-10-09 22:36:36,455:INFO: Loading the datasets...
2019-10-09 22:36:38,417:INFO: - done.
2019-10-09 22:36:40,157:INFO: Experiment - model version: cnn_distill
2019-10-09 22:36:40,157:INFO: Starting training for 30 epoch(s)
2019-10-09 22:36:40,157:INFO: First, loading the teacher model and computing its outputs...
2019-10-09 22:38:25,736:INFO: Loading the datasets...
2019-10-09 22:38:28,655:INFO: Loading the datasets...
2019-10-09 22:38:30,590:INFO: - done.
2019-10-09 22:38:32,328:INFO: Experiment - model version: cnn_distill
2019-10-09 22:38:32,328:INFO: Starting training for 30 epoch(s)
2019-10-09 22:38:32,328:INFO: First, loading the teacher model and computing its outputs...
2019-10-09 22:38:54,331:INFO: Loading the datasets...
2019-10-09 22:38:56,282:INFO: - done.
2019-10-09 22:38:58,022:INFO: Experiment - model version: cnn_distill
2019-10-09 22:38:58,022:INFO: Starting training for 30 epoch(s)
2019-10-09 22:38:58,023:INFO: First, loading the teacher model and computing its outputs...
2019-10-09 22:39:35,804:INFO: Loading the datasets...
2019-10-09 22:39:37,768:INFO: - done.
2019-10-09 22:39:39,458:INFO: Experiment - model version: cnn_distill
2019-10-09 22:39:39,458:INFO: Starting training for 30 epoch(s)
2019-10-09 22:39:39,458:INFO: First, loading the teacher model and computing its outputs...
2019-10-09 22:52:44,530:INFO: Loading the datasets...
2019-10-09 22:52:46,511:INFO: - done.
2019-10-09 22:52:48,242:INFO: Experiment - model version: cnn_distill
2019-10-09 22:52:48,242:INFO: Starting training for 30 epoch(s)
2019-10-09 22:52:48,242:INFO: First, loading the teacher model and computing its outputs...
2019-10-09 23:02:04,445:INFO: Loading the datasets...
2019-10-09 23:02:06,493:INFO: - done.
2019-10-09 23:02:08,262:INFO: Experiment - model version: cnn_distill
2019-10-09 23:02:08,262:INFO: Starting training for 30 epoch(s)
2019-10-09 23:02:08,262:INFO: First, loading the teacher model and computing its outputs...
2019-10-09 23:02:58,991:INFO: Loading the datasets...
2019-10-09 23:03:00,965:INFO: - done.
2019-10-09 23:03:02,721:INFO: Experiment - model version: cnn_distill
2019-10-09 23:03:02,721:INFO: Starting training for 30 epoch(s)
2019-10-09 23:03:02,735:INFO: First, loading the teacher model and computing its outputs...
2019-10-09 23:05:21,788:INFO: Loading the datasets...
2019-10-09 23:05:23,733:INFO: - done.
2019-10-09 23:05:25,459:INFO: Experiment - model version: cnn_distill
2019-10-09 23:05:25,459:INFO: Starting training for 30 epoch(s)
2019-10-09 23:05:25,459:INFO: First, loading the teacher model and computing its outputs...
2019-10-09 23:12:51,605:INFO: Loading the datasets...
2019-10-09 23:12:53,591:INFO: - done.
2019-10-09 23:12:55,329:INFO: Experiment - model version: cnn_distill
2019-10-09 23:12:55,329:INFO: Starting training for 30 epoch(s)
2019-10-09 23:12:55,343:INFO: First, loading the teacher model and computing its outputs...
2019-10-09 23:13:29,655:INFO: Loading the datasets...
2019-10-09 23:13:31,583:INFO: - done.
2019-10-09 23:13:33,295:INFO: Experiment - model version: cnn_distill
2019-10-09 23:13:33,295:INFO: Starting training for 30 epoch(s)
2019-10-09 23:13:33,295:INFO: First, loading the teacher model and computing its outputs...
2019-10-09 23:13:56,505:INFO: Loading the datasets...
2019-10-09 23:13:58,466:INFO: - done.
2019-10-09 23:14:00,232:INFO: Experiment - model version: cnn_distill
2019-10-09 23:14:00,232:INFO: Starting training for 30 epoch(s)
2019-10-09 23:14:00,232:INFO: First, loading the teacher model and computing its outputs...
2019-10-09 23:14:37,269:INFO: Loading the datasets...
2019-10-09 23:14:39,214:INFO: - done.
2019-10-09 23:14:40,957:INFO: Experiment - model version: cnn_distill
2019-10-09 23:14:40,957:INFO: Starting training for 30 epoch(s)
2019-10-09 23:14:40,971:INFO: First, loading the teacher model and computing its outputs...
2019-10-09 23:15:23,416:INFO: Loading the datasets...
2019-10-09 23:15:25,373:INFO: - done.
2019-10-09 23:15:27,093:INFO: Experiment - model version: cnn_distill
2019-10-09 23:15:27,093:INFO: Starting training for 30 epoch(s)
2019-10-09 23:15:27,107:INFO: First, loading the teacher model and computing its outputs...
2019-10-09 23:41:23,627:INFO: Loading the datasets...
2019-10-09 23:41:25,613:INFO: - done.
2019-10-09 23:41:27,346:INFO: Experiment - model version: cnn_distill
2019-10-09 23:41:27,346:INFO: Starting training for 30 epoch(s)
2019-10-09 23:41:27,346:INFO: First, loading the teacher model and computing its outputs...
2019-10-09 23:41:40,903:INFO: Loading the datasets...
2019-10-09 23:41:42,876:INFO: - done.
2019-10-09 23:41:44,596:INFO: Experiment - model version: cnn_distill
2019-10-09 23:41:44,596:INFO: Starting training for 30 epoch(s)
2019-10-09 23:41:44,596:INFO: First, loading the teacher model and computing its outputs...
2019-10-09 23:42:20,944:INFO: Loading the datasets...
2019-10-09 23:42:22,909:INFO: - done.
2019-10-09 23:42:24,629:INFO: Experiment - model version: cnn_distill
2019-10-09 23:42:24,629:INFO: Starting training for 30 epoch(s)
2019-10-09 23:42:24,630:INFO: First, loading the teacher model and computing its outputs...
2019-10-09 23:43:42,312:INFO: Loading the datasets...
2019-10-09 23:43:44,300:INFO: - done.
2019-10-09 23:43:45,997:INFO: Experiment - model version: cnn_distill
2019-10-09 23:43:45,997:INFO: Starting training for 30 epoch(s)
2019-10-09 23:43:45,997:INFO: First, loading the teacher model and computing its outputs...
2019-10-09 23:45:03,869:INFO: Loading the datasets...
2019-10-09 23:45:13,871:INFO: Loading the datasets...
2019-10-09 23:45:15,807:INFO: - done.
2019-10-09 23:45:17,554:INFO: Experiment - model version: cnn_distill
2019-10-09 23:45:17,554:INFO: Starting training for 30 epoch(s)
2019-10-09 23:45:17,554:INFO: First, loading the teacher model and computing its outputs...
2019-10-09 23:45:24,965:INFO: - Finished computing teacher outputs after 8 secs..
2019-10-09 23:45:24,965:INFO: Epoch 1/30
2019-10-09 23:45:26,894:INFO: - Train metrics: accuracy: 0.375 ; loss: 1.658
2019-10-09 23:45:27,248:INFO: - Eval metrics : accuracy: 0.625 ; loss: 0.000
2019-10-09 23:45:27,270:INFO: - Found new best accuracy
2019-10-09 23:45:27,270:INFO: Epoch 2/30
2019-10-09 23:45:29,116:INFO: - Train metrics: accuracy: 0.576 ; loss: 1.175
2019-10-09 23:45:29,457:INFO: - Eval metrics : accuracy: 0.697 ; loss: 0.000
2019-10-09 23:45:29,465:INFO: - Found new best accuracy
2019-10-09 23:45:29,466:INFO: Epoch 3/30
2019-10-09 23:45:31,329:INFO: - Train metrics: accuracy: 0.635 ; loss: 1.028
2019-10-09 23:45:31,658:INFO: - Eval metrics : accuracy: 0.696 ; loss: 0.000
2019-10-09 23:45:31,666:INFO: Epoch 4/30
2019-10-09 23:45:33,538:INFO: - Train metrics: accuracy: 0.668 ; loss: 0.991
2019-10-09 23:45:33,880:INFO: - Eval metrics : accuracy: 0.727 ; loss: 0.000
2019-10-09 23:45:33,901:INFO: - Found new best accuracy
2019-10-09 23:45:33,901:INFO: Epoch 5/30
2019-10-09 23:45:35,679:INFO: - Train metrics: accuracy: 0.693 ; loss: 0.903
2019-10-09 23:45:36,009:INFO: - Eval metrics : accuracy: 0.745 ; loss: 0.000
2019-10-09 23:45:36,018:INFO: - Found new best accuracy
2019-10-09 23:45:36,031:INFO: Epoch 6/30
2019-10-09 23:45:37,869:INFO: - Train metrics: accuracy: 0.703 ; loss: 0.880
2019-10-09 23:45:38,222:INFO: - Eval metrics : accuracy: 0.769 ; loss: 0.000
2019-10-09 23:45:38,246:INFO: - Found new best accuracy
2019-10-09 23:45:38,246:INFO: Epoch 7/30
2019-10-09 23:45:40,082:INFO: - Train metrics: accuracy: 0.746 ; loss: 0.757
2019-10-09 23:45:40,448:INFO: - Eval metrics : accuracy: 0.773 ; loss: 0.000
2019-10-09 23:45:40,469:INFO: - Found new best accuracy
2019-10-09 23:45:40,470:INFO: Epoch 8/30
2019-10-09 23:45:42,248:INFO: - Train metrics: accuracy: 0.709 ; loss: 0.857
2019-10-10 00:01:08,020:INFO: Loading the datasets...
2019-10-10 00:02:00,192:INFO: Loading the datasets...
2019-10-10 00:02:02,167:INFO: - done.
2019-10-10 00:02:31,327:INFO: Loading the datasets...
2019-10-10 00:02:33,292:INFO: - done.
2019-10-10 00:02:35,025:INFO: Experiment - model version: cnn_distill
2019-10-10 00:02:35,025:INFO: Starting training for 30 epoch(s)
2019-10-10 00:02:35,039:INFO: First, loading the teacher model and computing its outputs...
2019-10-10 00:05:38,477:INFO: Loading the datasets...
2019-10-10 00:05:40,432:INFO: - done.
2019-10-10 00:05:42,158:INFO: Experiment - model version: cnn_distill
2019-10-10 00:05:42,159:INFO: Starting training for 30 epoch(s)
2019-10-10 00:05:42,159:INFO: First, loading the teacher model and computing its outputs...
2019-10-10 00:06:16,483:INFO: Loading the datasets...
2019-10-10 00:06:18,451:INFO: - done.
2019-10-10 00:06:20,180:INFO: Experiment - model version: cnn_distill
2019-10-10 00:06:20,180:INFO: Starting training for 30 epoch(s)
2019-10-10 00:06:20,194:INFO: First, loading the teacher model and computing its outputs...
2019-10-10 10:48:08,943:INFO: Loading the datasets...
2019-10-10 10:48:10,889:INFO: - done.
2019-10-10 10:48:12,603:INFO: Experiment - model version: cnn_distill
2019-10-10 10:48:12,603:INFO: Starting training for 30 epoch(s)
2019-10-10 10:48:12,603:INFO: First, loading the teacher model and computing its outputs...
2019-10-10 10:48:32,875:INFO: - Finished computing teacher outputs after 21 secs..
2019-10-10 10:48:32,875:INFO: Epoch 1/30
2019-10-10 10:48:51,608:INFO: - Train metrics: accuracy: 0.415 ; loss: 1.595
2019-10-10 10:48:52,729:INFO: - Eval metrics : accuracy: 0.642 ; loss: 0.000
2019-10-10 10:48:52,737:INFO: - Found new best accuracy
2019-10-10 10:48:52,751:INFO: Epoch 2/30
2019-10-10 11:31:49,034:INFO: Loading the datasets...
2019-10-10 11:31:50,976:INFO: - done.
2019-10-10 11:31:52,667:INFO: Experiment - model version: cnn_distill
2019-10-10 11:31:52,667:INFO: Starting training for 30 epoch(s)
2019-10-10 11:31:52,667:INFO: First, loading the teacher model and computing its outputs...
2019-10-10 11:31:59,935:INFO: - Finished computing teacher outputs after 8 secs..
2019-10-10 11:31:59,936:INFO: Epoch 1/30
2019-10-10 11:32:01,749:INFO: - Train metrics: accuracy: 0.357 ; loss: 1.688
2019-10-10 11:32:02,081:INFO: - Eval metrics : accuracy: 0.617 ; loss: 0.000
2019-10-10 11:32:02,103:INFO: - Found new best accuracy
2019-10-10 11:32:02,104:INFO: Epoch 2/30
2019-10-10 11:32:03,941:INFO: - Train metrics: accuracy: 0.588 ; loss: 1.160
2019-10-10 11:32:04,287:INFO: - Eval metrics : accuracy: 0.687 ; loss: 0.000
2019-10-10 11:32:04,296:INFO: - Found new best accuracy
2019-10-10 11:32:04,297:INFO: Epoch 3/30
2019-10-10 16:33:20,957:INFO: Loading the datasets...
2019-10-10 16:33:22,912:INFO: - done.
2019-10-10 16:33:24,624:INFO: Experiment - model version: cnn_distill
2019-10-10 16:33:24,624:INFO: Starting training for 30 epoch(s)
2019-10-10 16:33:24,625:INFO: First, loading the teacher model and computing its outputs...
2019-10-10 16:34:15,153:INFO: Loading the datasets...
2019-10-10 16:34:17,128:INFO: - done.
2019-10-10 16:34:18,825:INFO: Experiment - model version: cnn_distill
2019-10-10 16:34:18,825:INFO: Starting training for 30 epoch(s)
2019-10-10 16:34:18,839:INFO: First, loading the teacher model and computing its outputs...
2019-10-10 17:01:37,727:INFO: Loading the datasets...
2019-10-10 17:01:39,725:INFO: - done.
2019-10-10 17:01:41,410:INFO: Experiment - model version: cnn_distill
2019-10-10 17:01:41,410:INFO: Starting training for 30 epoch(s)
2019-10-10 17:01:41,410:INFO: First, loading the teacher model and computing its outputs...
2019-10-10 17:01:48,731:INFO: - Finished computing teacher outputs after 8 secs..
2019-10-10 17:01:48,732:INFO: Epoch 1/30
2019-10-10 17:01:50,592:INFO: - Train metrics: accuracy: 0.385 ; loss: 1.676
2019-10-10 17:01:50,955:INFO: - Eval metrics : accuracy: 0.626 ; loss: 0.000
2019-10-10 17:01:50,979:INFO: - Found new best accuracy
2019-10-10 17:01:50,979:INFO: Epoch 2/30
2019-10-10 17:01:52,827:INFO: - Train metrics: accuracy: 0.609 ; loss: 1.133
2019-10-10 17:01:53,152:INFO: - Eval metrics : accuracy: 0.686 ; loss: 0.000
2019-10-10 17:01:53,174:INFO: - Found new best accuracy
2019-10-10 17:01:53,174:INFO: Epoch 3/30
2019-10-10 17:01:55,000:INFO: - Train metrics: accuracy: 0.627 ; loss: 1.031
2019-10-10 17:01:55,350:INFO: - Eval metrics : accuracy: 0.713 ; loss: 0.000
2019-10-10 17:01:55,362:INFO: - Found new best accuracy
2019-10-10 17:01:55,374:INFO: Epoch 4/30
2019-10-10 17:01:57,159:INFO: - Train metrics: accuracy: 0.674 ; loss: 0.930
2019-10-10 17:01:57,538:INFO: - Eval metrics : accuracy: 0.725 ; loss: 0.000
2019-10-10 17:01:57,551:INFO: - Found new best accuracy
2019-10-10 17:01:57,551:INFO: Epoch 5/30
2019-10-10 17:01:59,383:INFO: - Train metrics: accuracy: 0.717 ; loss: 0.898
2019-10-10 17:01:59,723:INFO: - Eval metrics : accuracy: 0.758 ; loss: 0.000
2019-10-10 17:01:59,747:INFO: - Found new best accuracy
2019-10-10 17:01:59,747:INFO: Epoch 6/30
2019-10-10 17:02:01,597:INFO: - Train metrics: accuracy: 0.750 ; loss: 0.823
2019-10-10 17:02:01,919:INFO: - Eval metrics : accuracy: 0.765 ; loss: 0.000
2019-10-10 17:02:01,943:INFO: - Found new best accuracy
2019-10-10 17:02:01,943:INFO: Epoch 7/30
2019-10-10 17:02:03,761:INFO: - Train metrics: accuracy: 0.750 ; loss: 0.788
2019-10-10 17:02:04,109:INFO: - Eval metrics : accuracy: 0.776 ; loss: 0.000
2019-10-10 17:02:04,131:INFO: - Found new best accuracy
2019-10-10 17:02:04,131:INFO: Epoch 8/30
2019-10-10 17:02:05,971:INFO: - Train metrics: accuracy: 0.727 ; loss: 0.835
2019-10-10 17:02:06,314:INFO: - Eval metrics : accuracy: 0.789 ; loss: 0.000
2019-10-10 17:02:06,336:INFO: - Found new best accuracy
2019-10-10 17:02:06,337:INFO: Epoch 9/30
2019-10-10 17:02:08,179:INFO: - Train metrics: accuracy: 0.758 ; loss: 0.768
2019-10-10 17:02:08,515:INFO: - Eval metrics : accuracy: 0.792 ; loss: 0.000
2019-10-10 17:02:08,537:INFO: - Found new best accuracy
2019-10-10 17:02:08,538:INFO: Epoch 10/30
2019-10-10 17:02:10,387:INFO: - Train metrics: accuracy: 0.742 ; loss: 0.772
2019-10-10 17:02:10,773:INFO: - Eval metrics : accuracy: 0.799 ; loss: 0.000
2019-10-10 17:02:10,785:INFO: - Found new best accuracy
2019-10-10 17:02:10,797:INFO: Epoch 11/30
2019-10-10 17:02:12,711:INFO: - Train metrics: accuracy: 0.775 ; loss: 0.742
2019-10-10 17:02:13,070:INFO: - Eval metrics : accuracy: 0.796 ; loss: 0.000
2019-10-10 17:02:13,076:INFO: Epoch 12/30
2019-10-10 17:02:15,007:INFO: - Train metrics: accuracy: 0.777 ; loss: 0.739
2019-10-10 17:02:15,348:INFO: - Eval metrics : accuracy: 0.796 ; loss: 0.000
2019-10-10 17:02:15,356:INFO: Epoch 13/30
2019-10-10 17:02:17,234:INFO: - Train metrics: accuracy: 0.770 ; loss: 0.680
2019-10-10 17:02:17,558:INFO: - Eval metrics : accuracy: 0.798 ; loss: 0.000
2019-10-10 17:02:17,564:INFO: Epoch 14/30
2019-10-10 17:02:19,417:INFO: - Train metrics: accuracy: 0.805 ; loss: 0.649
2019-10-10 17:02:19,748:INFO: - Eval metrics : accuracy: 0.803 ; loss: 0.000
2019-10-10 17:02:19,771:INFO: - Found new best accuracy
2019-10-10 17:02:19,771:INFO: Epoch 15/30
2019-10-10 17:02:21,604:INFO: - Train metrics: accuracy: 0.795 ; loss: 0.652
2019-10-10 17:02:21,952:INFO: - Eval metrics : accuracy: 0.820 ; loss: 0.000
2019-10-10 17:02:21,964:INFO: - Found new best accuracy
2019-10-10 17:02:21,976:INFO: Epoch 16/30
2019-10-10 17:02:23,822:INFO: - Train metrics: accuracy: 0.797 ; loss: 0.634
2019-10-10 17:02:24,148:INFO: - Eval metrics : accuracy: 0.809 ; loss: 0.000
2019-10-10 17:02:24,156:INFO: Epoch 17/30
2019-10-10 17:02:26,058:INFO: - Train metrics: accuracy: 0.777 ; loss: 0.638
2019-10-10 17:02:26,452:INFO: - Eval metrics : accuracy: 0.820 ; loss: 0.000
2019-10-10 17:02:26,472:INFO: Epoch 18/30
2019-10-10 17:02:28,393:INFO: - Train metrics: accuracy: 0.820 ; loss: 0.595
2019-10-10 17:02:28,731:INFO: - Eval metrics : accuracy: 0.820 ; loss: 0.000
2019-10-10 17:02:28,737:INFO: Epoch 19/30
2019-10-10 17:02:30,574:INFO: - Train metrics: accuracy: 0.834 ; loss: 0.555
2019-10-10 17:02:30,900:INFO: - Eval metrics : accuracy: 0.816 ; loss: 0.000
2019-10-10 17:02:30,906:INFO: Epoch 20/30
2019-10-10 17:02:32,727:INFO: - Train metrics: accuracy: 0.805 ; loss: 0.618
2019-10-10 17:02:33,067:INFO: - Eval metrics : accuracy: 0.827 ; loss: 0.000
2019-10-10 17:02:33,090:INFO: - Found new best accuracy
2019-10-10 17:02:33,091:INFO: Epoch 21/30
2019-10-10 17:02:35,022:INFO: - Train metrics: accuracy: 0.830 ; loss: 0.564
2019-10-10 17:02:35,370:INFO: - Eval metrics : accuracy: 0.817 ; loss: 0.000
2019-10-10 17:02:35,377:INFO: Epoch 22/30
2019-10-10 17:02:37,295:INFO: - Train metrics: accuracy: 0.805 ; loss: 0.647
2019-10-10 17:02:37,621:INFO: - Eval metrics : accuracy: 0.821 ; loss: 0.000
2019-10-10 17:02:37,627:INFO: Epoch 23/30
2019-10-10 17:02:39,528:INFO: - Train metrics: accuracy: 0.836 ; loss: 0.568
2019-10-10 17:02:39,862:INFO: - Eval metrics : accuracy: 0.816 ; loss: 0.000
2019-10-10 17:02:39,870:INFO: Epoch 24/30
2019-10-10 17:02:41,741:INFO: - Train metrics: accuracy: 0.812 ; loss: 0.593
2019-10-10 17:02:42,068:INFO: - Eval metrics : accuracy: 0.833 ; loss: 0.000
2019-10-10 17:02:42,077:INFO: - Found new best accuracy
2019-10-10 17:02:42,090:INFO: Epoch 25/30
2019-10-10 17:02:43,938:INFO: - Train metrics: accuracy: 0.836 ; loss: 0.567
2019-10-10 17:02:44,271:INFO: - Eval metrics : accuracy: 0.832 ; loss: 0.000
2019-10-10 17:02:44,279:INFO: Epoch 26/30
2019-10-10 17:02:46,170:INFO: - Train metrics: accuracy: 0.828 ; loss: 0.565
2019-10-10 17:02:46,498:INFO: - Eval metrics : accuracy: 0.825 ; loss: 0.000
2019-10-10 17:02:46,504:INFO: Epoch 27/30
2019-10-10 17:02:48,373:INFO: - Train metrics: accuracy: 0.820 ; loss: 0.632
2019-10-10 17:02:48,727:INFO: - Eval metrics : accuracy: 0.833 ; loss: 0.000
2019-10-10 17:02:48,735:INFO: Epoch 28/30
2019-10-10 17:02:50,659:INFO: - Train metrics: accuracy: 0.838 ; loss: 0.586
2019-10-10 17:02:50,989:INFO: - Eval metrics : accuracy: 0.838 ; loss: 0.000
2019-10-10 17:02:50,999:INFO: - Found new best accuracy
2019-10-10 17:02:50,999:INFO: Epoch 29/30
2019-10-10 17:02:52,953:INFO: - Train metrics: accuracy: 0.828 ; loss: 0.592
2019-10-10 17:02:53,311:INFO: - Eval metrics : accuracy: 0.835 ; loss: 0.000
2019-10-10 17:02:53,319:INFO: Epoch 30/30
2019-10-10 17:02:55,227:INFO: - Train metrics: accuracy: 0.812 ; loss: 0.641
2019-10-10 17:02:55,582:INFO: - Eval metrics : accuracy: 0.838 ; loss: 0.000
2019-10-10 17:03:05,743:INFO: Loading the datasets...
2019-10-10 17:03:07,692:INFO: - done.
2019-10-10 17:03:09,390:INFO: Experiment - model version: cnn_distill
2019-10-10 17:03:09,390:INFO: Starting training for 30 epoch(s)
2019-10-10 17:03:09,390:INFO: First, loading the teacher model and computing its outputs...
2019-10-10 17:03:16,723:INFO: - Finished computing teacher outputs after 8 secs..
2019-10-10 17:03:16,723:INFO: Epoch 1/30
2019-10-10 17:03:18,578:INFO: - Train metrics: accuracy: 0.379 ; loss: 1.585
2019-10-10 17:03:18,903:INFO: - Eval metrics : accuracy: 0.629 ; loss: 0.000
2019-10-10 17:03:18,912:INFO: - Found new best accuracy
2019-10-10 17:03:18,913:INFO: Epoch 2/30
2019-10-10 17:03:20,702:INFO: - Train metrics: accuracy: 0.611 ; loss: 1.081
2019-10-10 17:03:21,040:INFO: - Eval metrics : accuracy: 0.688 ; loss: 0.000
2019-10-10 17:03:21,063:INFO: - Found new best accuracy
2019-10-10 17:03:21,064:INFO: Epoch 3/30
2019-10-10 17:03:22,926:INFO: - Train metrics: accuracy: 0.668 ; loss: 0.906
2019-10-10 17:03:23,271:INFO: - Eval metrics : accuracy: 0.710 ; loss: 0.000
2019-10-10 17:03:23,283:INFO: - Found new best accuracy
2019-10-10 17:03:23,295:INFO: Epoch 4/30
2019-10-10 17:03:25,127:INFO: - Train metrics: accuracy: 0.717 ; loss: 0.837
2019-10-10 17:03:25,455:INFO: - Eval metrics : accuracy: 0.745 ; loss: 0.000
2019-10-10 17:03:25,479:INFO: - Found new best accuracy
2019-10-10 17:03:25,479:INFO: Epoch 5/30
2019-10-10 17:03:27,299:INFO: - Train metrics: accuracy: 0.709 ; loss: 0.813
2019-10-10 17:03:27,635:INFO: - Eval metrics : accuracy: 0.746 ; loss: 0.000
2019-10-10 17:03:27,644:INFO: - Found new best accuracy
2019-10-10 17:03:27,658:INFO: Epoch 6/30
2019-10-10 17:03:29,489:INFO: - Train metrics: accuracy: 0.723 ; loss: 0.828
2019-10-10 17:03:29,852:INFO: - Eval metrics : accuracy: 0.763 ; loss: 0.000
2019-10-10 17:03:29,860:INFO: - Found new best accuracy
2019-10-10 17:03:29,874:INFO: Epoch 7/30
2019-10-10 17:03:31,744:INFO: - Train metrics: accuracy: 0.742 ; loss: 0.674
2019-10-10 17:03:32,074:INFO: - Eval metrics : accuracy: 0.766 ; loss: 0.000
2019-10-10 17:03:32,097:INFO: - Found new best accuracy
2019-10-10 17:03:32,097:INFO: Epoch 8/30
2019-10-10 17:03:33,895:INFO: - Train metrics: accuracy: 0.756 ; loss: 0.691
2019-10-10 17:03:34,241:INFO: - Eval metrics : accuracy: 0.779 ; loss: 0.000
2019-10-10 17:03:34,250:INFO: - Found new best accuracy
2019-10-10 17:03:34,250:INFO: Epoch 9/30
2019-10-10 17:03:36,086:INFO: - Train metrics: accuracy: 0.770 ; loss: 0.638
2019-10-10 17:03:36,406:INFO: - Eval metrics : accuracy: 0.790 ; loss: 0.000
2019-10-10 17:03:36,428:INFO: - Found new best accuracy
2019-10-10 17:03:36,429:INFO: Epoch 10/30
2019-10-10 17:03:38,263:INFO: - Train metrics: accuracy: 0.787 ; loss: 0.617
2019-10-10 17:03:38,587:INFO: - Eval metrics : accuracy: 0.795 ; loss: 0.000
2019-10-10 17:03:38,599:INFO: - Found new best accuracy
2019-10-10 17:03:38,611:INFO: Epoch 11/30
2019-10-10 17:03:40,443:INFO: - Train metrics: accuracy: 0.791 ; loss: 0.612
2019-10-10 17:03:40,777:INFO: - Eval metrics : accuracy: 0.791 ; loss: 0.000
2019-10-10 17:03:40,782:INFO: Epoch 12/30
2019-10-10 17:03:42,638:INFO: - Train metrics: accuracy: 0.775 ; loss: 0.618
2019-10-10 17:03:42,961:INFO: - Eval metrics : accuracy: 0.796 ; loss: 0.000
2019-10-10 17:03:42,970:INFO: - Found new best accuracy
2019-10-10 17:03:42,971:INFO: Epoch 13/30
2019-10-10 17:03:44,832:INFO: - Train metrics: accuracy: 0.781 ; loss: 0.599
2019-10-10 17:03:45,165:INFO: - Eval metrics : accuracy: 0.803 ; loss: 0.000
2019-10-10 17:03:45,186:INFO: - Found new best accuracy
2019-10-10 17:03:45,187:INFO: Epoch 14/30
2019-10-10 17:03:47,003:INFO: - Train metrics: accuracy: 0.809 ; loss: 0.536
2019-10-10 17:03:47,325:INFO: - Eval metrics : accuracy: 0.799 ; loss: 0.000
2019-10-10 17:03:47,331:INFO: Epoch 15/30
2019-10-10 17:03:49,195:INFO: - Train metrics: accuracy: 0.799 ; loss: 0.545
2019-10-10 17:03:49,547:INFO: - Eval metrics : accuracy: 0.811 ; loss: 0.000
2019-10-10 17:03:49,556:INFO: - Found new best accuracy
2019-10-10 17:03:49,557:INFO: Epoch 16/30
2019-10-10 17:03:51,426:INFO: - Train metrics: accuracy: 0.785 ; loss: 0.572
2019-10-10 17:03:51,764:INFO: - Eval metrics : accuracy: 0.815 ; loss: 0.000
2019-10-10 17:03:51,773:INFO: - Found new best accuracy
2019-10-10 17:03:51,786:INFO: Epoch 17/30
2019-10-10 17:03:53,627:INFO: - Train metrics: accuracy: 0.781 ; loss: 0.585
2019-10-10 17:03:53,973:INFO: - Eval metrics : accuracy: 0.816 ; loss: 0.000
2019-10-10 17:03:53,981:INFO: - Found new best accuracy
2019-10-10 17:03:53,982:INFO: Epoch 18/30
2019-10-10 17:03:55,839:INFO: - Train metrics: accuracy: 0.848 ; loss: 0.442
2019-10-10 17:03:56,178:INFO: - Eval metrics : accuracy: 0.807 ; loss: 0.000
2019-10-10 17:03:56,184:INFO: Epoch 19/30
2019-10-10 17:03:58,042:INFO: - Train metrics: accuracy: 0.811 ; loss: 0.531
2019-10-10 17:03:58,391:INFO: - Eval metrics : accuracy: 0.819 ; loss: 0.000
2019-10-10 17:03:58,413:INFO: - Found new best accuracy
2019-10-10 17:03:58,413:INFO: Epoch 20/30
2019-10-10 17:04:00,264:INFO: - Train metrics: accuracy: 0.838 ; loss: 0.475
2019-10-10 17:04:00,601:INFO: - Eval metrics : accuracy: 0.827 ; loss: 0.000
2019-10-10 17:04:00,623:INFO: - Found new best accuracy
2019-10-10 17:04:00,623:INFO: Epoch 21/30
2019-10-10 17:04:02,472:INFO: - Train metrics: accuracy: 0.855 ; loss: 0.423
2019-10-10 17:04:02,808:INFO: - Eval metrics : accuracy: 0.827 ; loss: 0.000
2019-10-10 17:04:02,816:INFO: Epoch 22/30
2019-10-10 17:04:04,633:INFO: - Train metrics: accuracy: 0.828 ; loss: 0.486
2019-10-10 17:04:04,960:INFO: - Eval metrics : accuracy: 0.823 ; loss: 0.000
2019-10-10 17:04:04,966:INFO: Epoch 23/30
2019-10-10 17:04:06,764:INFO: - Train metrics: accuracy: 0.820 ; loss: 0.505
2019-10-10 17:04:07,116:INFO: - Eval metrics : accuracy: 0.816 ; loss: 0.000
2019-10-10 17:04:07,124:INFO: Epoch 24/30
2019-10-10 17:04:08,953:INFO: - Train metrics: accuracy: 0.824 ; loss: 0.508
2019-10-10 17:04:09,308:INFO: - Eval metrics : accuracy: 0.822 ; loss: 0.000
2019-10-10 17:04:09,316:INFO: Epoch 25/30
2019-10-10 17:04:11,193:INFO: - Train metrics: accuracy: 0.824 ; loss: 0.496
2019-10-10 17:04:11,518:INFO: - Eval metrics : accuracy: 0.825 ; loss: 0.000
2019-10-10 17:04:11,524:INFO: Epoch 26/30
2019-10-10 17:04:13,325:INFO: - Train metrics: accuracy: 0.830 ; loss: 0.486
2019-10-10 17:04:13,657:INFO: - Eval metrics : accuracy: 0.822 ; loss: 0.000
2019-10-10 17:04:13,665:INFO: Epoch 27/30
2019-10-10 17:04:15,546:INFO: - Train metrics: accuracy: 0.830 ; loss: 0.451
2019-10-10 17:04:15,869:INFO: - Eval metrics : accuracy: 0.822 ; loss: 0.000
2019-10-10 17:04:15,875:INFO: Epoch 28/30
2019-10-10 17:04:17,784:INFO: - Train metrics: accuracy: 0.830 ; loss: 0.473
2019-10-10 17:04:18,124:INFO: - Eval metrics : accuracy: 0.827 ; loss: 0.000
2019-10-10 17:04:18,130:INFO: Epoch 29/30
2019-10-10 17:04:19,997:INFO: - Train metrics: accuracy: 0.861 ; loss: 0.401
2019-10-10 17:04:20,368:INFO: - Eval metrics : accuracy: 0.820 ; loss: 0.000
2019-10-10 17:04:20,375:INFO: Epoch 30/30
2019-10-10 17:04:22,271:INFO: - Train metrics: accuracy: 0.879 ; loss: 0.369
2019-10-10 17:04:22,638:INFO: - Eval metrics : accuracy: 0.822 ; loss: 0.000
2019-10-25 15:06:52,146:INFO: Loading the datasets...
2019-10-25 15:06:54,149:INFO: - done.
2019-10-25 15:06:55,877:INFO: Experiment - model version: cnn_distill
2019-10-25 15:06:55,878:INFO: Starting training for 30 epoch(s)
2019-10-25 15:06:55,878:INFO: First, loading the teacher model and computing its outputs...
2019-10-25 15:07:03,265:INFO: - Finished computing teacher outputs after 8 secs..
2019-10-25 15:07:03,265:INFO: Epoch 1/30
2019-10-25 15:07:05,132:INFO: - Train metrics: accuracy: 0.367 ; loss: 1.698
2019-10-25 15:07:05,474:INFO: - Eval metrics : accuracy: 0.634 ; loss: 0.000
2019-10-25 15:07:05,497:INFO: - Found new best accuracy
2019-10-25 15:07:05,498:INFO: Epoch 2/30
2019-10-25 15:07:07,302:INFO: - Train metrics: accuracy: 0.596 ; loss: 1.153
2019-10-25 15:07:07,616:INFO: - Eval metrics : accuracy: 0.699 ; loss: 0.000
2019-10-25 15:07:07,639:INFO: - Found new best accuracy
2019-10-25 15:07:07,640:INFO: Epoch 3/30
2019-10-25 15:07:09,431:INFO: - Train metrics: accuracy: 0.643 ; loss: 1.021
2019-10-25 15:07:09,774:INFO: - Eval metrics : accuracy: 0.710 ; loss: 0.000
2019-10-25 15:07:09,798:INFO: - Found new best accuracy
2019-10-25 15:07:09,798:INFO: Epoch 4/30
2019-10-25 15:07:11,542:INFO: - Train metrics: accuracy: 0.660 ; loss: 0.944
2019-10-25 15:07:11,861:INFO: - Eval metrics : accuracy: 0.743 ; loss: 0.000
2019-10-25 15:07:11,871:INFO: - Found new best accuracy
2019-10-25 15:07:11,871:INFO: Epoch 5/30
2019-10-25 15:07:13,727:INFO: - Train metrics: accuracy: 0.682 ; loss: 0.940
2019-10-25 15:07:14,047:INFO: - Eval metrics : accuracy: 0.752 ; loss: 0.000
2019-10-25 15:07:14,071:INFO: - Found new best accuracy
2019-10-25 15:07:14,071:INFO: Epoch 6/30
2019-10-25 15:07:15,884:INFO: - Train metrics: accuracy: 0.709 ; loss: 0.840
2019-10-25 15:07:16,190:INFO: - Eval metrics : accuracy: 0.772 ; loss: 0.000
2019-10-25 15:07:16,216:INFO: - Found new best accuracy
2019-10-25 15:07:16,216:INFO: Epoch 7/30
2019-10-25 15:07:18,104:INFO: - Train metrics: accuracy: 0.750 ; loss: 0.762
2019-10-25 15:07:18,431:INFO: - Eval metrics : accuracy: 0.773 ; loss: 0.000
2019-10-25 15:07:18,459:INFO: - Found new best accuracy
2019-10-25 15:07:18,459:INFO: Epoch 8/30
2019-10-25 15:07:20,234:INFO: - Train metrics: accuracy: 0.730 ; loss: 0.800
2019-10-25 15:07:20,554:INFO: - Eval metrics : accuracy: 0.784 ; loss: 0.000
2019-10-25 15:07:20,575:INFO: - Found new best accuracy
2019-10-25 15:07:20,576:INFO: Epoch 9/30
2019-10-25 15:07:22,427:INFO: - Train metrics: accuracy: 0.775 ; loss: 0.764
2019-10-25 15:07:22,747:INFO: - Eval metrics : accuracy: 0.785 ; loss: 0.000
2019-10-25 15:07:22,756:INFO: - Found new best accuracy
2019-10-25 15:07:22,769:INFO: Epoch 10/30
2019-10-25 15:07:24,573:INFO: - Train metrics: accuracy: 0.744 ; loss: 0.775
2019-10-25 15:07:24,899:INFO: - Eval metrics : accuracy: 0.789 ; loss: 0.000
2019-10-25 15:07:24,922:INFO: - Found new best accuracy
2019-10-25 15:07:24,923:INFO: Epoch 11/30
2019-10-25 15:07:26,664:INFO: - Train metrics: accuracy: 0.744 ; loss: 0.743
2019-10-25 15:07:26,970:INFO: - Eval metrics : accuracy: 0.784 ; loss: 0.000
2019-10-25 15:07:26,978:INFO: Epoch 12/30
2019-10-25 15:07:28,802:INFO: - Train metrics: accuracy: 0.799 ; loss: 0.688
2019-10-25 15:07:29,132:INFO: - Eval metrics : accuracy: 0.803 ; loss: 0.000
2019-10-25 15:07:29,154:INFO: - Found new best accuracy
2019-10-25 15:07:29,154:INFO: Epoch 13/30
2019-10-25 15:07:30,927:INFO: - Train metrics: accuracy: 0.812 ; loss: 0.661
2019-10-25 15:07:31,247:INFO: - Eval metrics : accuracy: 0.794 ; loss: 0.000
2019-10-25 15:07:31,254:INFO: Epoch 14/30
2019-10-25 15:07:33,120:INFO: - Train metrics: accuracy: 0.803 ; loss: 0.666
2019-10-25 15:07:33,445:INFO: - Eval metrics : accuracy: 0.806 ; loss: 0.000
2019-10-25 15:07:33,457:INFO: - Found new best accuracy
2019-10-25 15:07:33,469:INFO: Epoch 15/30
2019-10-25 15:07:35,296:INFO: - Train metrics: accuracy: 0.803 ; loss: 0.673
2019-10-25 15:07:35,626:INFO: - Eval metrics : accuracy: 0.809 ; loss: 0.000
2019-10-25 15:07:35,649:INFO: - Found new best accuracy
2019-10-25 15:07:35,650:INFO: Epoch 16/30
2019-10-25 15:07:37,431:INFO: - Train metrics: accuracy: 0.779 ; loss: 0.649
2019-10-25 15:07:37,761:INFO: - Eval metrics : accuracy: 0.807 ; loss: 0.000
2019-10-25 15:07:37,769:INFO: Epoch 17/30
2019-10-25 15:07:39,588:INFO: - Train metrics: accuracy: 0.805 ; loss: 0.629
2019-10-25 15:07:39,897:INFO: - Eval metrics : accuracy: 0.819 ; loss: 0.000
2019-10-25 15:07:39,919:INFO: - Found new best accuracy
2019-10-25 15:07:39,919:INFO: Epoch 18/30
2019-10-25 15:07:41,741:INFO: - Train metrics: accuracy: 0.812 ; loss: 0.604
2019-10-25 15:07:42,071:INFO: - Eval metrics : accuracy: 0.809 ; loss: 0.000
2019-10-25 15:07:42,079:INFO: Epoch 19/30
2019-10-25 15:07:43,936:INFO: - Train metrics: accuracy: 0.838 ; loss: 0.562
2019-10-25 15:07:44,306:INFO: - Eval metrics : accuracy: 0.813 ; loss: 0.000
2019-10-25 15:07:44,314:INFO: Epoch 20/30
2019-10-25 15:07:46,107:INFO: - Train metrics: accuracy: 0.797 ; loss: 0.617
2019-10-25 15:07:46,436:INFO: - Eval metrics : accuracy: 0.816 ; loss: 0.000
2019-10-25 15:07:46,444:INFO: Epoch 21/30
2019-10-25 15:07:48,264:INFO: - Train metrics: accuracy: 0.836 ; loss: 0.552
2019-10-25 15:07:48,595:INFO: - Eval metrics : accuracy: 0.820 ; loss: 0.000
2019-10-25 15:07:48,618:INFO: - Found new best accuracy
2019-10-25 15:07:48,619:INFO: Epoch 22/30
2019-10-25 15:07:50,396:INFO: - Train metrics: accuracy: 0.818 ; loss: 0.607
2019-10-25 15:07:50,711:INFO: - Eval metrics : accuracy: 0.818 ; loss: 0.000
2019-10-25 15:07:50,719:INFO: Epoch 23/30
2019-10-25 15:07:52,490:INFO: - Train metrics: accuracy: 0.826 ; loss: 0.577
2019-10-25 15:07:52,826:INFO: - Eval metrics : accuracy: 0.820 ; loss: 0.000
2019-10-25 15:07:52,847:INFO: - Found new best accuracy
2019-10-25 15:07:52,848:INFO: Epoch 24/30
2019-10-25 15:07:54,641:INFO: - Train metrics: accuracy: 0.814 ; loss: 0.589
2019-10-25 15:07:54,967:INFO: - Eval metrics : accuracy: 0.827 ; loss: 0.000
2019-10-25 15:07:54,978:INFO: - Found new best accuracy
2019-10-25 15:07:54,979:INFO: Epoch 25/30
2019-10-25 15:07:56,792:INFO: - Train metrics: accuracy: 0.836 ; loss: 0.576
2019-10-25 15:07:57,133:INFO: - Eval metrics : accuracy: 0.834 ; loss: 0.000
2019-10-25 15:07:57,154:INFO: - Found new best accuracy
2019-10-25 15:07:57,155:INFO: Epoch 26/30
2019-10-25 15:07:58,972:INFO: - Train metrics: accuracy: 0.824 ; loss: 0.589
2019-10-25 15:07:59,295:INFO: - Eval metrics : accuracy: 0.824 ; loss: 0.000
2019-10-25 15:07:59,302:INFO: Epoch 27/30
2019-10-25 15:08:01,142:INFO: - Train metrics: accuracy: 0.822 ; loss: 0.622
2019-10-25 15:08:01,456:INFO: - Eval metrics : accuracy: 0.831 ; loss: 0.000
2019-10-25 15:08:01,462:INFO: Epoch 28/30
2019-10-25 15:08:03,308:INFO: - Train metrics: accuracy: 0.844 ; loss: 0.559
2019-10-25 15:08:03,618:INFO: - Eval metrics : accuracy: 0.825 ; loss: 0.000
2019-10-25 15:08:03,626:INFO: Epoch 29/30
2019-10-25 15:08:05,434:INFO: - Train metrics: accuracy: 0.820 ; loss: 0.601
2019-10-25 15:08:05,767:INFO: - Eval metrics : accuracy: 0.833 ; loss: 0.000
2019-10-25 15:08:05,772:INFO: Epoch 30/30
2019-10-25 15:08:07,561:INFO: - Train metrics: accuracy: 0.814 ; loss: 0.599
2019-10-25 15:08:07,893:INFO: - Eval metrics : accuracy: 0.835 ; loss: 0.000
2019-10-25 15:08:07,915:INFO: - Found new best accuracy
