2019-10-08 18:28:15,396:INFO: Loading the datasets...
2019-10-08 18:28:17,415:INFO: - done.
2019-10-08 18:28:19,157:INFO: Experiment - model version: cnn_distill
2019-10-08 18:28:19,157:INFO: Starting training for 30 epoch(s)
2019-10-08 18:28:19,157:INFO: First, loading the teacher model and computing its outputs...
2019-10-08 18:28:26,477:INFO: - Finished computing teacher outputs after 8.0 secs..
2019-10-08 18:28:26,478:INFO: Epoch 1/30
2019-10-08 18:28:28,376:INFO: - Train metrics: loss: 1.609 ; accuracy: 0.387
2019-10-08 18:28:28,738:INFO: - Eval metrics : loss: 0.000 ; accuracy: 0.628
2019-10-08 18:28:28,746:INFO: - Found new best accuracy
2019-10-08 18:28:28,746:INFO: Epoch 2/30
2019-10-08 18:28:30,651:INFO: - Train metrics: loss: 1.133 ; accuracy: 0.592
2019-10-08 18:28:30,994:INFO: - Eval metrics : loss: 0.000 ; accuracy: 0.686
2019-10-08 18:28:31,003:INFO: - Found new best accuracy
2019-10-08 18:28:31,016:INFO: Epoch 3/30
2019-10-08 18:28:32,896:INFO: - Train metrics: loss: 1.020 ; accuracy: 0.631
2019-10-08 18:28:33,242:INFO: - Eval metrics : loss: 0.000 ; accuracy: 0.712
2019-10-08 18:28:33,253:INFO: - Found new best accuracy
2019-10-08 18:28:33,265:INFO: Epoch 4/30
2019-10-08 18:28:35,118:INFO: - Train metrics: loss: 0.956 ; accuracy: 0.686
2019-10-08 18:28:35,500:INFO: - Eval metrics : loss: 0.000 ; accuracy: 0.731
2019-10-08 18:28:35,522:INFO: - Found new best accuracy
2019-10-08 18:28:35,523:INFO: Epoch 5/30
2019-10-08 18:28:37,414:INFO: - Train metrics: loss: 0.919 ; accuracy: 0.686
2019-10-08 18:28:37,754:INFO: - Eval metrics : loss: 0.000 ; accuracy: 0.752
2019-10-08 18:28:37,763:INFO: - Found new best accuracy
2019-10-08 18:28:37,777:INFO: Epoch 6/30
2019-10-08 18:28:39,692:INFO: - Train metrics: loss: 0.848 ; accuracy: 0.732
2019-10-08 18:28:40,050:INFO: - Eval metrics : loss: 0.000 ; accuracy: 0.767
2019-10-08 18:28:40,059:INFO: - Found new best accuracy
2019-10-08 18:28:40,072:INFO: Epoch 7/30
2019-10-08 18:28:41,939:INFO: - Train metrics: loss: 0.775 ; accuracy: 0.754
2019-10-08 18:28:42,311:INFO: - Eval metrics : loss: 0.000 ; accuracy: 0.771
2019-10-08 18:28:42,320:INFO: - Found new best accuracy
2019-10-08 18:28:42,334:INFO: Epoch 8/30
2019-10-08 18:28:44,179:INFO: - Train metrics: loss: 0.862 ; accuracy: 0.713
2019-10-08 18:28:44,538:INFO: - Eval metrics : loss: 0.000 ; accuracy: 0.770
2019-10-08 18:28:44,546:INFO: Epoch 9/30
2019-10-08 18:28:46,476:INFO: - Train metrics: loss: 0.764 ; accuracy: 0.770
2019-10-08 18:28:46,828:INFO: - Eval metrics : loss: 0.000 ; accuracy: 0.780
2019-10-08 18:28:46,840:INFO: - Found new best accuracy
2019-10-08 18:28:46,852:INFO: Epoch 10/30
2019-10-08 18:28:48,685:INFO: - Train metrics: loss: 0.771 ; accuracy: 0.742
2019-10-08 18:28:49,049:INFO: - Eval metrics : loss: 0.000 ; accuracy: 0.791
2019-10-08 18:28:49,061:INFO: - Found new best accuracy
2019-10-08 18:28:49,073:INFO: Epoch 11/30
2019-10-08 18:28:50,958:INFO: - Train metrics: loss: 0.690 ; accuracy: 0.789
2019-10-08 18:28:51,295:INFO: - Eval metrics : loss: 0.000 ; accuracy: 0.785
2019-10-08 18:28:51,302:INFO: Epoch 12/30
2019-10-08 18:28:53,195:INFO: - Train metrics: loss: 0.705 ; accuracy: 0.777
2019-10-08 18:28:53,527:INFO: - Eval metrics : loss: 0.000 ; accuracy: 0.799
2019-10-08 18:28:53,536:INFO: - Found new best accuracy
2019-10-08 18:28:53,550:INFO: Epoch 13/30
2019-10-08 18:28:55,446:INFO: - Train metrics: loss: 0.687 ; accuracy: 0.771
2019-10-08 18:28:55,789:INFO: - Eval metrics : loss: 0.000 ; accuracy: 0.796
2019-10-08 18:28:55,795:INFO: Epoch 14/30
2019-10-08 18:28:57,695:INFO: - Train metrics: loss: 0.699 ; accuracy: 0.773
2019-10-08 18:28:58,050:INFO: - Eval metrics : loss: 0.000 ; accuracy: 0.814
2019-10-08 18:28:58,062:INFO: - Found new best accuracy
2019-10-08 18:28:58,063:INFO: Epoch 15/30
2019-10-08 18:28:59,959:INFO: - Train metrics: loss: 0.645 ; accuracy: 0.816
2019-10-08 18:29:00,317:INFO: - Eval metrics : loss: 0.000 ; accuracy: 0.808
2019-10-08 18:29:00,324:INFO: Epoch 16/30
2019-10-08 18:29:02,242:INFO: - Train metrics: loss: 0.646 ; accuracy: 0.805
2019-10-08 18:29:02,577:INFO: - Eval metrics : loss: 0.000 ; accuracy: 0.805
2019-10-08 18:29:02,585:INFO: Epoch 17/30
2019-10-08 18:29:04,524:INFO: - Train metrics: loss: 0.648 ; accuracy: 0.816
2019-10-08 18:29:04,882:INFO: - Eval metrics : loss: 0.000 ; accuracy: 0.805
2019-10-08 18:29:04,888:INFO: Epoch 18/30
2019-10-08 18:29:06,812:INFO: - Train metrics: loss: 0.633 ; accuracy: 0.807
2019-10-08 18:29:07,172:INFO: - Eval metrics : loss: 0.000 ; accuracy: 0.825
2019-10-08 18:29:07,184:INFO: - Found new best accuracy
2019-10-08 18:29:07,196:INFO: Epoch 19/30
2019-10-08 18:29:09,105:INFO: - Train metrics: loss: 0.571 ; accuracy: 0.852
2019-10-08 18:29:09,457:INFO: - Eval metrics : loss: 0.000 ; accuracy: 0.813
2019-10-08 18:29:09,464:INFO: Epoch 20/30
2019-10-08 18:29:11,410:INFO: - Train metrics: loss: 0.602 ; accuracy: 0.809
2019-10-08 18:29:11,771:INFO: - Eval metrics : loss: 0.000 ; accuracy: 0.827
2019-10-08 18:29:11,781:INFO: - Found new best accuracy
2019-10-08 18:29:11,794:INFO: Epoch 21/30
2019-10-08 18:29:13,625:INFO: - Train metrics: loss: 0.574 ; accuracy: 0.840
2019-10-08 18:29:13,960:INFO: - Eval metrics : loss: 0.000 ; accuracy: 0.820
2019-10-08 18:29:13,966:INFO: Epoch 22/30
2019-10-08 18:29:15,887:INFO: - Train metrics: loss: 0.652 ; accuracy: 0.814
2019-10-08 18:29:16,226:INFO: - Eval metrics : loss: 0.000 ; accuracy: 0.808
2019-10-08 18:29:16,232:INFO: Epoch 23/30
2019-10-08 18:29:18,127:INFO: - Train metrics: loss: 0.571 ; accuracy: 0.834
2019-10-08 18:29:18,486:INFO: - Eval metrics : loss: 0.000 ; accuracy: 0.817
2019-10-08 18:29:18,492:INFO: Epoch 24/30
2019-10-08 18:29:20,392:INFO: - Train metrics: loss: 0.590 ; accuracy: 0.824
2019-10-08 18:29:20,767:INFO: - Eval metrics : loss: 0.000 ; accuracy: 0.832
2019-10-08 18:29:20,777:INFO: - Found new best accuracy
2019-10-08 18:29:20,790:INFO: Epoch 25/30
2019-10-08 18:29:22,655:INFO: - Train metrics: loss: 0.601 ; accuracy: 0.818
2019-10-08 18:29:22,991:INFO: - Eval metrics : loss: 0.000 ; accuracy: 0.839
2019-10-08 18:29:23,000:INFO: - Found new best accuracy
2019-10-08 18:29:23,001:INFO: Epoch 26/30
2019-10-08 18:29:24,891:INFO: - Train metrics: loss: 0.588 ; accuracy: 0.840
2019-10-08 18:29:25,242:INFO: - Eval metrics : loss: 0.000 ; accuracy: 0.833
2019-10-08 18:29:25,249:INFO: Epoch 27/30
2019-10-08 18:29:27,179:INFO: - Train metrics: loss: 0.621 ; accuracy: 0.812
2019-10-08 18:29:27,537:INFO: - Eval metrics : loss: 0.000 ; accuracy: 0.836
2019-10-08 18:29:27,544:INFO: Epoch 28/30
2019-10-08 18:29:29,468:INFO: - Train metrics: loss: 0.562 ; accuracy: 0.826
2019-10-08 18:29:29,821:INFO: - Eval metrics : loss: 0.000 ; accuracy: 0.832
2019-10-08 18:29:29,827:INFO: Epoch 29/30
2019-10-08 18:29:31,669:INFO: - Train metrics: loss: 0.575 ; accuracy: 0.840
2019-10-08 18:29:32,041:INFO: - Eval metrics : loss: 0.000 ; accuracy: 0.834
2019-10-08 18:29:32,049:INFO: Epoch 30/30
2019-10-08 18:29:33,967:INFO: - Train metrics: loss: 0.706 ; accuracy: 0.785
2019-10-08 18:29:34,327:INFO: - Eval metrics : loss: 0.000 ; accuracy: 0.840
2019-10-08 18:29:34,350:INFO: - Found new best accuracy
