2019-10-08 18:30:54,195:INFO: Loading the datasets...
2019-10-08 18:30:56,202:INFO: - done.
2019-10-08 18:30:57,950:INFO: Experiment - model version: cnn_distill
2019-10-08 18:30:57,950:INFO: Starting training for 30 epoch(s)
2019-10-08 18:30:57,950:INFO: First, loading the teacher model and computing its outputs...
2019-10-08 18:31:05,274:INFO: - Finished computing teacher outputs after 8.0 secs..
2019-10-08 18:31:05,274:INFO: Epoch 1/30
2019-10-08 18:31:07,177:INFO: - Train metrics: loss: 1.658 ; accuracy: 0.365
2019-10-08 18:31:07,518:INFO: - Eval metrics : loss: 0.000 ; accuracy: 0.623
2019-10-08 18:31:07,526:INFO: - Found new best accuracy
2019-10-08 18:31:07,527:INFO: Epoch 2/30
2019-10-08 18:31:09,461:INFO: - Train metrics: loss: 1.148 ; accuracy: 0.625
2019-10-08 18:31:09,805:INFO: - Eval metrics : loss: 0.000 ; accuracy: 0.699
2019-10-08 18:31:09,817:INFO: - Found new best accuracy
2019-10-08 18:31:09,817:INFO: Epoch 3/30
2019-10-08 18:31:11,701:INFO: - Train metrics: loss: 1.033 ; accuracy: 0.633
2019-10-08 18:31:12,055:INFO: - Eval metrics : loss: 0.000 ; accuracy: 0.692
2019-10-08 18:31:12,061:INFO: Epoch 4/30
2019-10-08 18:31:13,986:INFO: - Train metrics: loss: 0.972 ; accuracy: 0.682
2019-10-08 18:31:14,331:INFO: - Eval metrics : loss: 0.000 ; accuracy: 0.732
2019-10-08 18:31:14,340:INFO: - Found new best accuracy
2019-10-08 18:31:14,353:INFO: Epoch 5/30
2019-10-08 18:31:16,212:INFO: - Train metrics: loss: 0.951 ; accuracy: 0.682
2019-10-08 18:31:16,552:INFO: - Eval metrics : loss: 0.000 ; accuracy: 0.766
2019-10-08 18:31:16,561:INFO: - Found new best accuracy
2019-10-08 18:31:16,574:INFO: Epoch 6/30
2019-10-08 18:31:18,454:INFO: - Train metrics: loss: 0.894 ; accuracy: 0.709
2019-10-08 18:31:18,797:INFO: - Eval metrics : loss: 0.000 ; accuracy: 0.769
2019-10-08 18:31:18,820:INFO: - Found new best accuracy
2019-10-08 18:31:18,820:INFO: Epoch 7/30
2019-10-08 18:31:20,722:INFO: - Train metrics: loss: 0.802 ; accuracy: 0.752
2019-10-08 18:31:21,085:INFO: - Eval metrics : loss: 0.000 ; accuracy: 0.766
2019-10-08 18:31:21,091:INFO: Epoch 8/30
2019-10-08 18:31:23,002:INFO: - Train metrics: loss: 0.901 ; accuracy: 0.717
2019-10-08 18:31:23,347:INFO: - Eval metrics : loss: 0.000 ; accuracy: 0.785
2019-10-08 18:31:23,369:INFO: - Found new best accuracy
2019-10-08 18:31:23,369:INFO: Epoch 9/30
2019-10-08 18:31:25,283:INFO: - Train metrics: loss: 0.828 ; accuracy: 0.744
2019-10-08 18:31:25,644:INFO: - Eval metrics : loss: 0.000 ; accuracy: 0.788
2019-10-08 18:31:25,667:INFO: - Found new best accuracy
2019-10-08 18:31:25,668:INFO: Epoch 10/30
2019-10-08 18:31:27,549:INFO: - Train metrics: loss: 0.826 ; accuracy: 0.736
2019-10-08 18:31:27,888:INFO: - Eval metrics : loss: 0.000 ; accuracy: 0.800
2019-10-08 18:31:27,912:INFO: - Found new best accuracy
2019-10-08 18:31:27,912:INFO: Epoch 11/30
2019-10-08 18:31:29,791:INFO: - Train metrics: loss: 0.789 ; accuracy: 0.766
2019-10-08 18:31:30,135:INFO: - Eval metrics : loss: 0.000 ; accuracy: 0.793
2019-10-08 18:31:30,141:INFO: Epoch 12/30
2019-10-08 18:31:32,047:INFO: - Train metrics: loss: 0.741 ; accuracy: 0.779
2019-10-08 18:31:32,395:INFO: - Eval metrics : loss: 0.000 ; accuracy: 0.806
2019-10-08 18:31:32,407:INFO: - Found new best accuracy
2019-10-08 18:31:32,419:INFO: Epoch 13/30
2019-10-08 18:31:34,274:INFO: - Train metrics: loss: 0.706 ; accuracy: 0.799
2019-10-08 18:31:34,620:INFO: - Eval metrics : loss: 0.000 ; accuracy: 0.789
2019-10-08 18:31:34,626:INFO: Epoch 14/30
2019-10-08 18:31:36,569:INFO: - Train metrics: loss: 0.737 ; accuracy: 0.779
2019-10-08 18:31:36,934:INFO: - Eval metrics : loss: 0.000 ; accuracy: 0.804
2019-10-08 18:31:36,940:INFO: Epoch 15/30
2019-10-08 18:31:38,882:INFO: - Train metrics: loss: 0.718 ; accuracy: 0.797
2019-10-08 18:31:39,218:INFO: - Eval metrics : loss: 0.000 ; accuracy: 0.815
2019-10-08 18:31:39,239:INFO: - Found new best accuracy
2019-10-08 18:31:39,240:INFO: Epoch 16/30
2019-10-08 18:31:41,170:INFO: - Train metrics: loss: 0.686 ; accuracy: 0.795
2019-10-08 18:31:41,550:INFO: - Eval metrics : loss: 0.000 ; accuracy: 0.819
2019-10-08 18:31:41,572:INFO: - Found new best accuracy
2019-10-08 18:31:41,573:INFO: Epoch 17/30
2019-10-08 18:31:43,413:INFO: - Train metrics: loss: 0.661 ; accuracy: 0.814
2019-10-08 18:31:43,750:INFO: - Eval metrics : loss: 0.000 ; accuracy: 0.820
2019-10-08 18:31:43,772:INFO: - Found new best accuracy
2019-10-08 18:31:43,772:INFO: Epoch 18/30
2019-10-08 18:31:45,666:INFO: - Train metrics: loss: 0.661 ; accuracy: 0.816
2019-10-08 18:31:46,012:INFO: - Eval metrics : loss: 0.000 ; accuracy: 0.820
2019-10-08 18:31:46,018:INFO: Epoch 19/30
2019-10-08 18:31:47,984:INFO: - Train metrics: loss: 0.637 ; accuracy: 0.818
2019-10-08 18:31:48,345:INFO: - Eval metrics : loss: 0.000 ; accuracy: 0.817
2019-10-08 18:31:48,353:INFO: Epoch 20/30
2019-10-08 18:31:50,218:INFO: - Train metrics: loss: 0.648 ; accuracy: 0.814
2019-10-08 18:31:50,572:INFO: - Eval metrics : loss: 0.000 ; accuracy: 0.825
2019-10-08 18:31:50,584:INFO: - Found new best accuracy
2019-10-08 18:31:50,595:INFO: Epoch 21/30
2019-10-08 18:31:52,491:INFO: - Train metrics: loss: 0.597 ; accuracy: 0.820
2019-10-08 18:31:52,834:INFO: - Eval metrics : loss: 0.000 ; accuracy: 0.827
2019-10-08 18:31:52,855:INFO: - Found new best accuracy
2019-10-08 18:31:52,856:INFO: Epoch 22/30
2019-10-08 18:31:54,757:INFO: - Train metrics: loss: 0.702 ; accuracy: 0.789
2019-10-08 18:31:55,091:INFO: - Eval metrics : loss: 0.000 ; accuracy: 0.824
2019-10-08 18:31:55,097:INFO: Epoch 23/30
2019-10-08 18:31:57,023:INFO: - Train metrics: loss: 0.637 ; accuracy: 0.830
2019-10-08 18:31:57,406:INFO: - Eval metrics : loss: 0.000 ; accuracy: 0.821
2019-10-08 18:31:57,412:INFO: Epoch 24/30
2019-10-08 18:31:59,332:INFO: - Train metrics: loss: 0.625 ; accuracy: 0.824
2019-10-08 18:31:59,688:INFO: - Eval metrics : loss: 0.000 ; accuracy: 0.828
2019-10-08 18:31:59,710:INFO: - Found new best accuracy
2019-10-08 18:31:59,711:INFO: Epoch 25/30
2019-10-08 18:32:01,635:INFO: - Train metrics: loss: 0.631 ; accuracy: 0.816
2019-10-08 18:32:01,975:INFO: - Eval metrics : loss: 0.000 ; accuracy: 0.835
2019-10-08 18:32:01,997:INFO: - Found new best accuracy
2019-10-08 18:32:01,997:INFO: Epoch 26/30
2019-10-08 18:32:03,896:INFO: - Train metrics: loss: 0.596 ; accuracy: 0.855
2019-10-08 18:32:04,271:INFO: - Eval metrics : loss: 0.000 ; accuracy: 0.841
2019-10-08 18:32:04,294:INFO: - Found new best accuracy
2019-10-08 18:32:04,295:INFO: Epoch 27/30
2019-10-08 18:32:06,186:INFO: - Train metrics: loss: 0.686 ; accuracy: 0.801
2019-10-08 18:32:06,539:INFO: - Eval metrics : loss: 0.000 ; accuracy: 0.830
2019-10-08 18:32:06,545:INFO: Epoch 28/30
2019-10-08 18:32:08,490:INFO: - Train metrics: loss: 0.623 ; accuracy: 0.857
2019-10-08 18:32:08,859:INFO: - Eval metrics : loss: 0.000 ; accuracy: 0.834
2019-10-08 18:32:08,865:INFO: Epoch 29/30
2019-10-08 18:32:10,813:INFO: - Train metrics: loss: 0.647 ; accuracy: 0.818
2019-10-08 18:32:11,185:INFO: - Eval metrics : loss: 0.000 ; accuracy: 0.839
2019-10-08 18:32:11,191:INFO: Epoch 30/30
2019-10-08 18:32:13,064:INFO: - Train metrics: loss: 0.638 ; accuracy: 0.830
2019-10-08 18:32:13,420:INFO: - Eval metrics : loss: 0.000 ; accuracy: 0.837
