2019-10-08 17:41:43,736:INFO: Loading the datasets...
2019-10-08 17:41:45,720:INFO: - done.
2019-10-08 17:41:47,452:INFO: Experiment - model version: cnn_distill
2019-10-08 17:41:47,453:INFO: Starting training for 30 epoch(s)
2019-10-08 17:41:47,453:INFO: First, loading the teacher model and computing its outputs...
2019-10-08 17:41:54,743:INFO: - Finished computing teacher outputs after 8.0 secs..
2019-10-08 17:41:54,743:INFO: Epoch 1/30
2019-10-08 17:41:56,636:INFO: - Train metrics: loss: 0.960 ; accuracy: 0.248
2019-10-08 17:41:56,955:INFO: - Eval metrics : loss: 0.000 ; accuracy: 0.435
2019-10-08 17:41:56,963:INFO: - Found new best accuracy
2019-10-08 17:41:56,963:INFO: Epoch 2/30
2019-10-08 17:41:58,877:INFO: - Train metrics: loss: 0.954 ; accuracy: 0.418
2019-10-08 17:41:59,228:INFO: - Eval metrics : loss: 0.000 ; accuracy: 0.481
2019-10-08 17:41:59,250:INFO: - Found new best accuracy
2019-10-08 17:41:59,251:INFO: Epoch 3/30
2019-10-08 17:42:01,116:INFO: - Train metrics: loss: 0.957 ; accuracy: 0.475
2019-10-08 17:42:01,438:INFO: - Eval metrics : loss: 0.000 ; accuracy: 0.538
2019-10-08 17:42:01,460:INFO: - Found new best accuracy
2019-10-08 17:42:01,460:INFO: Epoch 4/30
2019-10-08 17:42:03,306:INFO: - Train metrics: loss: 0.953 ; accuracy: 0.508
2019-10-08 17:42:03,660:INFO: - Eval metrics : loss: 0.000 ; accuracy: 0.579
2019-10-08 17:42:03,682:INFO: - Found new best accuracy
2019-10-08 17:42:03,682:INFO: Epoch 5/30
2019-10-08 17:42:05,542:INFO: - Train metrics: loss: 0.952 ; accuracy: 0.547
2019-10-08 17:42:05,866:INFO: - Eval metrics : loss: 0.000 ; accuracy: 0.615
2019-10-08 17:42:05,876:INFO: - Found new best accuracy
2019-10-08 17:42:05,876:INFO: Epoch 6/30
2019-10-08 17:42:07,804:INFO: - Train metrics: loss: 0.946 ; accuracy: 0.545
2019-10-08 17:42:08,140:INFO: - Eval metrics : loss: 0.000 ; accuracy: 0.611
2019-10-08 17:42:08,148:INFO: Epoch 7/30
2019-10-08 17:42:09,979:INFO: - Train metrics: loss: 0.947 ; accuracy: 0.584
2019-10-08 17:42:10,319:INFO: - Eval metrics : loss: 0.000 ; accuracy: 0.634
2019-10-08 17:42:10,328:INFO: - Found new best accuracy
2019-10-08 17:42:10,341:INFO: Epoch 8/30
2019-10-08 17:42:12,238:INFO: - Train metrics: loss: 0.943 ; accuracy: 0.588
2019-10-08 17:42:12,569:INFO: - Eval metrics : loss: 0.000 ; accuracy: 0.641
2019-10-08 17:42:12,591:INFO: - Found new best accuracy
2019-10-08 17:42:12,591:INFO: Epoch 9/30
2019-10-08 17:42:14,441:INFO: - Train metrics: loss: 0.946 ; accuracy: 0.611
2019-10-08 17:42:14,785:INFO: - Eval metrics : loss: 0.000 ; accuracy: 0.656
2019-10-08 17:42:14,807:INFO: - Found new best accuracy
2019-10-08 17:42:14,807:INFO: Epoch 10/30
2019-10-08 17:42:16,700:INFO: - Train metrics: loss: 0.942 ; accuracy: 0.619
2019-10-08 17:42:17,029:INFO: - Eval metrics : loss: 0.000 ; accuracy: 0.651
2019-10-08 17:42:17,035:INFO: Epoch 11/30
2019-10-08 17:42:18,941:INFO: - Train metrics: loss: 0.937 ; accuracy: 0.615
2019-10-08 17:42:19,294:INFO: - Eval metrics : loss: 0.000 ; accuracy: 0.675
2019-10-08 17:42:19,316:INFO: - Found new best accuracy
2019-10-08 17:42:19,316:INFO: Epoch 12/30
2019-10-08 17:42:21,174:INFO: - Train metrics: loss: 0.939 ; accuracy: 0.654
2019-10-08 17:42:21,543:INFO: - Eval metrics : loss: 0.000 ; accuracy: 0.684
2019-10-08 17:42:21,565:INFO: - Found new best accuracy
2019-10-08 17:42:21,565:INFO: Epoch 13/30
2019-10-08 17:42:23,402:INFO: - Train metrics: loss: 0.939 ; accuracy: 0.672
2019-10-08 17:42:23,744:INFO: - Eval metrics : loss: 0.000 ; accuracy: 0.666
2019-10-08 17:42:23,752:INFO: Epoch 14/30
2019-10-08 17:42:25,635:INFO: - Train metrics: loss: 0.939 ; accuracy: 0.621
2019-10-08 17:42:25,994:INFO: - Eval metrics : loss: 0.000 ; accuracy: 0.710
2019-10-08 17:42:26,016:INFO: - Found new best accuracy
2019-10-08 17:42:26,016:INFO: Epoch 15/30
2019-10-08 17:42:27,849:INFO: - Train metrics: loss: 0.938 ; accuracy: 0.664
2019-10-08 17:42:28,207:INFO: - Eval metrics : loss: 0.000 ; accuracy: 0.694
2019-10-08 17:42:28,213:INFO: Epoch 16/30
2019-10-08 17:42:30,099:INFO: - Train metrics: loss: 0.936 ; accuracy: 0.686
2019-10-08 17:42:30,450:INFO: - Eval metrics : loss: 0.000 ; accuracy: 0.706
2019-10-08 17:42:30,458:INFO: Epoch 17/30
2019-10-08 17:42:32,364:INFO: - Train metrics: loss: 0.944 ; accuracy: 0.652
2019-10-08 17:42:32,700:INFO: - Eval metrics : loss: 0.000 ; accuracy: 0.717
2019-10-08 17:42:32,723:INFO: - Found new best accuracy
2019-10-08 17:42:32,724:INFO: Epoch 18/30
2019-10-08 17:42:34,610:INFO: - Train metrics: loss: 0.940 ; accuracy: 0.711
2019-10-08 17:42:34,945:INFO: - Eval metrics : loss: 0.000 ; accuracy: 0.720
2019-10-08 17:42:34,969:INFO: - Found new best accuracy
2019-10-08 17:42:34,969:INFO: Epoch 19/30
2019-10-08 17:42:36,852:INFO: - Train metrics: loss: 0.936 ; accuracy: 0.691
2019-10-08 17:42:37,195:INFO: - Eval metrics : loss: 0.000 ; accuracy: 0.710
2019-10-08 17:42:37,201:INFO: Epoch 20/30
2019-10-08 17:42:39,085:INFO: - Train metrics: loss: 0.937 ; accuracy: 0.627
2019-10-08 17:42:39,409:INFO: - Eval metrics : loss: 0.000 ; accuracy: 0.711
2019-10-08 17:42:39,417:INFO: Epoch 21/30
2019-10-08 17:42:41,369:INFO: - Train metrics: loss: 0.933 ; accuracy: 0.682
2019-10-08 17:42:41,711:INFO: - Eval metrics : loss: 0.000 ; accuracy: 0.733
2019-10-08 17:42:41,721:INFO: - Found new best accuracy
2019-10-08 17:42:41,721:INFO: Epoch 22/30
2019-10-08 17:42:43,583:INFO: - Train metrics: loss: 0.940 ; accuracy: 0.666
2019-10-08 17:42:43,906:INFO: - Eval metrics : loss: 0.000 ; accuracy: 0.738
2019-10-08 17:42:43,930:INFO: - Found new best accuracy
2019-10-08 17:42:43,930:INFO: Epoch 23/30
2019-10-08 17:42:45,761:INFO: - Train metrics: loss: 0.938 ; accuracy: 0.699
2019-10-08 17:42:46,088:INFO: - Eval metrics : loss: 0.000 ; accuracy: 0.734
2019-10-08 17:42:46,096:INFO: Epoch 24/30
2019-10-08 17:42:48,002:INFO: - Train metrics: loss: 0.930 ; accuracy: 0.686
2019-10-08 17:42:48,351:INFO: - Eval metrics : loss: 0.000 ; accuracy: 0.730
2019-10-08 17:42:48,359:INFO: Epoch 25/30
2019-10-08 17:42:50,247:INFO: - Train metrics: loss: 0.943 ; accuracy: 0.705
2019-10-08 17:42:50,574:INFO: - Eval metrics : loss: 0.000 ; accuracy: 0.739
2019-10-08 17:42:50,598:INFO: - Found new best accuracy
2019-10-08 17:42:50,598:INFO: Epoch 26/30
2019-10-08 17:42:52,490:INFO: - Train metrics: loss: 0.936 ; accuracy: 0.729
2019-10-08 17:42:52,821:INFO: - Eval metrics : loss: 0.000 ; accuracy: 0.744
2019-10-08 17:42:52,845:INFO: - Found new best accuracy
2019-10-08 17:42:52,845:INFO: Epoch 27/30
2019-10-08 17:42:54,739:INFO: - Train metrics: loss: 0.931 ; accuracy: 0.688
2019-10-08 17:42:55,084:INFO: - Eval metrics : loss: 0.000 ; accuracy: 0.760
2019-10-08 17:42:55,106:INFO: - Found new best accuracy
2019-10-08 17:42:55,106:INFO: Epoch 28/30
2019-10-08 17:42:56,920:INFO: - Train metrics: loss: 0.933 ; accuracy: 0.709
2019-10-08 17:42:57,267:INFO: - Eval metrics : loss: 0.000 ; accuracy: 0.741
2019-10-08 17:42:57,273:INFO: Epoch 29/30
2019-10-08 17:42:59,369:INFO: - Train metrics: loss: 0.941 ; accuracy: 0.699
2019-10-08 17:42:59,699:INFO: - Eval metrics : loss: 0.000 ; accuracy: 0.756
2019-10-08 17:42:59,707:INFO: Epoch 30/30
2019-10-08 17:43:01,602:INFO: - Train metrics: loss: 0.941 ; accuracy: 0.701
2019-10-08 17:43:01,931:INFO: - Eval metrics : loss: 0.000 ; accuracy: 0.750
