2019-10-08 18:32:14,326:INFO: Loading the datasets...
2019-10-08 18:32:16,321:INFO: - done.
2019-10-08 18:32:18,027:INFO: Experiment - model version: cnn_distill
2019-10-08 18:32:18,027:INFO: Starting training for 30 epoch(s)
2019-10-08 18:32:18,027:INFO: First, loading the teacher model and computing its outputs...
2019-10-08 18:32:25,380:INFO: - Finished computing teacher outputs after 8.0 secs..
2019-10-08 18:32:25,381:INFO: Epoch 1/30
2019-10-08 18:32:27,309:INFO: - Train metrics: loss: 1.667 ; accuracy: 0.363
2019-10-08 18:32:27,681:INFO: - Eval metrics : loss: 0.000 ; accuracy: 0.636
2019-10-08 18:32:27,692:INFO: - Found new best accuracy
2019-10-08 18:32:27,692:INFO: Epoch 2/30
2019-10-08 18:32:29,634:INFO: - Train metrics: loss: 1.186 ; accuracy: 0.607
2019-10-08 18:32:29,992:INFO: - Eval metrics : loss: 0.000 ; accuracy: 0.685
2019-10-08 18:32:30,001:INFO: - Found new best accuracy
2019-10-08 18:32:30,014:INFO: Epoch 3/30
2019-10-08 18:32:31,861:INFO: - Train metrics: loss: 1.049 ; accuracy: 0.641
2019-10-08 18:32:32,223:INFO: - Eval metrics : loss: 0.000 ; accuracy: 0.674
2019-10-08 18:32:32,229:INFO: Epoch 4/30
2019-10-08 18:32:34,094:INFO: - Train metrics: loss: 0.996 ; accuracy: 0.666
2019-10-08 18:32:34,443:INFO: - Eval metrics : loss: 0.000 ; accuracy: 0.734
2019-10-08 18:32:34,464:INFO: - Found new best accuracy
2019-10-08 18:32:34,465:INFO: Epoch 5/30
2019-10-08 18:32:36,390:INFO: - Train metrics: loss: 0.945 ; accuracy: 0.695
2019-10-08 18:32:36,768:INFO: - Eval metrics : loss: 0.000 ; accuracy: 0.749
2019-10-08 18:32:36,780:INFO: - Found new best accuracy
2019-10-08 18:32:36,780:INFO: Epoch 6/30
2019-10-08 18:32:38,659:INFO: - Train metrics: loss: 0.887 ; accuracy: 0.729
2019-10-08 18:32:39,002:INFO: - Eval metrics : loss: 0.000 ; accuracy: 0.770
2019-10-08 18:32:39,024:INFO: - Found new best accuracy
2019-10-08 18:32:39,024:INFO: Epoch 7/30
2019-10-08 18:32:40,876:INFO: - Train metrics: loss: 0.835 ; accuracy: 0.748
2019-10-08 18:32:41,213:INFO: - Eval metrics : loss: 0.000 ; accuracy: 0.759
2019-10-08 18:32:41,219:INFO: Epoch 8/30
2019-10-08 18:32:43,124:INFO: - Train metrics: loss: 0.877 ; accuracy: 0.730
2019-10-08 18:32:43,479:INFO: - Eval metrics : loss: 0.000 ; accuracy: 0.781
2019-10-08 18:32:43,488:INFO: - Found new best accuracy
2019-10-08 18:32:43,501:INFO: Epoch 9/30
2019-10-08 18:32:45,371:INFO: - Train metrics: loss: 0.838 ; accuracy: 0.752
2019-10-08 18:32:45,734:INFO: - Eval metrics : loss: 0.000 ; accuracy: 0.780
2019-10-08 18:32:45,740:INFO: Epoch 10/30
2019-10-08 18:32:47,660:INFO: - Train metrics: loss: 0.789 ; accuracy: 0.762
2019-10-08 18:32:48,023:INFO: - Eval metrics : loss: 0.000 ; accuracy: 0.796
2019-10-08 18:32:48,047:INFO: - Found new best accuracy
2019-10-08 18:32:48,047:INFO: Epoch 11/30
2019-10-08 18:32:49,898:INFO: - Train metrics: loss: 0.755 ; accuracy: 0.754
2019-10-08 18:32:50,244:INFO: - Eval metrics : loss: 0.000 ; accuracy: 0.799
2019-10-08 18:32:50,266:INFO: - Found new best accuracy
2019-10-08 18:32:50,266:INFO: Epoch 12/30
2019-10-08 18:32:52,037:INFO: - Train metrics: loss: 0.747 ; accuracy: 0.803
2019-10-08 18:32:52,401:INFO: - Eval metrics : loss: 0.000 ; accuracy: 0.803
2019-10-08 18:32:52,411:INFO: - Found new best accuracy
2019-10-08 18:32:52,411:INFO: Epoch 13/30
2019-10-08 18:32:54,283:INFO: - Train metrics: loss: 0.724 ; accuracy: 0.797
2019-10-08 18:32:54,629:INFO: - Eval metrics : loss: 0.000 ; accuracy: 0.794
2019-10-08 18:32:54,635:INFO: Epoch 14/30
2019-10-08 18:32:56,561:INFO: - Train metrics: loss: 0.729 ; accuracy: 0.801
2019-10-08 18:32:56,928:INFO: - Eval metrics : loss: 0.000 ; accuracy: 0.810
2019-10-08 18:32:56,937:INFO: - Found new best accuracy
2019-10-08 18:32:56,938:INFO: Epoch 15/30
2019-10-08 18:32:58,778:INFO: - Train metrics: loss: 0.729 ; accuracy: 0.799
2019-10-08 18:32:59,131:INFO: - Eval metrics : loss: 0.000 ; accuracy: 0.818
2019-10-08 18:32:59,143:INFO: - Found new best accuracy
2019-10-08 18:32:59,155:INFO: Epoch 16/30
2019-10-08 18:33:01,012:INFO: - Train metrics: loss: 0.693 ; accuracy: 0.797
2019-10-08 18:33:01,353:INFO: - Eval metrics : loss: 0.000 ; accuracy: 0.808
2019-10-08 18:33:01,359:INFO: Epoch 17/30
2019-10-08 18:33:03,256:INFO: - Train metrics: loss: 0.696 ; accuracy: 0.814
2019-10-08 18:33:03,592:INFO: - Eval metrics : loss: 0.000 ; accuracy: 0.803
2019-10-08 18:33:03,598:INFO: Epoch 18/30
2019-10-08 18:33:05,535:INFO: - Train metrics: loss: 0.692 ; accuracy: 0.803
2019-10-08 18:33:05,874:INFO: - Eval metrics : loss: 0.000 ; accuracy: 0.818
2019-10-08 18:33:05,883:INFO: - Found new best accuracy
2019-10-08 18:33:05,884:INFO: Epoch 19/30
2019-10-08 18:33:07,830:INFO: - Train metrics: loss: 0.627 ; accuracy: 0.854
2019-10-08 18:33:08,170:INFO: - Eval metrics : loss: 0.000 ; accuracy: 0.822
2019-10-08 18:33:08,192:INFO: - Found new best accuracy
2019-10-08 18:33:08,193:INFO: Epoch 20/30
2019-10-08 18:33:10,033:INFO: - Train metrics: loss: 0.689 ; accuracy: 0.812
2019-10-08 18:33:10,393:INFO: - Eval metrics : loss: 0.000 ; accuracy: 0.821
2019-10-08 18:33:10,399:INFO: Epoch 21/30
2019-10-08 18:33:12,317:INFO: - Train metrics: loss: 0.662 ; accuracy: 0.822
2019-10-08 18:33:12,682:INFO: - Eval metrics : loss: 0.000 ; accuracy: 0.814
2019-10-08 18:33:12,688:INFO: Epoch 22/30
2019-10-08 18:33:14,550:INFO: - Train metrics: loss: 0.719 ; accuracy: 0.799
2019-10-08 18:33:14,907:INFO: - Eval metrics : loss: 0.000 ; accuracy: 0.828
2019-10-08 18:33:14,930:INFO: - Found new best accuracy
2019-10-08 18:33:14,931:INFO: Epoch 23/30
2019-10-08 18:33:16,819:INFO: - Train metrics: loss: 0.631 ; accuracy: 0.836
2019-10-08 18:33:17,194:INFO: - Eval metrics : loss: 0.000 ; accuracy: 0.824
2019-10-08 18:33:17,200:INFO: Epoch 24/30
2019-10-08 18:33:19,119:INFO: - Train metrics: loss: 0.624 ; accuracy: 0.848
2019-10-08 18:33:19,496:INFO: - Eval metrics : loss: 0.000 ; accuracy: 0.832
2019-10-08 18:33:19,518:INFO: - Found new best accuracy
2019-10-08 18:33:19,518:INFO: Epoch 25/30
2019-10-08 18:33:21,412:INFO: - Train metrics: loss: 0.638 ; accuracy: 0.826
2019-10-08 18:33:21,753:INFO: - Eval metrics : loss: 0.000 ; accuracy: 0.834
2019-10-08 18:33:21,776:INFO: - Found new best accuracy
2019-10-08 18:33:21,777:INFO: Epoch 26/30
2019-10-08 18:33:23,642:INFO: - Train metrics: loss: 0.617 ; accuracy: 0.857
2019-10-08 18:33:23,985:INFO: - Eval metrics : loss: 0.000 ; accuracy: 0.832
2019-10-08 18:33:23,991:INFO: Epoch 27/30
2019-10-08 18:33:25,920:INFO: - Train metrics: loss: 0.684 ; accuracy: 0.807
2019-10-08 18:33:26,264:INFO: - Eval metrics : loss: 0.000 ; accuracy: 0.835
2019-10-08 18:33:26,286:INFO: - Found new best accuracy
2019-10-08 18:33:26,286:INFO: Epoch 28/30
2019-10-08 18:33:28,202:INFO: - Train metrics: loss: 0.605 ; accuracy: 0.848
2019-10-08 18:33:28,565:INFO: - Eval metrics : loss: 0.000 ; accuracy: 0.835
2019-10-08 18:33:28,571:INFO: Epoch 29/30
2019-10-08 18:33:30,482:INFO: - Train metrics: loss: 0.684 ; accuracy: 0.824
2019-10-08 18:33:30,842:INFO: - Eval metrics : loss: 0.000 ; accuracy: 0.831
2019-10-08 18:33:30,850:INFO: Epoch 30/30
2019-10-08 18:33:32,733:INFO: - Train metrics: loss: 0.709 ; accuracy: 0.803
2019-10-08 18:33:33,120:INFO: - Eval metrics : loss: 0.000 ; accuracy: 0.835
