2019-10-08 18:36:13,388:INFO: Loading the datasets...
2019-10-08 18:36:15,392:INFO: - done.
2019-10-08 18:36:17,099:INFO: Experiment - model version: cnn_distill
2019-10-08 18:36:17,099:INFO: Starting training for 30 epoch(s)
2019-10-08 18:36:17,099:INFO: First, loading the teacher model and computing its outputs...
2019-10-08 18:36:24,422:INFO: - Finished computing teacher outputs after 8.0 secs..
2019-10-08 18:36:24,423:INFO: Epoch 1/30
2019-10-08 18:36:26,350:INFO: - Train metrics: loss: 1.597 ; accuracy: 0.383
2019-10-08 18:36:26,691:INFO: - Eval metrics : loss: 0.000 ; accuracy: 0.628
2019-10-08 18:36:26,702:INFO: - Found new best accuracy
2019-10-08 18:36:26,702:INFO: Epoch 2/30
2019-10-08 18:36:28,617:INFO: - Train metrics: loss: 1.096 ; accuracy: 0.623
2019-10-08 18:36:28,983:INFO: - Eval metrics : loss: 0.000 ; accuracy: 0.679
2019-10-08 18:36:29,006:INFO: - Found new best accuracy
2019-10-08 18:36:29,007:INFO: Epoch 3/30
2019-10-08 18:36:30,886:INFO: - Train metrics: loss: 0.974 ; accuracy: 0.646
2019-10-08 18:36:31,231:INFO: - Eval metrics : loss: 0.000 ; accuracy: 0.698
2019-10-08 18:36:31,252:INFO: - Found new best accuracy
2019-10-08 18:36:31,253:INFO: Epoch 4/30
2019-10-08 18:36:33,127:INFO: - Train metrics: loss: 0.960 ; accuracy: 0.666
2019-10-08 18:36:33,494:INFO: - Eval metrics : loss: 0.000 ; accuracy: 0.721
2019-10-08 18:36:33,518:INFO: - Found new best accuracy
2019-10-08 18:36:33,518:INFO: Epoch 5/30
2019-10-08 18:36:35,443:INFO: - Train metrics: loss: 0.878 ; accuracy: 0.707
2019-10-08 18:36:35,806:INFO: - Eval metrics : loss: 0.000 ; accuracy: 0.753
2019-10-08 18:36:35,815:INFO: - Found new best accuracy
2019-10-08 18:36:35,828:INFO: Epoch 6/30
2019-10-08 18:36:37,714:INFO: - Train metrics: loss: 0.835 ; accuracy: 0.742
2019-10-08 18:36:38,068:INFO: - Eval metrics : loss: 0.000 ; accuracy: 0.763
2019-10-08 18:36:38,080:INFO: - Found new best accuracy
2019-10-08 18:36:38,092:INFO: Epoch 7/30
2019-10-08 18:36:39,877:INFO: - Train metrics: loss: 0.788 ; accuracy: 0.723
2019-10-08 18:36:40,237:INFO: - Eval metrics : loss: 0.000 ; accuracy: 0.771
2019-10-08 18:36:40,246:INFO: - Found new best accuracy
2019-10-08 18:36:40,259:INFO: Epoch 8/30
2019-10-08 18:36:42,155:INFO: - Train metrics: loss: 0.848 ; accuracy: 0.709
2019-10-08 18:36:42,502:INFO: - Eval metrics : loss: 0.000 ; accuracy: 0.777
2019-10-08 18:36:42,524:INFO: - Found new best accuracy
2019-10-08 18:36:42,524:INFO: Epoch 9/30
2019-10-08 18:36:44,325:INFO: - Train metrics: loss: 0.817 ; accuracy: 0.770
2019-10-08 18:36:44,684:INFO: - Eval metrics : loss: 0.000 ; accuracy: 0.793
2019-10-08 18:36:44,696:INFO: - Found new best accuracy
2019-10-08 18:36:44,708:INFO: Epoch 10/30
2019-10-08 18:36:46,586:INFO: - Train metrics: loss: 0.766 ; accuracy: 0.744
2019-10-08 18:36:46,963:INFO: - Eval metrics : loss: 0.000 ; accuracy: 0.792
2019-10-08 18:36:46,969:INFO: Epoch 11/30
2019-10-08 18:36:48,889:INFO: - Train metrics: loss: 0.727 ; accuracy: 0.775
2019-10-08 18:36:49,255:INFO: - Eval metrics : loss: 0.000 ; accuracy: 0.793
2019-10-08 18:36:49,264:INFO: - Found new best accuracy
2019-10-08 18:36:49,277:INFO: Epoch 12/30
2019-10-08 18:36:51,202:INFO: - Train metrics: loss: 0.656 ; accuracy: 0.816
2019-10-08 18:36:51,549:INFO: - Eval metrics : loss: 0.000 ; accuracy: 0.799
2019-10-08 18:36:51,560:INFO: - Found new best accuracy
2019-10-08 18:36:51,572:INFO: Epoch 13/30
2019-10-08 18:36:53,467:INFO: - Train metrics: loss: 0.652 ; accuracy: 0.795
2019-10-08 18:36:53,833:INFO: - Eval metrics : loss: 0.000 ; accuracy: 0.800
2019-10-08 18:36:53,842:INFO: - Found new best accuracy
2019-10-08 18:36:53,855:INFO: Epoch 14/30
2019-10-08 18:36:55,724:INFO: - Train metrics: loss: 0.730 ; accuracy: 0.750
2019-10-08 18:36:56,081:INFO: - Eval metrics : loss: 0.000 ; accuracy: 0.802
2019-10-08 18:36:56,090:INFO: - Found new best accuracy
2019-10-08 18:36:56,103:INFO: Epoch 15/30
2019-10-08 18:36:57,939:INFO: - Train metrics: loss: 0.629 ; accuracy: 0.799
2019-10-08 18:36:58,285:INFO: - Eval metrics : loss: 0.000 ; accuracy: 0.807
2019-10-08 18:36:58,297:INFO: - Found new best accuracy
2019-10-08 18:36:58,309:INFO: Epoch 16/30
2019-10-08 18:37:00,225:INFO: - Train metrics: loss: 0.667 ; accuracy: 0.811
2019-10-08 18:37:00,575:INFO: - Eval metrics : loss: 0.000 ; accuracy: 0.811
2019-10-08 18:37:00,588:INFO: - Found new best accuracy
2019-10-08 18:37:00,600:INFO: Epoch 17/30
2019-10-08 18:37:02,495:INFO: - Train metrics: loss: 0.643 ; accuracy: 0.803
2019-10-08 18:37:02,852:INFO: - Eval metrics : loss: 0.000 ; accuracy: 0.813
2019-10-08 18:37:02,862:INFO: - Found new best accuracy
2019-10-08 18:37:02,862:INFO: Epoch 18/30
2019-10-08 18:37:04,785:INFO: - Train metrics: loss: 0.624 ; accuracy: 0.803
2019-10-08 18:37:05,165:INFO: - Eval metrics : loss: 0.000 ; accuracy: 0.814
2019-10-08 18:37:05,174:INFO: - Found new best accuracy
2019-10-08 18:37:05,174:INFO: Epoch 19/30
2019-10-08 18:37:07,066:INFO: - Train metrics: loss: 0.596 ; accuracy: 0.822
2019-10-08 18:37:07,426:INFO: - Eval metrics : loss: 0.000 ; accuracy: 0.822
2019-10-08 18:37:07,439:INFO: - Found new best accuracy
2019-10-08 18:37:07,451:INFO: Epoch 20/30
2019-10-08 18:37:09,305:INFO: - Train metrics: loss: 0.628 ; accuracy: 0.816
2019-10-08 18:37:09,675:INFO: - Eval metrics : loss: 0.000 ; accuracy: 0.818
2019-10-08 18:37:09,681:INFO: Epoch 21/30
2019-10-08 18:37:11,571:INFO: - Train metrics: loss: 0.566 ; accuracy: 0.818
2019-10-08 18:37:11,921:INFO: - Eval metrics : loss: 0.000 ; accuracy: 0.825
2019-10-08 18:37:11,931:INFO: - Found new best accuracy
2019-10-08 18:37:11,944:INFO: Epoch 22/30
2019-10-08 18:37:13,790:INFO: - Train metrics: loss: 0.652 ; accuracy: 0.797
2019-10-08 18:37:14,153:INFO: - Eval metrics : loss: 0.000 ; accuracy: 0.822
2019-10-08 18:37:14,159:INFO: Epoch 23/30
2019-10-08 18:37:16,055:INFO: - Train metrics: loss: 0.600 ; accuracy: 0.822
2019-10-08 18:37:16,403:INFO: - Eval metrics : loss: 0.000 ; accuracy: 0.819
2019-10-08 18:37:16,408:INFO: Epoch 24/30
2019-10-08 18:37:18,352:INFO: - Train metrics: loss: 0.598 ; accuracy: 0.824
2019-10-08 18:37:18,709:INFO: - Eval metrics : loss: 0.000 ; accuracy: 0.826
2019-10-08 18:37:18,721:INFO: - Found new best accuracy
2019-10-08 18:37:18,733:INFO: Epoch 25/30
2019-10-08 18:37:20,599:INFO: - Train metrics: loss: 0.584 ; accuracy: 0.836
2019-10-08 18:37:20,955:INFO: - Eval metrics : loss: 0.000 ; accuracy: 0.836
2019-10-08 18:37:20,978:INFO: - Found new best accuracy
2019-10-08 18:37:20,978:INFO: Epoch 26/30
2019-10-08 18:37:22,884:INFO: - Train metrics: loss: 0.553 ; accuracy: 0.832
2019-10-08 18:37:23,244:INFO: - Eval metrics : loss: 0.000 ; accuracy: 0.828
2019-10-08 18:37:23,250:INFO: Epoch 27/30
2019-10-08 18:37:25,146:INFO: - Train metrics: loss: 0.620 ; accuracy: 0.803
2019-10-08 18:37:25,522:INFO: - Eval metrics : loss: 0.000 ; accuracy: 0.838
2019-10-08 18:37:25,534:INFO: - Found new best accuracy
2019-10-08 18:37:25,546:INFO: Epoch 28/30
2019-10-08 18:37:27,422:INFO: - Train metrics: loss: 0.621 ; accuracy: 0.822
2019-10-08 18:37:27,789:INFO: - Eval metrics : loss: 0.000 ; accuracy: 0.831
2019-10-08 18:37:27,797:INFO: Epoch 29/30
2019-10-08 18:37:29,696:INFO: - Train metrics: loss: 0.558 ; accuracy: 0.848
2019-10-08 18:37:30,042:INFO: - Eval metrics : loss: 0.000 ; accuracy: 0.833
2019-10-08 18:37:30,048:INFO: Epoch 30/30
2019-10-08 18:37:31,974:INFO: - Train metrics: loss: 0.628 ; accuracy: 0.836
2019-10-08 18:37:32,320:INFO: - Eval metrics : loss: 0.000 ; accuracy: 0.839
2019-10-08 18:37:32,332:INFO: - Found new best accuracy
