2019-10-08 18:29:35,258:INFO: Loading the datasets...
2019-10-08 18:29:37,265:INFO: - done.
2019-10-08 18:29:38,973:INFO: Experiment - model version: cnn_distill
2019-10-08 18:29:38,973:INFO: Starting training for 30 epoch(s)
2019-10-08 18:29:38,973:INFO: First, loading the teacher model and computing its outputs...
2019-10-08 18:29:46,286:INFO: - Finished computing teacher outputs after 8.0 secs..
2019-10-08 18:29:46,286:INFO: Epoch 1/30
2019-10-08 18:29:48,182:INFO: - Train metrics: loss: 1.658 ; accuracy: 0.350
2019-10-08 18:29:48,555:INFO: - Eval metrics : loss: 0.000 ; accuracy: 0.628
2019-10-08 18:29:48,565:INFO: - Found new best accuracy
2019-10-08 18:29:48,566:INFO: Epoch 2/30
2019-10-08 18:29:50,474:INFO: - Train metrics: loss: 1.163 ; accuracy: 0.602
2019-10-08 18:29:50,834:INFO: - Eval metrics : loss: 0.000 ; accuracy: 0.695
2019-10-08 18:29:50,843:INFO: - Found new best accuracy
2019-10-08 18:29:50,856:INFO: Epoch 3/30
2019-10-08 18:29:52,703:INFO: - Train metrics: loss: 1.024 ; accuracy: 0.656
2019-10-08 18:29:53,042:INFO: - Eval metrics : loss: 0.000 ; accuracy: 0.705
2019-10-08 18:29:53,052:INFO: - Found new best accuracy
2019-10-08 18:29:53,052:INFO: Epoch 4/30
2019-10-08 18:29:54,963:INFO: - Train metrics: loss: 0.966 ; accuracy: 0.664
2019-10-08 18:29:55,328:INFO: - Eval metrics : loss: 0.000 ; accuracy: 0.734
2019-10-08 18:29:55,340:INFO: - Found new best accuracy
2019-10-08 18:29:55,352:INFO: Epoch 5/30
2019-10-08 18:29:57,205:INFO: - Train metrics: loss: 0.930 ; accuracy: 0.697
2019-10-08 18:29:57,548:INFO: - Eval metrics : loss: 0.000 ; accuracy: 0.744
2019-10-08 18:29:57,560:INFO: - Found new best accuracy
2019-10-08 18:29:57,572:INFO: Epoch 6/30
2019-10-08 18:29:59,353:INFO: - Train metrics: loss: 0.849 ; accuracy: 0.742
2019-10-08 18:29:59,699:INFO: - Eval metrics : loss: 0.000 ; accuracy: 0.771
2019-10-08 18:29:59,708:INFO: - Found new best accuracy
2019-10-08 18:29:59,709:INFO: Epoch 7/30
2019-10-08 18:30:01,595:INFO: - Train metrics: loss: 0.799 ; accuracy: 0.762
2019-10-08 18:30:01,939:INFO: - Eval metrics : loss: 0.000 ; accuracy: 0.772
2019-10-08 18:30:01,948:INFO: - Found new best accuracy
2019-10-08 18:30:01,962:INFO: Epoch 8/30
2019-10-08 18:30:03,831:INFO: - Train metrics: loss: 0.870 ; accuracy: 0.732
2019-10-08 18:30:04,170:INFO: - Eval metrics : loss: 0.000 ; accuracy: 0.781
2019-10-08 18:30:04,192:INFO: - Found new best accuracy
2019-10-08 18:30:04,192:INFO: Epoch 9/30
2019-10-08 18:30:06,004:INFO: - Train metrics: loss: 0.795 ; accuracy: 0.732
2019-10-08 18:30:06,357:INFO: - Eval metrics : loss: 0.000 ; accuracy: 0.785
2019-10-08 18:30:06,380:INFO: - Found new best accuracy
2019-10-08 18:30:06,381:INFO: Epoch 10/30
2019-10-08 18:30:08,214:INFO: - Train metrics: loss: 0.770 ; accuracy: 0.764
2019-10-08 18:30:08,552:INFO: - Eval metrics : loss: 0.000 ; accuracy: 0.779
2019-10-08 18:30:08,558:INFO: Epoch 11/30
2019-10-08 18:30:10,375:INFO: - Train metrics: loss: 0.748 ; accuracy: 0.768
2019-10-08 18:30:10,730:INFO: - Eval metrics : loss: 0.000 ; accuracy: 0.786
2019-10-08 18:30:10,742:INFO: - Found new best accuracy
2019-10-08 18:30:10,743:INFO: Epoch 12/30
2019-10-08 18:30:12,667:INFO: - Train metrics: loss: 0.733 ; accuracy: 0.783
2019-10-08 18:30:13,037:INFO: - Eval metrics : loss: 0.000 ; accuracy: 0.801
2019-10-08 18:30:13,046:INFO: - Found new best accuracy
2019-10-08 18:30:13,059:INFO: Epoch 13/30
2019-10-08 18:30:14,920:INFO: - Train metrics: loss: 0.717 ; accuracy: 0.801
2019-10-08 18:30:15,283:INFO: - Eval metrics : loss: 0.000 ; accuracy: 0.803
2019-10-08 18:30:15,295:INFO: - Found new best accuracy
2019-10-08 18:30:15,307:INFO: Epoch 14/30
2019-10-08 18:30:17,127:INFO: - Train metrics: loss: 0.674 ; accuracy: 0.801
2019-10-08 18:30:17,478:INFO: - Eval metrics : loss: 0.000 ; accuracy: 0.806
2019-10-08 18:30:17,501:INFO: - Found new best accuracy
2019-10-08 18:30:17,501:INFO: Epoch 15/30
2019-10-08 18:30:19,376:INFO: - Train metrics: loss: 0.712 ; accuracy: 0.787
2019-10-08 18:30:19,722:INFO: - Eval metrics : loss: 0.000 ; accuracy: 0.815
2019-10-08 18:30:19,734:INFO: - Found new best accuracy
2019-10-08 18:30:19,734:INFO: Epoch 16/30
2019-10-08 18:30:21,600:INFO: - Train metrics: loss: 0.670 ; accuracy: 0.791
2019-10-08 18:30:21,943:INFO: - Eval metrics : loss: 0.000 ; accuracy: 0.803
2019-10-08 18:30:21,951:INFO: Epoch 17/30
2019-10-08 18:30:23,871:INFO: - Train metrics: loss: 0.659 ; accuracy: 0.803
2019-10-08 18:30:24,219:INFO: - Eval metrics : loss: 0.000 ; accuracy: 0.816
2019-10-08 18:30:24,231:INFO: - Found new best accuracy
2019-10-08 18:30:24,243:INFO: Epoch 18/30
2019-10-08 18:30:26,102:INFO: - Train metrics: loss: 0.679 ; accuracy: 0.799
2019-10-08 18:30:26,441:INFO: - Eval metrics : loss: 0.000 ; accuracy: 0.816
2019-10-08 18:30:26,447:INFO: Epoch 19/30
2019-10-08 18:30:28,345:INFO: - Train metrics: loss: 0.633 ; accuracy: 0.830
2019-10-08 18:30:28,718:INFO: - Eval metrics : loss: 0.000 ; accuracy: 0.806
2019-10-08 18:30:28,724:INFO: Epoch 20/30
2019-10-08 18:30:30,592:INFO: - Train metrics: loss: 0.617 ; accuracy: 0.822
2019-10-08 18:30:30,964:INFO: - Eval metrics : loss: 0.000 ; accuracy: 0.817
2019-10-08 18:30:30,986:INFO: - Found new best accuracy
2019-10-08 18:30:30,987:INFO: Epoch 21/30
2019-10-08 18:30:32,856:INFO: - Train metrics: loss: 0.573 ; accuracy: 0.844
2019-10-08 18:30:33,207:INFO: - Eval metrics : loss: 0.000 ; accuracy: 0.819
2019-10-08 18:30:33,219:INFO: - Found new best accuracy
2019-10-08 18:30:33,231:INFO: Epoch 22/30
2019-10-08 18:30:35,106:INFO: - Train metrics: loss: 0.651 ; accuracy: 0.807
2019-10-08 18:30:35,469:INFO: - Eval metrics : loss: 0.000 ; accuracy: 0.813
2019-10-08 18:30:35,475:INFO: Epoch 23/30
2019-10-08 18:30:37,395:INFO: - Train metrics: loss: 0.586 ; accuracy: 0.834
2019-10-08 18:30:37,762:INFO: - Eval metrics : loss: 0.000 ; accuracy: 0.821
2019-10-08 18:30:37,784:INFO: - Found new best accuracy
2019-10-08 18:30:37,784:INFO: Epoch 24/30
2019-10-08 18:30:39,596:INFO: - Train metrics: loss: 0.617 ; accuracy: 0.824
2019-10-08 18:30:39,955:INFO: - Eval metrics : loss: 0.000 ; accuracy: 0.822
2019-10-08 18:30:39,977:INFO: - Found new best accuracy
2019-10-08 18:30:39,977:INFO: Epoch 25/30
2019-10-08 18:30:41,784:INFO: - Train metrics: loss: 0.584 ; accuracy: 0.838
2019-10-08 18:30:42,139:INFO: - Eval metrics : loss: 0.000 ; accuracy: 0.830
2019-10-08 18:30:42,160:INFO: - Found new best accuracy
2019-10-08 18:30:42,161:INFO: Epoch 26/30
2019-10-08 18:30:44,063:INFO: - Train metrics: loss: 0.598 ; accuracy: 0.846
2019-10-08 18:30:44,419:INFO: - Eval metrics : loss: 0.000 ; accuracy: 0.819
2019-10-08 18:30:44,425:INFO: Epoch 27/30
2019-10-08 18:30:46,337:INFO: - Train metrics: loss: 0.629 ; accuracy: 0.844
2019-10-08 18:30:46,680:INFO: - Eval metrics : loss: 0.000 ; accuracy: 0.830
2019-10-08 18:30:46,689:INFO: - Found new best accuracy
2019-10-08 18:30:46,702:INFO: Epoch 28/30
2019-10-08 18:30:48,587:INFO: - Train metrics: loss: 0.570 ; accuracy: 0.840
2019-10-08 18:30:48,931:INFO: - Eval metrics : loss: 0.000 ; accuracy: 0.840
2019-10-08 18:30:48,953:INFO: - Found new best accuracy
2019-10-08 18:30:48,954:INFO: Epoch 29/30
2019-10-08 18:30:50,733:INFO: - Train metrics: loss: 0.580 ; accuracy: 0.832
2019-10-08 18:30:51,085:INFO: - Eval metrics : loss: 0.000 ; accuracy: 0.830
2019-10-08 18:30:51,093:INFO: Epoch 30/30
2019-10-08 18:30:52,908:INFO: - Train metrics: loss: 0.681 ; accuracy: 0.805
2019-10-08 18:30:53,275:INFO: - Eval metrics : loss: 0.000 ; accuracy: 0.835
