2019-10-08 18:20:14,819:INFO: Loading the datasets...
2019-10-08 18:20:16,844:INFO: - done.
2019-10-08 18:20:18,565:INFO: Experiment - model version: cnn_distill
2019-10-08 18:20:18,565:INFO: Starting training for 30 epoch(s)
2019-10-08 18:20:18,565:INFO: First, loading the teacher model and computing its outputs...
2019-10-08 18:20:25,895:INFO: - Finished computing teacher outputs after 8.0 secs..
2019-10-08 18:20:25,896:INFO: Epoch 1/30
2019-10-08 18:20:27,857:INFO: - Train metrics: loss: 1.482 ; accuracy: 0.363
2019-10-08 18:20:28,196:INFO: - Eval metrics : loss: 0.000 ; accuracy: 0.629
2019-10-08 18:20:28,204:INFO: - Found new best accuracy
2019-10-08 18:20:28,204:INFO: Epoch 2/30
2019-10-08 18:20:30,224:INFO: - Train metrics: loss: 1.266 ; accuracy: 0.576
2019-10-08 18:20:30,580:INFO: - Eval metrics : loss: 0.000 ; accuracy: 0.685
2019-10-08 18:20:30,602:INFO: - Found new best accuracy
2019-10-08 18:20:30,602:INFO: Epoch 3/30
2019-10-08 18:20:32,556:INFO: - Train metrics: loss: 1.187 ; accuracy: 0.672
2019-10-08 18:20:32,899:INFO: - Eval metrics : loss: 0.000 ; accuracy: 0.704
2019-10-08 18:20:32,908:INFO: - Found new best accuracy
2019-10-08 18:20:32,908:INFO: Epoch 4/30
2019-10-08 18:20:34,809:INFO: - Train metrics: loss: 1.178 ; accuracy: 0.654
2019-10-08 18:20:35,151:INFO: - Eval metrics : loss: 0.000 ; accuracy: 0.722
2019-10-08 18:20:35,172:INFO: - Found new best accuracy
2019-10-08 18:20:35,173:INFO: Epoch 5/30
2019-10-08 18:20:37,023:INFO: - Train metrics: loss: 1.155 ; accuracy: 0.689
2019-10-08 18:20:37,352:INFO: - Eval metrics : loss: 0.000 ; accuracy: 0.741
2019-10-08 18:20:37,376:INFO: - Found new best accuracy
2019-10-08 18:20:37,376:INFO: Epoch 6/30
2019-10-08 18:20:39,278:INFO: - Train metrics: loss: 1.099 ; accuracy: 0.734
2019-10-08 18:20:39,632:INFO: - Eval metrics : loss: 0.000 ; accuracy: 0.766
2019-10-08 18:20:39,648:INFO: - Found new best accuracy
2019-10-08 18:20:39,648:INFO: Epoch 7/30
2019-10-08 18:20:41,570:INFO: - Train metrics: loss: 1.065 ; accuracy: 0.750
2019-10-08 18:20:41,923:INFO: - Eval metrics : loss: 0.000 ; accuracy: 0.763
2019-10-08 18:20:41,931:INFO: Epoch 8/30
2019-10-08 18:20:43,803:INFO: - Train metrics: loss: 1.107 ; accuracy: 0.723
2019-10-08 18:20:44,140:INFO: - Eval metrics : loss: 0.000 ; accuracy: 0.767
2019-10-08 18:20:44,164:INFO: - Found new best accuracy
2019-10-08 18:20:44,164:INFO: Epoch 9/30
2019-10-08 18:20:46,110:INFO: - Train metrics: loss: 1.084 ; accuracy: 0.744
2019-10-08 18:20:46,470:INFO: - Eval metrics : loss: 0.000 ; accuracy: 0.783
2019-10-08 18:20:46,495:INFO: - Found new best accuracy
2019-10-08 18:20:46,495:INFO: Epoch 10/30
2019-10-08 18:20:48,380:INFO: - Train metrics: loss: 1.062 ; accuracy: 0.762
2019-10-08 18:20:48,739:INFO: - Eval metrics : loss: 0.000 ; accuracy: 0.783
2019-10-08 18:20:48,761:INFO: - Found new best accuracy
2019-10-08 18:20:48,762:INFO: Epoch 11/30
2019-10-08 18:20:50,644:INFO: - Train metrics: loss: 1.037 ; accuracy: 0.777
2019-10-08 18:20:51,002:INFO: - Eval metrics : loss: 0.000 ; accuracy: 0.781
2019-10-08 18:20:51,010:INFO: Epoch 12/30
2019-10-08 18:20:53,121:INFO: - Train metrics: loss: 1.019 ; accuracy: 0.781
2019-10-08 18:20:53,481:INFO: - Eval metrics : loss: 0.000 ; accuracy: 0.810
2019-10-08 18:20:53,502:INFO: - Found new best accuracy
2019-10-08 18:20:53,503:INFO: Epoch 13/30
2019-10-08 18:20:55,314:INFO: - Train metrics: loss: 1.034 ; accuracy: 0.797
2019-10-08 18:20:55,657:INFO: - Eval metrics : loss: 0.000 ; accuracy: 0.804
2019-10-08 18:20:55,663:INFO: Epoch 14/30
2019-10-08 18:20:57,564:INFO: - Train metrics: loss: 1.009 ; accuracy: 0.805
2019-10-08 18:20:57,900:INFO: - Eval metrics : loss: 0.000 ; accuracy: 0.805
2019-10-08 18:20:57,906:INFO: Epoch 15/30
2019-10-08 18:20:59,841:INFO: - Train metrics: loss: 1.021 ; accuracy: 0.803
2019-10-08 18:21:00,191:INFO: - Eval metrics : loss: 0.000 ; accuracy: 0.804
2019-10-08 18:21:00,197:INFO: Epoch 16/30
2019-10-08 18:21:02,123:INFO: - Train metrics: loss: 1.022 ; accuracy: 0.779
2019-10-08 18:21:02,468:INFO: - Eval metrics : loss: 0.000 ; accuracy: 0.807
2019-10-08 18:21:02,475:INFO: Epoch 17/30
2019-10-08 18:21:04,439:INFO: - Train metrics: loss: 1.009 ; accuracy: 0.822
2019-10-08 18:21:04,782:INFO: - Eval metrics : loss: 0.000 ; accuracy: 0.819
2019-10-08 18:21:04,805:INFO: - Found new best accuracy
2019-10-08 18:21:04,806:INFO: Epoch 18/30
2019-10-08 18:21:06,664:INFO: - Train metrics: loss: 0.993 ; accuracy: 0.807
2019-10-08 18:21:07,001:INFO: - Eval metrics : loss: 0.000 ; accuracy: 0.813
2019-10-08 18:21:07,007:INFO: Epoch 19/30
2019-10-08 18:21:08,944:INFO: - Train metrics: loss: 0.965 ; accuracy: 0.838
2019-10-08 18:21:09,293:INFO: - Eval metrics : loss: 0.000 ; accuracy: 0.813
2019-10-08 18:21:09,299:INFO: Epoch 20/30
2019-10-08 18:21:11,230:INFO: - Train metrics: loss: 1.002 ; accuracy: 0.812
2019-10-08 18:21:11,564:INFO: - Eval metrics : loss: 0.000 ; accuracy: 0.818
2019-10-08 18:21:11,572:INFO: Epoch 21/30
2019-10-08 18:21:13,547:INFO: - Train metrics: loss: 0.949 ; accuracy: 0.848
2019-10-08 18:21:13,894:INFO: - Eval metrics : loss: 0.000 ; accuracy: 0.825
2019-10-08 18:21:13,918:INFO: - Found new best accuracy
2019-10-08 18:21:13,918:INFO: Epoch 22/30
2019-10-08 18:21:15,844:INFO: - Train metrics: loss: 1.008 ; accuracy: 0.820
2019-10-08 18:21:16,194:INFO: - Eval metrics : loss: 0.000 ; accuracy: 0.830
2019-10-08 18:21:16,216:INFO: - Found new best accuracy
2019-10-08 18:21:16,216:INFO: Epoch 23/30
2019-10-08 18:21:18,112:INFO: - Train metrics: loss: 0.980 ; accuracy: 0.799
2019-10-08 18:21:18,478:INFO: - Eval metrics : loss: 0.000 ; accuracy: 0.827
2019-10-08 18:21:18,484:INFO: Epoch 24/30
2019-10-08 18:21:20,398:INFO: - Train metrics: loss: 0.965 ; accuracy: 0.812
2019-10-08 18:21:20,739:INFO: - Eval metrics : loss: 0.000 ; accuracy: 0.832
2019-10-08 18:21:20,763:INFO: - Found new best accuracy
2019-10-08 18:21:20,764:INFO: Epoch 25/30
2019-10-08 18:21:22,630:INFO: - Train metrics: loss: 0.993 ; accuracy: 0.820
2019-10-08 18:21:22,993:INFO: - Eval metrics : loss: 0.000 ; accuracy: 0.839
2019-10-08 18:21:23,015:INFO: - Found new best accuracy
2019-10-08 18:21:23,015:INFO: Epoch 26/30
2019-10-08 18:21:24,833:INFO: - Train metrics: loss: 0.961 ; accuracy: 0.865
2019-10-08 18:21:25,164:INFO: - Eval metrics : loss: 0.000 ; accuracy: 0.833
2019-10-08 18:21:25,170:INFO: Epoch 27/30
2019-10-08 18:21:27,104:INFO: - Train metrics: loss: 0.980 ; accuracy: 0.818
2019-10-08 18:21:27,481:INFO: - Eval metrics : loss: 0.000 ; accuracy: 0.842
2019-10-08 18:21:27,503:INFO: - Found new best accuracy
2019-10-08 18:21:27,504:INFO: Epoch 28/30
2019-10-08 18:21:29,433:INFO: - Train metrics: loss: 1.000 ; accuracy: 0.814
2019-10-08 18:21:29,783:INFO: - Eval metrics : loss: 0.000 ; accuracy: 0.833
2019-10-08 18:21:29,791:INFO: Epoch 29/30
2019-10-08 18:21:31,787:INFO: - Train metrics: loss: 0.990 ; accuracy: 0.850
2019-10-08 18:21:32,133:INFO: - Eval metrics : loss: 0.000 ; accuracy: 0.832
2019-10-08 18:21:32,139:INFO: Epoch 30/30
2019-10-08 18:21:34,118:INFO: - Train metrics: loss: 1.007 ; accuracy: 0.824
2019-10-08 18:21:34,592:INFO: - Eval metrics : loss: 0.000 ; accuracy: 0.835
