2019-10-08 17:32:30,762:INFO: Loading the datasets...
2019-10-08 17:32:32,735:INFO: - done.
2019-10-08 17:32:34,431:INFO: Experiment - model version: cnn_distill
2019-10-08 17:32:34,431:INFO: Starting training for 30 epoch(s)
2019-10-08 17:32:34,431:INFO: First, loading the teacher model and computing its outputs...
2019-10-08 17:32:41,687:INFO: - Finished computing teacher outputs after 8.0 secs..
2019-10-08 17:32:41,687:INFO: Epoch 1/30
2019-10-08 17:32:43,605:INFO: - Train metrics: loss: 1.127 ; accuracy: 0.109
2019-10-08 17:32:43,946:INFO: - Eval metrics : loss: 0.000 ; accuracy: 0.137
2019-10-08 17:32:43,954:INFO: - Found new best accuracy
2019-10-08 17:32:43,954:INFO: Epoch 2/30
2019-10-08 17:32:45,834:INFO: - Train metrics: loss: 1.127 ; accuracy: 0.121
2019-10-08 17:32:46,140:INFO: - Eval metrics : loss: 0.000 ; accuracy: 0.114
2019-10-08 17:32:46,148:INFO: Epoch 3/30
2019-10-08 17:32:48,034:INFO: - Train metrics: loss: 1.127 ; accuracy: 0.121
2019-10-08 17:32:48,337:INFO: - Eval metrics : loss: 0.000 ; accuracy: 0.121
2019-10-08 17:32:48,343:INFO: Epoch 4/30
2019-10-08 17:32:50,230:INFO: - Train metrics: loss: 1.127 ; accuracy: 0.115
2019-10-08 17:32:50,565:INFO: - Eval metrics : loss: 0.000 ; accuracy: 0.122
2019-10-08 17:32:50,571:INFO: Epoch 5/30
2019-10-08 17:32:52,456:INFO: - Train metrics: loss: 1.127 ; accuracy: 0.129
2019-10-08 17:32:52,786:INFO: - Eval metrics : loss: 0.000 ; accuracy: 0.114
2019-10-08 17:32:52,794:INFO: Epoch 6/30
2019-10-08 17:32:54,641:INFO: - Train metrics: loss: 1.126 ; accuracy: 0.119
2019-10-08 17:32:54,982:INFO: - Eval metrics : loss: 0.000 ; accuracy: 0.126
2019-10-08 17:32:54,990:INFO: Epoch 7/30
2019-10-08 17:32:56,896:INFO: - Train metrics: loss: 1.126 ; accuracy: 0.111
2019-10-08 17:32:57,216:INFO: - Eval metrics : loss: 0.000 ; accuracy: 0.149
2019-10-08 17:32:57,229:INFO: - Found new best accuracy
2019-10-08 17:32:57,241:INFO: Epoch 8/30
2019-10-08 17:32:59,125:INFO: - Train metrics: loss: 1.125 ; accuracy: 0.125
2019-10-08 17:32:59,431:INFO: - Eval metrics : loss: 0.000 ; accuracy: 0.167
2019-10-08 17:32:59,453:INFO: - Found new best accuracy
2019-10-08 17:32:59,453:INFO: Epoch 9/30
2019-10-08 17:33:01,311:INFO: - Train metrics: loss: 1.126 ; accuracy: 0.121
2019-10-08 17:33:01,635:INFO: - Eval metrics : loss: 0.000 ; accuracy: 0.146
2019-10-08 17:33:01,643:INFO: Epoch 10/30
2019-10-08 17:33:03,457:INFO: - Train metrics: loss: 1.126 ; accuracy: 0.174
2019-10-08 17:33:03,787:INFO: - Eval metrics : loss: 0.000 ; accuracy: 0.176
2019-10-08 17:33:03,810:INFO: - Found new best accuracy
2019-10-08 17:33:03,810:INFO: Epoch 11/30
2019-10-08 17:33:05,605:INFO: - Train metrics: loss: 1.125 ; accuracy: 0.109
2019-10-08 17:33:05,938:INFO: - Eval metrics : loss: 0.000 ; accuracy: 0.136
2019-10-08 17:33:05,946:INFO: Epoch 12/30
2019-10-08 17:33:07,874:INFO: - Train metrics: loss: 1.125 ; accuracy: 0.104
2019-10-08 17:33:08,210:INFO: - Eval metrics : loss: 0.000 ; accuracy: 0.131
2019-10-08 17:33:08,217:INFO: Epoch 13/30
2019-10-08 17:33:10,119:INFO: - Train metrics: loss: 1.125 ; accuracy: 0.131
2019-10-08 17:33:10,427:INFO: - Eval metrics : loss: 0.000 ; accuracy: 0.164
2019-10-08 17:33:10,433:INFO: Epoch 14/30
2019-10-08 17:33:12,384:INFO: - Train metrics: loss: 1.126 ; accuracy: 0.146
2019-10-08 17:33:12,694:INFO: - Eval metrics : loss: 0.000 ; accuracy: 0.124
2019-10-08 17:33:12,700:INFO: Epoch 15/30
2019-10-08 17:33:14,565:INFO: - Train metrics: loss: 1.125 ; accuracy: 0.098
2019-10-08 17:33:14,872:INFO: - Eval metrics : loss: 0.000 ; accuracy: 0.155
2019-10-08 17:33:14,880:INFO: Epoch 16/30
2019-10-08 17:33:16,735:INFO: - Train metrics: loss: 1.126 ; accuracy: 0.150
2019-10-08 17:33:17,053:INFO: - Eval metrics : loss: 0.000 ; accuracy: 0.149
2019-10-08 17:33:17,061:INFO: Epoch 17/30
2019-10-08 17:33:18,914:INFO: - Train metrics: loss: 1.125 ; accuracy: 0.150
2019-10-08 17:33:19,220:INFO: - Eval metrics : loss: 0.000 ; accuracy: 0.149
2019-10-08 17:33:19,226:INFO: Epoch 18/30
2019-10-08 17:33:21,074:INFO: - Train metrics: loss: 1.126 ; accuracy: 0.107
2019-10-08 17:33:21,378:INFO: - Eval metrics : loss: 0.000 ; accuracy: 0.144
2019-10-08 17:33:21,384:INFO: Epoch 19/30
2019-10-08 17:33:23,294:INFO: - Train metrics: loss: 1.126 ; accuracy: 0.123
2019-10-08 17:33:23,634:INFO: - Eval metrics : loss: 0.000 ; accuracy: 0.145
2019-10-08 17:33:23,642:INFO: Epoch 20/30
2019-10-08 17:33:25,601:INFO: - Train metrics: loss: 1.124 ; accuracy: 0.115
2019-10-08 17:33:25,922:INFO: - Eval metrics : loss: 0.000 ; accuracy: 0.170
2019-10-08 17:33:25,928:INFO: Epoch 21/30
2019-10-08 17:33:27,895:INFO: - Train metrics: loss: 1.124 ; accuracy: 0.152
2019-10-08 17:33:28,220:INFO: - Eval metrics : loss: 0.000 ; accuracy: 0.161
2019-10-08 17:33:28,228:INFO: Epoch 22/30
2019-10-08 17:33:30,161:INFO: - Train metrics: loss: 1.126 ; accuracy: 0.152
2019-10-08 17:33:30,599:INFO: - Eval metrics : loss: 0.000 ; accuracy: 0.121
2019-10-08 17:33:30,605:INFO: Epoch 23/30
2019-10-08 17:33:32,483:INFO: - Train metrics: loss: 1.125 ; accuracy: 0.133
2019-10-08 17:33:32,781:INFO: - Eval metrics : loss: 0.000 ; accuracy: 0.124
2019-10-08 17:33:32,787:INFO: Epoch 24/30
2019-10-08 17:33:34,687:INFO: - Train metrics: loss: 1.123 ; accuracy: 0.129
2019-10-08 17:33:35,024:INFO: - Eval metrics : loss: 0.000 ; accuracy: 0.167
2019-10-08 17:33:35,032:INFO: Epoch 25/30
2019-10-08 17:33:37,014:INFO: - Train metrics: loss: 1.126 ; accuracy: 0.137
2019-10-08 17:33:37,335:INFO: - Eval metrics : loss: 0.000 ; accuracy: 0.145
2019-10-08 17:33:37,343:INFO: Epoch 26/30
2019-10-08 17:33:39,243:INFO: - Train metrics: loss: 1.124 ; accuracy: 0.127
2019-10-08 17:33:39,589:INFO: - Eval metrics : loss: 0.000 ; accuracy: 0.151
2019-10-08 17:33:39,596:INFO: Epoch 27/30
2019-10-08 17:33:41,499:INFO: - Train metrics: loss: 1.125 ; accuracy: 0.121
2019-10-08 17:33:41,823:INFO: - Eval metrics : loss: 0.000 ; accuracy: 0.145
2019-10-08 17:33:41,832:INFO: Epoch 28/30
2019-10-08 17:33:43,786:INFO: - Train metrics: loss: 1.125 ; accuracy: 0.170
2019-10-08 17:33:44,101:INFO: - Eval metrics : loss: 0.000 ; accuracy: 0.152
2019-10-08 17:33:44,107:INFO: Epoch 29/30
2019-10-08 17:33:46,025:INFO: - Train metrics: loss: 1.126 ; accuracy: 0.143
2019-10-08 17:33:46,334:INFO: - Eval metrics : loss: 0.000 ; accuracy: 0.159
2019-10-08 17:33:46,340:INFO: Epoch 30/30
2019-10-08 17:33:48,258:INFO: - Train metrics: loss: 1.127 ; accuracy: 0.150
2019-10-08 17:33:48,584:INFO: - Eval metrics : loss: 0.000 ; accuracy: 0.150
