2019-10-08 17:37:46,396:INFO: Loading the datasets...
2019-10-08 17:37:48,420:INFO: - done.
2019-10-08 17:37:50,153:INFO: Experiment - model version: cnn_distill
2019-10-08 17:37:50,153:INFO: Starting training for 30 epoch(s)
2019-10-08 17:37:50,153:INFO: First, loading the teacher model and computing its outputs...
2019-10-08 17:37:57,553:INFO: - Finished computing teacher outputs after 8.0 secs..
2019-10-08 17:37:57,553:INFO: Epoch 1/30
2019-10-08 17:37:59,425:INFO: - Train metrics: loss: 1.260 ; accuracy: 0.119
2019-10-08 17:37:59,737:INFO: - Eval metrics : loss: 0.000 ; accuracy: 0.146
2019-10-08 17:37:59,744:INFO: - Found new best accuracy
2019-10-08 17:37:59,745:INFO: Epoch 2/30
2019-10-08 17:38:01,617:INFO: - Train metrics: loss: 1.255 ; accuracy: 0.131
2019-10-08 17:38:01,932:INFO: - Eval metrics : loss: 0.000 ; accuracy: 0.138
2019-10-08 17:38:01,952:INFO: Epoch 3/30
2019-10-08 17:38:03,831:INFO: - Train metrics: loss: 1.256 ; accuracy: 0.135
2019-10-08 17:38:04,167:INFO: - Eval metrics : loss: 0.000 ; accuracy: 0.135
2019-10-08 17:38:04,175:INFO: Epoch 4/30
2019-10-08 17:38:06,077:INFO: - Train metrics: loss: 1.256 ; accuracy: 0.137
2019-10-08 17:38:06,393:INFO: - Eval metrics : loss: 0.000 ; accuracy: 0.145
2019-10-08 17:38:06,415:INFO: Epoch 5/30
2019-10-08 17:38:08,293:INFO: - Train metrics: loss: 1.255 ; accuracy: 0.133
2019-10-08 17:38:08,611:INFO: - Eval metrics : loss: 0.000 ; accuracy: 0.167
2019-10-08 17:38:08,636:INFO: - Found new best accuracy
2019-10-08 17:38:08,636:INFO: Epoch 6/30
2019-10-08 17:38:10,480:INFO: - Train metrics: loss: 1.253 ; accuracy: 0.150
2019-10-08 17:38:10,804:INFO: - Eval metrics : loss: 0.000 ; accuracy: 0.120
2019-10-08 17:38:10,810:INFO: Epoch 7/30
2019-10-08 17:38:12,654:INFO: - Train metrics: loss: 1.256 ; accuracy: 0.160
2019-10-08 17:38:12,980:INFO: - Eval metrics : loss: 0.000 ; accuracy: 0.183
2019-10-08 17:38:13,002:INFO: - Found new best accuracy
2019-10-08 17:38:13,003:INFO: Epoch 8/30
2019-10-08 17:38:14,830:INFO: - Train metrics: loss: 1.254 ; accuracy: 0.152
2019-10-08 17:38:15,141:INFO: - Eval metrics : loss: 0.000 ; accuracy: 0.175
2019-10-08 17:38:15,149:INFO: Epoch 9/30
2019-10-08 17:38:17,063:INFO: - Train metrics: loss: 1.256 ; accuracy: 0.172
2019-10-08 17:38:17,376:INFO: - Eval metrics : loss: 0.000 ; accuracy: 0.207
2019-10-08 17:38:17,398:INFO: - Found new best accuracy
2019-10-08 17:38:17,399:INFO: Epoch 10/30
2019-10-08 17:38:19,251:INFO: - Train metrics: loss: 1.257 ; accuracy: 0.184
2019-10-08 17:38:19,569:INFO: - Eval metrics : loss: 0.000 ; accuracy: 0.165
2019-10-08 17:38:19,576:INFO: Epoch 11/30
2019-10-08 17:38:21,455:INFO: - Train metrics: loss: 1.253 ; accuracy: 0.176
2019-10-08 17:38:21,789:INFO: - Eval metrics : loss: 0.000 ; accuracy: 0.155
2019-10-08 17:38:21,795:INFO: Epoch 12/30
2019-10-08 17:38:23,710:INFO: - Train metrics: loss: 1.255 ; accuracy: 0.162
2019-10-08 17:38:24,038:INFO: - Eval metrics : loss: 0.000 ; accuracy: 0.181
2019-10-08 17:38:24,045:INFO: Epoch 13/30
2019-10-08 17:38:25,931:INFO: - Train metrics: loss: 1.254 ; accuracy: 0.166
2019-10-08 17:38:26,238:INFO: - Eval metrics : loss: 0.000 ; accuracy: 0.141
2019-10-08 17:38:26,246:INFO: Epoch 14/30
2019-10-08 17:38:28,141:INFO: - Train metrics: loss: 1.254 ; accuracy: 0.154
2019-10-08 17:38:28,459:INFO: - Eval metrics : loss: 0.000 ; accuracy: 0.152
2019-10-08 17:38:28,465:INFO: Epoch 15/30
2019-10-08 17:38:30,354:INFO: - Train metrics: loss: 1.254 ; accuracy: 0.127
2019-10-08 17:38:30,702:INFO: - Eval metrics : loss: 0.000 ; accuracy: 0.157
2019-10-08 17:38:30,710:INFO: Epoch 16/30
2019-10-08 17:38:32,614:INFO: - Train metrics: loss: 1.254 ; accuracy: 0.158
2019-10-08 17:38:32,930:INFO: - Eval metrics : loss: 0.000 ; accuracy: 0.158
2019-10-08 17:38:32,938:INFO: Epoch 17/30
2019-10-08 17:38:34,802:INFO: - Train metrics: loss: 1.254 ; accuracy: 0.186
2019-10-08 17:38:35,117:INFO: - Eval metrics : loss: 0.000 ; accuracy: 0.179
2019-10-08 17:38:35,125:INFO: Epoch 18/30
2019-10-08 17:38:36,999:INFO: - Train metrics: loss: 1.255 ; accuracy: 0.137
2019-10-08 17:38:37,353:INFO: - Eval metrics : loss: 0.000 ; accuracy: 0.160
2019-10-08 17:38:37,358:INFO: Epoch 19/30
2019-10-08 17:38:39,240:INFO: - Train metrics: loss: 1.254 ; accuracy: 0.137
2019-10-08 17:38:39,555:INFO: - Eval metrics : loss: 0.000 ; accuracy: 0.164
2019-10-08 17:38:39,563:INFO: Epoch 20/30
2019-10-08 17:38:41,451:INFO: - Train metrics: loss: 1.254 ; accuracy: 0.150
2019-10-08 17:38:41,770:INFO: - Eval metrics : loss: 0.000 ; accuracy: 0.181
2019-10-08 17:38:41,776:INFO: Epoch 21/30
2019-10-08 17:38:43,610:INFO: - Train metrics: loss: 1.252 ; accuracy: 0.176
2019-10-08 17:38:43,927:INFO: - Eval metrics : loss: 0.000 ; accuracy: 0.188
2019-10-08 17:38:43,933:INFO: Epoch 22/30
2019-10-08 17:38:45,833:INFO: - Train metrics: loss: 1.256 ; accuracy: 0.189
2019-10-08 17:38:46,144:INFO: - Eval metrics : loss: 0.000 ; accuracy: 0.207
2019-10-08 17:38:46,152:INFO: Epoch 23/30
2019-10-08 17:38:48,027:INFO: - Train metrics: loss: 1.256 ; accuracy: 0.156
2019-10-08 17:38:48,368:INFO: - Eval metrics : loss: 0.000 ; accuracy: 0.159
2019-10-08 17:38:48,376:INFO: Epoch 24/30
2019-10-08 17:38:50,269:INFO: - Train metrics: loss: 1.254 ; accuracy: 0.145
2019-10-08 17:38:50,609:INFO: - Eval metrics : loss: 0.000 ; accuracy: 0.218
2019-10-08 17:38:50,631:INFO: - Found new best accuracy
2019-10-08 17:38:50,632:INFO: Epoch 25/30
2019-10-08 17:38:52,598:INFO: - Train metrics: loss: 1.255 ; accuracy: 0.168
2019-10-08 17:38:52,959:INFO: - Eval metrics : loss: 0.000 ; accuracy: 0.129
2019-10-08 17:38:52,983:INFO: Epoch 26/30
2019-10-08 17:38:54,961:INFO: - Train metrics: loss: 1.253 ; accuracy: 0.133
2019-10-08 17:38:55,303:INFO: - Eval metrics : loss: 0.000 ; accuracy: 0.147
2019-10-08 17:38:55,311:INFO: Epoch 27/30
2019-10-08 17:38:57,206:INFO: - Train metrics: loss: 1.253 ; accuracy: 0.145
2019-10-08 17:38:57,546:INFO: - Eval metrics : loss: 0.000 ; accuracy: 0.173
2019-10-08 17:38:57,554:INFO: Epoch 28/30
2019-10-08 17:38:59,482:INFO: - Train metrics: loss: 1.255 ; accuracy: 0.193
2019-10-08 17:38:59,797:INFO: - Eval metrics : loss: 0.000 ; accuracy: 0.245
2019-10-08 17:38:59,821:INFO: - Found new best accuracy
2019-10-08 17:38:59,822:INFO: Epoch 29/30
2019-10-08 17:39:01,742:INFO: - Train metrics: loss: 1.256 ; accuracy: 0.203
2019-10-08 17:39:02,074:INFO: - Eval metrics : loss: 0.000 ; accuracy: 0.228
2019-10-08 17:39:02,082:INFO: Epoch 30/30
2019-10-08 17:39:03,971:INFO: - Train metrics: loss: 1.256 ; accuracy: 0.209
2019-10-08 17:39:04,297:INFO: - Eval metrics : loss: 0.000 ; accuracy: 0.210
