2019-10-08 18:41:34,096:INFO: Loading the datasets...
2019-10-08 18:41:36,096:INFO: - done.
2019-10-08 18:41:37,812:INFO: Experiment - model version: cnn_distill
2019-10-08 18:41:37,813:INFO: Starting training for 30 epoch(s)
2019-10-08 18:41:37,813:INFO: First, loading the teacher model and computing its outputs...
2019-10-08 18:41:45,160:INFO: - Finished computing teacher outputs after 8.0 secs..
2019-10-08 18:41:45,161:INFO: Epoch 1/30
2019-10-08 18:41:47,070:INFO: - Train metrics: loss: 1.646 ; accuracy: 0.404
2019-10-08 18:41:47,414:INFO: - Eval metrics : loss: 0.000 ; accuracy: 0.640
2019-10-08 18:41:47,422:INFO: - Found new best accuracy
2019-10-08 18:41:47,423:INFO: Epoch 2/30
2019-10-08 18:41:49,327:INFO: - Train metrics: loss: 1.125 ; accuracy: 0.619
2019-10-08 18:41:49,683:INFO: - Eval metrics : loss: 0.000 ; accuracy: 0.693
2019-10-08 18:41:49,692:INFO: - Found new best accuracy
2019-10-08 18:41:49,692:INFO: Epoch 3/30
2019-10-08 18:41:51,560:INFO: - Train metrics: loss: 0.985 ; accuracy: 0.660
2019-10-08 18:41:51,905:INFO: - Eval metrics : loss: 0.000 ; accuracy: 0.717
2019-10-08 18:41:51,914:INFO: - Found new best accuracy
2019-10-08 18:41:51,928:INFO: Epoch 4/30
2019-10-08 18:41:53,881:INFO: - Train metrics: loss: 0.956 ; accuracy: 0.666
2019-10-08 18:41:54,238:INFO: - Eval metrics : loss: 0.000 ; accuracy: 0.730
2019-10-08 18:41:54,247:INFO: - Found new best accuracy
2019-10-08 18:41:54,260:INFO: Epoch 5/30
2019-10-08 18:41:56,106:INFO: - Train metrics: loss: 0.887 ; accuracy: 0.682
2019-10-08 18:41:56,472:INFO: - Eval metrics : loss: 0.000 ; accuracy: 0.728
2019-10-08 18:41:56,480:INFO: Epoch 6/30
2019-10-08 18:41:58,428:INFO: - Train metrics: loss: 0.842 ; accuracy: 0.727
2019-10-08 18:41:58,773:INFO: - Eval metrics : loss: 0.000 ; accuracy: 0.758
2019-10-08 18:41:58,796:INFO: - Found new best accuracy
2019-10-08 18:41:58,796:INFO: Epoch 7/30
2019-10-08 18:42:00,678:INFO: - Train metrics: loss: 0.811 ; accuracy: 0.729
2019-10-08 18:42:01,033:INFO: - Eval metrics : loss: 0.000 ; accuracy: 0.772
2019-10-08 18:42:01,055:INFO: - Found new best accuracy
2019-10-08 18:42:01,055:INFO: Epoch 8/30
2019-10-08 18:42:02,949:INFO: - Train metrics: loss: 0.802 ; accuracy: 0.719
2019-10-08 18:42:03,293:INFO: - Eval metrics : loss: 0.000 ; accuracy: 0.788
2019-10-08 18:42:03,305:INFO: - Found new best accuracy
2019-10-08 18:42:03,317:INFO: Epoch 9/30
2019-10-08 18:42:05,130:INFO: - Train metrics: loss: 0.766 ; accuracy: 0.758
2019-10-08 18:42:05,472:INFO: - Eval metrics : loss: 0.000 ; accuracy: 0.785
2019-10-08 18:42:05,478:INFO: Epoch 10/30
2019-10-08 18:42:07,402:INFO: - Train metrics: loss: 0.771 ; accuracy: 0.736
2019-10-08 18:42:07,778:INFO: - Eval metrics : loss: 0.000 ; accuracy: 0.790
2019-10-08 18:42:07,800:INFO: - Found new best accuracy
2019-10-08 18:42:07,801:INFO: Epoch 11/30
2019-10-08 18:42:09,665:INFO: - Train metrics: loss: 0.698 ; accuracy: 0.771
2019-10-08 18:42:10,021:INFO: - Eval metrics : loss: 0.000 ; accuracy: 0.799
2019-10-08 18:42:10,030:INFO: - Found new best accuracy
2019-10-08 18:42:10,031:INFO: Epoch 12/30
2019-10-08 18:42:11,929:INFO: - Train metrics: loss: 0.713 ; accuracy: 0.781
2019-10-08 18:42:12,310:INFO: - Eval metrics : loss: 0.000 ; accuracy: 0.799
2019-10-08 18:42:12,319:INFO: - Found new best accuracy
2019-10-08 18:42:12,333:INFO: Epoch 13/30
2019-10-08 18:42:14,225:INFO: - Train metrics: loss: 0.637 ; accuracy: 0.807
2019-10-08 18:42:14,571:INFO: - Eval metrics : loss: 0.000 ; accuracy: 0.802
2019-10-08 18:42:14,593:INFO: - Found new best accuracy
2019-10-08 18:42:14,594:INFO: Epoch 14/30
2019-10-08 18:42:16,504:INFO: - Train metrics: loss: 0.658 ; accuracy: 0.807
2019-10-08 18:42:16,856:INFO: - Eval metrics : loss: 0.000 ; accuracy: 0.804
2019-10-08 18:42:16,879:INFO: - Found new best accuracy
2019-10-08 18:42:16,880:INFO: Epoch 15/30
2019-10-08 18:42:18,749:INFO: - Train metrics: loss: 0.644 ; accuracy: 0.787
2019-10-08 18:42:19,096:INFO: - Eval metrics : loss: 0.000 ; accuracy: 0.811
2019-10-08 18:42:19,120:INFO: - Found new best accuracy
2019-10-08 18:42:19,120:INFO: Epoch 16/30
2019-10-08 18:42:21,012:INFO: - Train metrics: loss: 0.667 ; accuracy: 0.791
2019-10-08 18:42:21,352:INFO: - Eval metrics : loss: 0.000 ; accuracy: 0.808
2019-10-08 18:42:21,360:INFO: Epoch 17/30
2019-10-08 18:42:23,279:INFO: - Train metrics: loss: 0.617 ; accuracy: 0.811
2019-10-08 18:42:23,649:INFO: - Eval metrics : loss: 0.000 ; accuracy: 0.815
2019-10-08 18:42:23,670:INFO: - Found new best accuracy
2019-10-08 18:42:23,671:INFO: Epoch 18/30
2019-10-08 18:42:25,581:INFO: - Train metrics: loss: 0.651 ; accuracy: 0.783
2019-10-08 18:42:25,945:INFO: - Eval metrics : loss: 0.000 ; accuracy: 0.811
2019-10-08 18:42:25,951:INFO: Epoch 19/30
2019-10-08 18:42:27,887:INFO: - Train metrics: loss: 0.583 ; accuracy: 0.818
2019-10-08 18:42:28,237:INFO: - Eval metrics : loss: 0.000 ; accuracy: 0.818
2019-10-08 18:42:28,247:INFO: - Found new best accuracy
2019-10-08 18:42:28,260:INFO: Epoch 20/30
2019-10-08 18:42:30,164:INFO: - Train metrics: loss: 0.617 ; accuracy: 0.799
2019-10-08 18:42:30,528:INFO: - Eval metrics : loss: 0.000 ; accuracy: 0.814
2019-10-08 18:42:30,534:INFO: Epoch 21/30
2019-10-08 18:42:32,454:INFO: - Train metrics: loss: 0.516 ; accuracy: 0.855
2019-10-08 18:42:32,815:INFO: - Eval metrics : loss: 0.000 ; accuracy: 0.824
2019-10-08 18:42:32,837:INFO: - Found new best accuracy
2019-10-08 18:42:32,837:INFO: Epoch 22/30
2019-10-08 18:42:34,769:INFO: - Train metrics: loss: 0.636 ; accuracy: 0.789
2019-10-08 18:42:35,120:INFO: - Eval metrics : loss: 0.000 ; accuracy: 0.818
2019-10-08 18:42:35,128:INFO: Epoch 23/30
2019-10-08 18:42:37,069:INFO: - Train metrics: loss: 0.557 ; accuracy: 0.822
2019-10-08 18:42:37,417:INFO: - Eval metrics : loss: 0.000 ; accuracy: 0.827
2019-10-08 18:42:37,438:INFO: - Found new best accuracy
2019-10-08 18:42:37,439:INFO: Epoch 24/30
2019-10-08 18:42:39,354:INFO: - Train metrics: loss: 0.570 ; accuracy: 0.818
2019-10-08 18:42:39,703:INFO: - Eval metrics : loss: 0.000 ; accuracy: 0.825
2019-10-08 18:42:39,710:INFO: Epoch 25/30
2019-10-08 18:42:41,652:INFO: - Train metrics: loss: 0.564 ; accuracy: 0.820
2019-10-08 18:42:42,011:INFO: - Eval metrics : loss: 0.000 ; accuracy: 0.832
2019-10-08 18:42:42,021:INFO: - Found new best accuracy
2019-10-08 18:42:42,034:INFO: Epoch 26/30
2019-10-08 18:42:43,912:INFO: - Train metrics: loss: 0.574 ; accuracy: 0.828
2019-10-08 18:42:44,255:INFO: - Eval metrics : loss: 0.000 ; accuracy: 0.828
2019-10-08 18:42:44,261:INFO: Epoch 27/30
2019-10-08 18:42:46,192:INFO: - Train metrics: loss: 0.606 ; accuracy: 0.834
2019-10-08 18:42:46,567:INFO: - Eval metrics : loss: 0.000 ; accuracy: 0.832
2019-10-08 18:42:46,573:INFO: Epoch 28/30
2019-10-08 18:42:48,506:INFO: - Train metrics: loss: 0.575 ; accuracy: 0.828
2019-10-08 18:42:48,862:INFO: - Eval metrics : loss: 0.000 ; accuracy: 0.831
2019-10-08 18:42:48,870:INFO: Epoch 29/30
2019-10-08 18:42:50,798:INFO: - Train metrics: loss: 0.579 ; accuracy: 0.830
2019-10-08 18:42:51,143:INFO: - Eval metrics : loss: 0.000 ; accuracy: 0.827
2019-10-08 18:42:51,151:INFO: Epoch 30/30
2019-10-08 18:42:53,076:INFO: - Train metrics: loss: 0.611 ; accuracy: 0.795
2019-10-08 18:42:53,449:INFO: - Eval metrics : loss: 0.000 ; accuracy: 0.835
2019-10-08 18:42:53,458:INFO: - Found new best accuracy
