2019-10-08 18:22:56,447:INFO: Loading the datasets...
2019-10-08 18:22:58,523:INFO: - done.
2019-10-08 18:23:00,293:INFO: Experiment - model version: cnn_distill
2019-10-08 18:23:00,293:INFO: Starting training for 30 epoch(s)
2019-10-08 18:23:00,293:INFO: First, loading the teacher model and computing its outputs...
2019-10-08 18:23:07,728:INFO: - Finished computing teacher outputs after 8.0 secs..
2019-10-08 18:23:07,728:INFO: Epoch 1/30
2019-10-08 18:23:09,707:INFO: - Train metrics: loss: 1.567 ; accuracy: 0.395
2019-10-08 18:23:10,050:INFO: - Eval metrics : loss: 0.000 ; accuracy: 0.641
2019-10-08 18:23:10,058:INFO: - Found new best accuracy
2019-10-08 18:23:10,058:INFO: Epoch 2/30
2019-10-08 18:23:12,031:INFO: - Train metrics: loss: 1.337 ; accuracy: 0.592
2019-10-08 18:23:12,390:INFO: - Eval metrics : loss: 0.000 ; accuracy: 0.669
2019-10-08 18:23:12,412:INFO: - Found new best accuracy
2019-10-08 18:23:12,412:INFO: Epoch 3/30
2019-10-08 18:23:14,351:INFO: - Train metrics: loss: 1.280 ; accuracy: 0.668
2019-10-08 18:23:14,707:INFO: - Eval metrics : loss: 0.000 ; accuracy: 0.714
2019-10-08 18:23:14,729:INFO: - Found new best accuracy
2019-10-08 18:23:14,730:INFO: Epoch 4/30
2019-10-08 18:23:16,654:INFO: - Train metrics: loss: 1.259 ; accuracy: 0.691
2019-10-08 18:23:16,994:INFO: - Eval metrics : loss: 0.000 ; accuracy: 0.733
2019-10-08 18:23:17,003:INFO: - Found new best accuracy
2019-10-08 18:23:17,016:INFO: Epoch 5/30
2019-10-08 18:23:18,900:INFO: - Train metrics: loss: 1.240 ; accuracy: 0.713
2019-10-08 18:23:19,237:INFO: - Eval metrics : loss: 0.000 ; accuracy: 0.752
2019-10-08 18:23:19,259:INFO: - Found new best accuracy
2019-10-08 18:23:19,259:INFO: Epoch 6/30
2019-10-08 18:23:21,126:INFO: - Train metrics: loss: 1.199 ; accuracy: 0.752
2019-10-08 18:23:21,464:INFO: - Eval metrics : loss: 0.000 ; accuracy: 0.766
2019-10-08 18:23:21,486:INFO: - Found new best accuracy
2019-10-08 18:23:21,486:INFO: Epoch 7/30
2019-10-08 18:23:23,337:INFO: - Train metrics: loss: 1.191 ; accuracy: 0.727
2019-10-08 18:23:23,677:INFO: - Eval metrics : loss: 0.000 ; accuracy: 0.775
2019-10-08 18:23:23,686:INFO: - Found new best accuracy
2019-10-08 18:23:23,687:INFO: Epoch 8/30
2019-10-08 18:23:25,604:INFO: - Train metrics: loss: 1.226 ; accuracy: 0.705
2019-10-08 18:23:25,943:INFO: - Eval metrics : loss: 0.000 ; accuracy: 0.787
2019-10-08 18:23:25,965:INFO: - Found new best accuracy
2019-10-08 18:23:25,965:INFO: Epoch 9/30
2019-10-08 18:23:27,809:INFO: - Train metrics: loss: 1.180 ; accuracy: 0.771
2019-10-08 18:23:28,173:INFO: - Eval metrics : loss: 0.000 ; accuracy: 0.780
2019-10-08 18:23:28,181:INFO: Epoch 10/30
2019-10-08 18:23:30,023:INFO: - Train metrics: loss: 1.165 ; accuracy: 0.740
2019-10-08 18:23:30,364:INFO: - Eval metrics : loss: 0.000 ; accuracy: 0.787
2019-10-08 18:23:30,373:INFO: - Found new best accuracy
2019-10-08 18:23:30,386:INFO: Epoch 11/30
2019-10-08 18:23:32,284:INFO: - Train metrics: loss: 1.132 ; accuracy: 0.773
2019-10-08 18:23:32,649:INFO: - Eval metrics : loss: 0.000 ; accuracy: 0.786
2019-10-08 18:23:32,655:INFO: Epoch 12/30
2019-10-08 18:23:34,491:INFO: - Train metrics: loss: 1.138 ; accuracy: 0.783
2019-10-08 18:23:34,856:INFO: - Eval metrics : loss: 0.000 ; accuracy: 0.803
2019-10-08 18:23:34,877:INFO: - Found new best accuracy
2019-10-08 18:23:34,878:INFO: Epoch 13/30
2019-10-08 18:23:36,785:INFO: - Train metrics: loss: 1.112 ; accuracy: 0.807
2019-10-08 18:23:37,121:INFO: - Eval metrics : loss: 0.000 ; accuracy: 0.806
2019-10-08 18:23:37,145:INFO: - Found new best accuracy
2019-10-08 18:23:37,145:INFO: Epoch 14/30
2019-10-08 18:23:39,014:INFO: - Train metrics: loss: 1.117 ; accuracy: 0.785
2019-10-08 18:23:39,368:INFO: - Eval metrics : loss: 0.000 ; accuracy: 0.807
2019-10-08 18:23:39,378:INFO: - Found new best accuracy
2019-10-08 18:23:39,378:INFO: Epoch 15/30
2019-10-08 18:23:41,234:INFO: - Train metrics: loss: 1.113 ; accuracy: 0.791
2019-10-08 18:23:41,597:INFO: - Eval metrics : loss: 0.000 ; accuracy: 0.819
2019-10-08 18:23:41,606:INFO: - Found new best accuracy
2019-10-08 18:23:41,619:INFO: Epoch 16/30
2019-10-08 18:23:43,509:INFO: - Train metrics: loss: 1.126 ; accuracy: 0.785
2019-10-08 18:23:43,856:INFO: - Eval metrics : loss: 0.000 ; accuracy: 0.817
2019-10-08 18:23:43,863:INFO: Epoch 17/30
2019-10-08 18:23:45,794:INFO: - Train metrics: loss: 1.108 ; accuracy: 0.793
2019-10-08 18:23:46,154:INFO: - Eval metrics : loss: 0.000 ; accuracy: 0.817
2019-10-08 18:23:46,160:INFO: Epoch 18/30
2019-10-08 18:23:48,091:INFO: - Train metrics: loss: 1.095 ; accuracy: 0.816
2019-10-08 18:23:48,434:INFO: - Eval metrics : loss: 0.000 ; accuracy: 0.822
2019-10-08 18:23:48,456:INFO: - Found new best accuracy
2019-10-08 18:23:48,457:INFO: Epoch 19/30
2019-10-08 18:23:50,374:INFO: - Train metrics: loss: 1.067 ; accuracy: 0.836
2019-10-08 18:23:50,710:INFO: - Eval metrics : loss: 0.000 ; accuracy: 0.821
2019-10-08 18:23:50,718:INFO: Epoch 20/30
2019-10-08 18:23:52,656:INFO: - Train metrics: loss: 1.098 ; accuracy: 0.789
2019-10-08 18:23:53,032:INFO: - Eval metrics : loss: 0.000 ; accuracy: 0.818
2019-10-08 18:23:53,039:INFO: Epoch 21/30
2019-10-08 18:23:54,971:INFO: - Train metrics: loss: 1.059 ; accuracy: 0.830
2019-10-08 18:23:55,304:INFO: - Eval metrics : loss: 0.000 ; accuracy: 0.819
2019-10-08 18:23:55,312:INFO: Epoch 22/30
2019-10-08 18:23:57,209:INFO: - Train metrics: loss: 1.116 ; accuracy: 0.811
2019-10-08 18:23:57,556:INFO: - Eval metrics : loss: 0.000 ; accuracy: 0.811
2019-10-08 18:23:57,562:INFO: Epoch 23/30
2019-10-08 18:23:59,490:INFO: - Train metrics: loss: 1.074 ; accuracy: 0.842
2019-10-08 18:23:59,855:INFO: - Eval metrics : loss: 0.000 ; accuracy: 0.827
2019-10-08 18:23:59,867:INFO: - Found new best accuracy
2019-10-08 18:23:59,879:INFO: Epoch 24/30
2019-10-08 18:24:01,764:INFO: - Train metrics: loss: 1.069 ; accuracy: 0.820
2019-10-08 18:24:02,101:INFO: - Eval metrics : loss: 0.000 ; accuracy: 0.829
2019-10-08 18:24:02,110:INFO: - Found new best accuracy
2019-10-08 18:24:02,123:INFO: Epoch 25/30
2019-10-08 18:24:04,002:INFO: - Train metrics: loss: 1.064 ; accuracy: 0.855
2019-10-08 18:24:04,341:INFO: - Eval metrics : loss: 0.000 ; accuracy: 0.829
2019-10-08 18:24:04,363:INFO: - Found new best accuracy
2019-10-08 18:24:04,363:INFO: Epoch 26/30
2019-10-08 18:24:06,255:INFO: - Train metrics: loss: 1.085 ; accuracy: 0.816
2019-10-08 18:24:06,613:INFO: - Eval metrics : loss: 0.000 ; accuracy: 0.830
2019-10-08 18:24:06,622:INFO: - Found new best accuracy
2019-10-08 18:24:06,635:INFO: Epoch 27/30
2019-10-08 18:24:08,518:INFO: - Train metrics: loss: 1.080 ; accuracy: 0.828
2019-10-08 18:24:08,861:INFO: - Eval metrics : loss: 0.000 ; accuracy: 0.839
2019-10-08 18:24:08,870:INFO: - Found new best accuracy
2019-10-08 18:24:08,883:INFO: Epoch 28/30
2019-10-08 18:24:10,727:INFO: - Train metrics: loss: 1.092 ; accuracy: 0.826
2019-10-08 18:24:11,113:INFO: - Eval metrics : loss: 0.000 ; accuracy: 0.836
2019-10-08 18:24:11,118:INFO: Epoch 29/30
2019-10-08 18:24:12,991:INFO: - Train metrics: loss: 1.096 ; accuracy: 0.832
2019-10-08 18:24:13,352:INFO: - Eval metrics : loss: 0.000 ; accuracy: 0.829
2019-10-08 18:24:13,358:INFO: Epoch 30/30
2019-10-08 18:24:15,284:INFO: - Train metrics: loss: 1.127 ; accuracy: 0.797
2019-10-08 18:24:15,617:INFO: - Eval metrics : loss: 0.000 ; accuracy: 0.831
