2019-10-08 18:40:13,291:INFO: Loading the datasets...
2019-10-08 18:40:15,282:INFO: - done.
2019-10-08 18:40:16,999:INFO: Experiment - model version: cnn_distill
2019-10-08 18:40:16,999:INFO: Starting training for 30 epoch(s)
2019-10-08 18:40:16,999:INFO: First, loading the teacher model and computing its outputs...
2019-10-08 18:40:24,358:INFO: - Finished computing teacher outputs after 8.0 secs..
2019-10-08 18:40:24,358:INFO: Epoch 1/30
2019-10-08 18:40:26,256:INFO: - Train metrics: loss: 1.695 ; accuracy: 0.361
2019-10-08 18:40:26,621:INFO: - Eval metrics : loss: 0.000 ; accuracy: 0.622
2019-10-08 18:40:26,629:INFO: - Found new best accuracy
2019-10-08 18:40:26,630:INFO: Epoch 2/30
2019-10-08 18:40:28,568:INFO: - Train metrics: loss: 1.207 ; accuracy: 0.578
2019-10-08 18:40:28,930:INFO: - Eval metrics : loss: 0.000 ; accuracy: 0.668
2019-10-08 18:40:28,954:INFO: - Found new best accuracy
2019-10-08 18:40:28,955:INFO: Epoch 3/30
2019-10-08 18:40:30,819:INFO: - Train metrics: loss: 1.005 ; accuracy: 0.646
2019-10-08 18:40:31,184:INFO: - Eval metrics : loss: 0.000 ; accuracy: 0.705
2019-10-08 18:40:31,194:INFO: - Found new best accuracy
2019-10-08 18:40:31,194:INFO: Epoch 4/30
2019-10-08 18:40:33,137:INFO: - Train metrics: loss: 0.968 ; accuracy: 0.652
2019-10-08 18:40:33,494:INFO: - Eval metrics : loss: 0.000 ; accuracy: 0.732
2019-10-08 18:40:33,503:INFO: - Found new best accuracy
2019-10-08 18:40:33,517:INFO: Epoch 5/30
2019-10-08 18:40:35,383:INFO: - Train metrics: loss: 0.887 ; accuracy: 0.699
2019-10-08 18:40:35,727:INFO: - Eval metrics : loss: 0.000 ; accuracy: 0.742
2019-10-08 18:40:35,736:INFO: - Found new best accuracy
2019-10-08 18:40:35,749:INFO: Epoch 6/30
2019-10-08 18:40:37,617:INFO: - Train metrics: loss: 0.830 ; accuracy: 0.707
2019-10-08 18:40:37,979:INFO: - Eval metrics : loss: 0.000 ; accuracy: 0.757
2019-10-08 18:40:37,988:INFO: - Found new best accuracy
2019-10-08 18:40:37,988:INFO: Epoch 7/30
2019-10-08 18:40:39,916:INFO: - Train metrics: loss: 0.775 ; accuracy: 0.752
2019-10-08 18:40:40,262:INFO: - Eval metrics : loss: 0.000 ; accuracy: 0.774
2019-10-08 18:40:40,272:INFO: - Found new best accuracy
2019-10-08 18:40:40,285:INFO: Epoch 8/30
2019-10-08 18:40:42,186:INFO: - Train metrics: loss: 0.860 ; accuracy: 0.713
2019-10-08 18:40:42,547:INFO: - Eval metrics : loss: 0.000 ; accuracy: 0.786
2019-10-08 18:40:42,559:INFO: - Found new best accuracy
2019-10-08 18:40:42,571:INFO: Epoch 9/30
2019-10-08 18:40:44,431:INFO: - Train metrics: loss: 0.784 ; accuracy: 0.746
2019-10-08 18:40:44,810:INFO: - Eval metrics : loss: 0.000 ; accuracy: 0.777
2019-10-08 18:40:44,817:INFO: Epoch 10/30
2019-10-08 18:40:46,738:INFO: - Train metrics: loss: 0.748 ; accuracy: 0.752
2019-10-08 18:40:47,096:INFO: - Eval metrics : loss: 0.000 ; accuracy: 0.792
2019-10-08 18:40:47,118:INFO: - Found new best accuracy
2019-10-08 18:40:47,119:INFO: Epoch 11/30
2019-10-08 18:40:48,980:INFO: - Train metrics: loss: 0.722 ; accuracy: 0.768
2019-10-08 18:40:49,340:INFO: - Eval metrics : loss: 0.000 ; accuracy: 0.798
2019-10-08 18:40:49,363:INFO: - Found new best accuracy
2019-10-08 18:40:49,364:INFO: Epoch 12/30
2019-10-08 18:40:51,465:INFO: - Train metrics: loss: 0.678 ; accuracy: 0.799
2019-10-08 18:40:51,844:INFO: - Eval metrics : loss: 0.000 ; accuracy: 0.799
2019-10-08 18:40:51,853:INFO: - Found new best accuracy
2019-10-08 18:40:51,854:INFO: Epoch 13/30
2019-10-08 18:40:53,905:INFO: - Train metrics: loss: 0.637 ; accuracy: 0.791
2019-10-08 18:40:54,252:INFO: - Eval metrics : loss: 0.000 ; accuracy: 0.798
2019-10-08 18:40:54,260:INFO: Epoch 14/30
2019-10-08 18:40:56,162:INFO: - Train metrics: loss: 0.629 ; accuracy: 0.803
2019-10-08 18:40:56,513:INFO: - Eval metrics : loss: 0.000 ; accuracy: 0.801
2019-10-08 18:40:56,535:INFO: - Found new best accuracy
2019-10-08 18:40:56,535:INFO: Epoch 15/30
2019-10-08 18:40:58,432:INFO: - Train metrics: loss: 0.645 ; accuracy: 0.814
2019-10-08 18:40:58,804:INFO: - Eval metrics : loss: 0.000 ; accuracy: 0.811
2019-10-08 18:40:58,813:INFO: - Found new best accuracy
2019-10-08 18:40:58,813:INFO: Epoch 16/30
2019-10-08 18:41:00,777:INFO: - Train metrics: loss: 0.638 ; accuracy: 0.789
2019-10-08 18:41:01,117:INFO: - Eval metrics : loss: 0.000 ; accuracy: 0.810
2019-10-08 18:41:01,123:INFO: Epoch 17/30
2019-10-08 18:41:03,077:INFO: - Train metrics: loss: 0.597 ; accuracy: 0.826
2019-10-08 18:41:03,433:INFO: - Eval metrics : loss: 0.000 ; accuracy: 0.817
2019-10-08 18:41:03,442:INFO: - Found new best accuracy
2019-10-08 18:41:03,443:INFO: Epoch 18/30
2019-10-08 18:41:05,408:INFO: - Train metrics: loss: 0.605 ; accuracy: 0.805
2019-10-08 18:41:05,779:INFO: - Eval metrics : loss: 0.000 ; accuracy: 0.816
2019-10-08 18:41:05,787:INFO: Epoch 19/30
2019-10-08 18:41:07,726:INFO: - Train metrics: loss: 0.539 ; accuracy: 0.838
2019-10-08 18:41:08,105:INFO: - Eval metrics : loss: 0.000 ; accuracy: 0.814
2019-10-08 18:41:08,112:INFO: Epoch 20/30
2019-10-08 18:41:10,056:INFO: - Train metrics: loss: 0.573 ; accuracy: 0.826
2019-10-08 18:41:10,412:INFO: - Eval metrics : loss: 0.000 ; accuracy: 0.817
2019-10-08 18:41:10,418:INFO: Epoch 21/30
2019-10-08 18:41:12,382:INFO: - Train metrics: loss: 0.540 ; accuracy: 0.824
2019-10-08 18:41:12,733:INFO: - Eval metrics : loss: 0.000 ; accuracy: 0.824
2019-10-08 18:41:12,755:INFO: - Found new best accuracy
2019-10-08 18:41:12,755:INFO: Epoch 22/30
2019-10-08 18:41:14,690:INFO: - Train metrics: loss: 0.630 ; accuracy: 0.801
2019-10-08 18:41:15,058:INFO: - Eval metrics : loss: 0.000 ; accuracy: 0.815
2019-10-08 18:41:15,064:INFO: Epoch 23/30
2019-10-08 18:41:16,907:INFO: - Train metrics: loss: 0.512 ; accuracy: 0.857
2019-10-08 18:41:17,268:INFO: - Eval metrics : loss: 0.000 ; accuracy: 0.829
2019-10-08 18:41:17,278:INFO: - Found new best accuracy
2019-10-08 18:41:17,291:INFO: Epoch 24/30
2019-10-08 18:41:19,164:INFO: - Train metrics: loss: 0.565 ; accuracy: 0.828
2019-10-08 18:41:19,512:INFO: - Eval metrics : loss: 0.000 ; accuracy: 0.827
2019-10-08 18:41:19,520:INFO: Epoch 25/30
2019-10-08 18:41:21,471:INFO: - Train metrics: loss: 0.558 ; accuracy: 0.818
2019-10-08 18:41:21,842:INFO: - Eval metrics : loss: 0.000 ; accuracy: 0.830
2019-10-08 18:41:21,851:INFO: - Found new best accuracy
2019-10-08 18:41:21,865:INFO: Epoch 26/30
2019-10-08 18:41:23,744:INFO: - Train metrics: loss: 0.530 ; accuracy: 0.844
2019-10-08 18:41:24,103:INFO: - Eval metrics : loss: 0.000 ; accuracy: 0.819
2019-10-08 18:41:24,111:INFO: Epoch 27/30
2019-10-08 18:41:26,063:INFO: - Train metrics: loss: 0.594 ; accuracy: 0.805
2019-10-08 18:41:26,422:INFO: - Eval metrics : loss: 0.000 ; accuracy: 0.830
2019-10-08 18:41:26,428:INFO: Epoch 28/30
2019-10-08 18:41:28,313:INFO: - Train metrics: loss: 0.593 ; accuracy: 0.826
2019-10-08 18:41:28,686:INFO: - Eval metrics : loss: 0.000 ; accuracy: 0.830
2019-10-08 18:41:28,695:INFO: - Found new best accuracy
2019-10-08 18:41:28,708:INFO: Epoch 29/30
2019-10-08 18:41:30,582:INFO: - Train metrics: loss: 0.623 ; accuracy: 0.797
2019-10-08 18:41:30,961:INFO: - Eval metrics : loss: 0.000 ; accuracy: 0.828
2019-10-08 18:41:30,968:INFO: Epoch 30/30
2019-10-08 18:41:32,847:INFO: - Train metrics: loss: 0.598 ; accuracy: 0.834
2019-10-08 18:41:33,191:INFO: - Eval metrics : loss: 0.000 ; accuracy: 0.835
2019-10-08 18:41:33,213:INFO: - Found new best accuracy
