2019-10-08 18:42:54,378:INFO: Loading the datasets...
2019-10-08 18:42:56,411:INFO: - done.
2019-10-08 18:42:58,143:INFO: Experiment - model version: cnn_distill
2019-10-08 18:42:58,143:INFO: Starting training for 30 epoch(s)
2019-10-08 18:42:58,143:INFO: First, loading the teacher model and computing its outputs...
2019-10-08 18:43:05,490:INFO: - Finished computing teacher outputs after 8.0 secs..
2019-10-08 18:43:05,491:INFO: Epoch 1/30
2019-10-08 18:43:07,412:INFO: - Train metrics: loss: 1.668 ; accuracy: 0.395
2019-10-08 18:43:07,781:INFO: - Eval metrics : loss: 0.000 ; accuracy: 0.605
2019-10-08 18:43:07,789:INFO: - Found new best accuracy
2019-10-08 18:43:07,789:INFO: Epoch 2/30
2019-10-08 18:43:09,662:INFO: - Train metrics: loss: 1.170 ; accuracy: 0.580
2019-10-08 18:43:10,021:INFO: - Eval metrics : loss: 0.000 ; accuracy: 0.691
2019-10-08 18:43:10,042:INFO: - Found new best accuracy
2019-10-08 18:43:10,043:INFO: Epoch 3/30
2019-10-08 18:43:11,928:INFO: - Train metrics: loss: 1.018 ; accuracy: 0.658
2019-10-08 18:43:12,274:INFO: - Eval metrics : loss: 0.000 ; accuracy: 0.712
2019-10-08 18:43:12,283:INFO: - Found new best accuracy
2019-10-08 18:43:12,297:INFO: Epoch 4/30
2019-10-08 18:43:14,211:INFO: - Train metrics: loss: 0.965 ; accuracy: 0.680
2019-10-08 18:43:14,561:INFO: - Eval metrics : loss: 0.000 ; accuracy: 0.707
2019-10-08 18:43:14,567:INFO: Epoch 5/30
2019-10-08 18:43:16,417:INFO: - Train metrics: loss: 0.895 ; accuracy: 0.711
2019-10-08 18:43:16,769:INFO: - Eval metrics : loss: 0.000 ; accuracy: 0.735
2019-10-08 18:43:16,778:INFO: - Found new best accuracy
2019-10-08 18:43:16,791:INFO: Epoch 6/30
2019-10-08 18:43:18,720:INFO: - Train metrics: loss: 0.859 ; accuracy: 0.715
2019-10-08 18:43:19,073:INFO: - Eval metrics : loss: 0.000 ; accuracy: 0.765
2019-10-08 18:43:19,084:INFO: - Found new best accuracy
2019-10-08 18:43:19,097:INFO: Epoch 7/30
2019-10-08 18:43:20,985:INFO: - Train metrics: loss: 0.772 ; accuracy: 0.742
2019-10-08 18:43:21,358:INFO: - Eval metrics : loss: 0.000 ; accuracy: 0.773
2019-10-08 18:43:21,368:INFO: - Found new best accuracy
2019-10-08 18:43:21,381:INFO: Epoch 8/30
2019-10-08 18:43:23,255:INFO: - Train metrics: loss: 0.830 ; accuracy: 0.732
2019-10-08 18:43:23,644:INFO: - Eval metrics : loss: 0.000 ; accuracy: 0.783
2019-10-08 18:43:23,653:INFO: - Found new best accuracy
2019-10-08 18:43:23,667:INFO: Epoch 9/30
2019-10-08 18:43:25,576:INFO: - Train metrics: loss: 0.805 ; accuracy: 0.756
2019-10-08 18:43:25,952:INFO: - Eval metrics : loss: 0.000 ; accuracy: 0.781
2019-10-08 18:43:25,960:INFO: Epoch 10/30
2019-10-08 18:43:27,883:INFO: - Train metrics: loss: 0.758 ; accuracy: 0.742
2019-10-08 18:43:28,251:INFO: - Eval metrics : loss: 0.000 ; accuracy: 0.787
2019-10-08 18:43:28,261:INFO: - Found new best accuracy
2019-10-08 18:43:28,274:INFO: Epoch 11/30
2019-10-08 18:43:30,150:INFO: - Train metrics: loss: 0.714 ; accuracy: 0.783
2019-10-08 18:43:30,490:INFO: - Eval metrics : loss: 0.000 ; accuracy: 0.791
2019-10-08 18:43:30,500:INFO: - Found new best accuracy
2019-10-08 18:43:30,513:INFO: Epoch 12/30
2019-10-08 18:43:32,360:INFO: - Train metrics: loss: 0.699 ; accuracy: 0.771
2019-10-08 18:43:32,725:INFO: - Eval metrics : loss: 0.000 ; accuracy: 0.798
2019-10-08 18:43:32,734:INFO: - Found new best accuracy
2019-10-08 18:43:32,747:INFO: Epoch 13/30
2019-10-08 18:43:34,690:INFO: - Train metrics: loss: 0.632 ; accuracy: 0.816
2019-10-08 18:43:35,061:INFO: - Eval metrics : loss: 0.000 ; accuracy: 0.805
2019-10-08 18:43:35,087:INFO: - Found new best accuracy
2019-10-08 18:43:35,087:INFO: Epoch 14/30
2019-10-08 18:43:37,007:INFO: - Train metrics: loss: 0.664 ; accuracy: 0.777
2019-10-08 18:43:37,366:INFO: - Eval metrics : loss: 0.000 ; accuracy: 0.811
2019-10-08 18:43:37,376:INFO: - Found new best accuracy
2019-10-08 18:43:37,389:INFO: Epoch 15/30
2019-10-08 18:43:39,261:INFO: - Train metrics: loss: 0.615 ; accuracy: 0.809
2019-10-08 18:43:39,609:INFO: - Eval metrics : loss: 0.000 ; accuracy: 0.815
2019-10-08 18:43:39,619:INFO: - Found new best accuracy
2019-10-08 18:43:39,632:INFO: Epoch 16/30
2019-10-08 18:43:41,513:INFO: - Train metrics: loss: 0.650 ; accuracy: 0.803
2019-10-08 18:43:41,859:INFO: - Eval metrics : loss: 0.000 ; accuracy: 0.811
2019-10-08 18:43:41,865:INFO: Epoch 17/30
2019-10-08 18:43:43,795:INFO: - Train metrics: loss: 0.592 ; accuracy: 0.826
2019-10-08 18:43:44,143:INFO: - Eval metrics : loss: 0.000 ; accuracy: 0.806
2019-10-08 18:43:44,149:INFO: Epoch 18/30
2019-10-08 18:43:46,045:INFO: - Train metrics: loss: 0.663 ; accuracy: 0.781
2019-10-08 18:43:46,415:INFO: - Eval metrics : loss: 0.000 ; accuracy: 0.820
2019-10-08 18:43:46,427:INFO: - Found new best accuracy
2019-10-08 18:43:46,439:INFO: Epoch 19/30
2019-10-08 18:43:48,322:INFO: - Train metrics: loss: 0.570 ; accuracy: 0.832
2019-10-08 18:43:48,696:INFO: - Eval metrics : loss: 0.000 ; accuracy: 0.817
2019-10-08 18:43:48,704:INFO: Epoch 20/30
2019-10-08 18:43:50,648:INFO: - Train metrics: loss: 0.628 ; accuracy: 0.824
2019-10-08 18:43:50,996:INFO: - Eval metrics : loss: 0.000 ; accuracy: 0.804
2019-10-08 18:43:51,002:INFO: Epoch 21/30
2019-10-08 18:43:52,933:INFO: - Train metrics: loss: 0.564 ; accuracy: 0.828
2019-10-08 18:43:53,284:INFO: - Eval metrics : loss: 0.000 ; accuracy: 0.823
2019-10-08 18:43:53,296:INFO: - Found new best accuracy
2019-10-08 18:43:53,296:INFO: Epoch 22/30
2019-10-08 18:43:55,247:INFO: - Train metrics: loss: 0.619 ; accuracy: 0.814
2019-10-08 18:43:55,608:INFO: - Eval metrics : loss: 0.000 ; accuracy: 0.818
2019-10-08 18:43:55,614:INFO: Epoch 23/30
2019-10-08 18:43:57,501:INFO: - Train metrics: loss: 0.586 ; accuracy: 0.820
2019-10-08 18:43:57,845:INFO: - Eval metrics : loss: 0.000 ; accuracy: 0.820
2019-10-08 18:43:57,864:INFO: Epoch 24/30
2019-10-08 18:43:59,794:INFO: - Train metrics: loss: 0.603 ; accuracy: 0.814
2019-10-08 18:44:00,159:INFO: - Eval metrics : loss: 0.000 ; accuracy: 0.818
2019-10-08 18:44:00,165:INFO: Epoch 25/30
2019-10-08 18:44:02,135:INFO: - Train metrics: loss: 0.541 ; accuracy: 0.854
2019-10-08 18:44:02,498:INFO: - Eval metrics : loss: 0.000 ; accuracy: 0.829
2019-10-08 18:44:02,507:INFO: - Found new best accuracy
2019-10-08 18:44:02,520:INFO: Epoch 26/30
2019-10-08 18:44:04,396:INFO: - Train metrics: loss: 0.572 ; accuracy: 0.826
2019-10-08 18:44:04,748:INFO: - Eval metrics : loss: 0.000 ; accuracy: 0.829
2019-10-08 18:44:04,754:INFO: Epoch 27/30
2019-10-08 18:44:06,698:INFO: - Train metrics: loss: 0.614 ; accuracy: 0.807
2019-10-08 18:44:07,052:INFO: - Eval metrics : loss: 0.000 ; accuracy: 0.832
2019-10-08 18:44:07,062:INFO: - Found new best accuracy
2019-10-08 18:44:07,075:INFO: Epoch 28/30
2019-10-08 18:44:08,964:INFO: - Train metrics: loss: 0.574 ; accuracy: 0.820
2019-10-08 18:44:09,343:INFO: - Eval metrics : loss: 0.000 ; accuracy: 0.835
2019-10-08 18:44:09,352:INFO: - Found new best accuracy
2019-10-08 18:44:09,352:INFO: Epoch 29/30
2019-10-08 18:44:11,267:INFO: - Train metrics: loss: 0.584 ; accuracy: 0.834
2019-10-08 18:44:11,620:INFO: - Eval metrics : loss: 0.000 ; accuracy: 0.827
2019-10-08 18:44:11,628:INFO: Epoch 30/30
2019-10-08 18:44:13,559:INFO: - Train metrics: loss: 0.640 ; accuracy: 0.797
2019-10-08 18:44:13,923:INFO: - Eval metrics : loss: 0.000 ; accuracy: 0.836
2019-10-08 18:44:13,933:INFO: - Found new best accuracy
