2019-10-08 18:17:32,776:INFO: Loading the datasets...
2019-10-08 18:17:34,800:INFO: - done.
2019-10-08 18:17:36,551:INFO: Experiment - model version: cnn_distill
2019-10-08 18:17:36,551:INFO: Starting training for 30 epoch(s)
2019-10-08 18:17:36,551:INFO: First, loading the teacher model and computing its outputs...
2019-10-08 18:17:43,890:INFO: - Finished computing teacher outputs after 8.0 secs..
2019-10-08 18:17:43,891:INFO: Epoch 1/30
2019-10-08 18:17:45,809:INFO: - Train metrics: loss: 1.331 ; accuracy: 0.352
2019-10-08 18:17:46,144:INFO: - Eval metrics : loss: 0.000 ; accuracy: 0.647
2019-10-08 18:17:46,152:INFO: - Found new best accuracy
2019-10-08 18:17:46,152:INFO: Epoch 2/30
2019-10-08 18:17:48,053:INFO: - Train metrics: loss: 1.105 ; accuracy: 0.611
2019-10-08 18:17:48,421:INFO: - Eval metrics : loss: 0.000 ; accuracy: 0.682
2019-10-08 18:17:48,431:INFO: - Found new best accuracy
2019-10-08 18:17:48,444:INFO: Epoch 3/30
2019-10-08 18:17:50,305:INFO: - Train metrics: loss: 1.019 ; accuracy: 0.691
2019-10-08 18:17:50,632:INFO: - Eval metrics : loss: 0.000 ; accuracy: 0.702
2019-10-08 18:17:50,651:INFO: - Found new best accuracy
2019-10-08 18:17:50,651:INFO: Epoch 4/30
2019-10-08 18:17:52,570:INFO: - Train metrics: loss: 1.002 ; accuracy: 0.660
2019-10-08 18:17:52,901:INFO: - Eval metrics : loss: 0.000 ; accuracy: 0.730
2019-10-08 18:17:52,911:INFO: - Found new best accuracy
2019-10-08 18:17:52,924:INFO: Epoch 5/30
2019-10-08 18:17:54,912:INFO: - Train metrics: loss: 0.970 ; accuracy: 0.707
2019-10-08 18:17:55,284:INFO: - Eval metrics : loss: 0.000 ; accuracy: 0.749
2019-10-08 18:17:55,293:INFO: - Found new best accuracy
2019-10-08 18:17:55,294:INFO: Epoch 6/30
2019-10-08 18:17:57,258:INFO: - Train metrics: loss: 0.927 ; accuracy: 0.738
2019-10-08 18:17:57,627:INFO: - Eval metrics : loss: 0.000 ; accuracy: 0.769
2019-10-08 18:17:57,636:INFO: - Found new best accuracy
2019-10-08 18:17:57,649:INFO: Epoch 7/30
2019-10-08 18:17:59,552:INFO: - Train metrics: loss: 0.900 ; accuracy: 0.762
2019-10-08 18:17:59,902:INFO: - Eval metrics : loss: 0.000 ; accuracy: 0.780
2019-10-08 18:17:59,930:INFO: - Found new best accuracy
2019-10-08 18:17:59,931:INFO: Epoch 8/30
2019-10-08 18:18:01,904:INFO: - Train metrics: loss: 0.946 ; accuracy: 0.742
2019-10-08 18:18:02,264:INFO: - Eval metrics : loss: 0.000 ; accuracy: 0.776
2019-10-08 18:18:02,270:INFO: Epoch 9/30
2019-10-08 18:18:04,200:INFO: - Train metrics: loss: 0.907 ; accuracy: 0.754
2019-10-08 18:18:04,541:INFO: - Eval metrics : loss: 0.000 ; accuracy: 0.784
2019-10-08 18:18:04,550:INFO: - Found new best accuracy
2019-10-08 18:18:04,563:INFO: Epoch 10/30
2019-10-08 18:18:06,453:INFO: - Train metrics: loss: 0.896 ; accuracy: 0.775
2019-10-08 18:18:06,787:INFO: - Eval metrics : loss: 0.000 ; accuracy: 0.789
2019-10-08 18:18:06,809:INFO: - Found new best accuracy
2019-10-08 18:18:06,810:INFO: Epoch 11/30
2019-10-08 18:18:08,746:INFO: - Train metrics: loss: 0.897 ; accuracy: 0.758
2019-10-08 18:18:09,113:INFO: - Eval metrics : loss: 0.000 ; accuracy: 0.796
2019-10-08 18:18:09,125:INFO: - Found new best accuracy
2019-10-08 18:18:09,137:INFO: Epoch 12/30
2019-10-08 18:18:11,018:INFO: - Train metrics: loss: 0.865 ; accuracy: 0.809
2019-10-08 18:18:11,378:INFO: - Eval metrics : loss: 0.000 ; accuracy: 0.796
2019-10-08 18:18:11,387:INFO: - Found new best accuracy
2019-10-08 18:18:11,387:INFO: Epoch 13/30
2019-10-08 18:18:13,401:INFO: - Train metrics: loss: 0.854 ; accuracy: 0.793
2019-10-08 18:18:13,732:INFO: - Eval metrics : loss: 0.000 ; accuracy: 0.800
2019-10-08 18:18:13,742:INFO: - Found new best accuracy
2019-10-08 18:18:13,755:INFO: Epoch 14/30
2019-10-08 18:18:15,719:INFO: - Train metrics: loss: 0.875 ; accuracy: 0.775
2019-10-08 18:18:16,057:INFO: - Eval metrics : loss: 0.000 ; accuracy: 0.815
2019-10-08 18:18:16,082:INFO: - Found new best accuracy
2019-10-08 18:18:16,083:INFO: Epoch 15/30
2019-10-08 18:18:17,956:INFO: - Train metrics: loss: 0.848 ; accuracy: 0.791
2019-10-08 18:18:18,309:INFO: - Eval metrics : loss: 0.000 ; accuracy: 0.815
2019-10-08 18:18:18,318:INFO: - Found new best accuracy
2019-10-08 18:18:18,331:INFO: Epoch 16/30
2019-10-08 18:18:20,250:INFO: - Train metrics: loss: 0.830 ; accuracy: 0.822
2019-10-08 18:18:20,583:INFO: - Eval metrics : loss: 0.000 ; accuracy: 0.805
2019-10-08 18:18:20,589:INFO: Epoch 17/30
2019-10-08 18:18:22,504:INFO: - Train metrics: loss: 0.852 ; accuracy: 0.816
2019-10-08 18:18:22,857:INFO: - Eval metrics : loss: 0.000 ; accuracy: 0.808
2019-10-08 18:18:22,865:INFO: Epoch 18/30
2019-10-08 18:18:24,752:INFO: - Train metrics: loss: 0.829 ; accuracy: 0.809
2019-10-08 18:18:25,137:INFO: - Eval metrics : loss: 0.000 ; accuracy: 0.813
2019-10-08 18:18:25,144:INFO: Epoch 19/30
2019-10-08 18:18:27,068:INFO: - Train metrics: loss: 0.806 ; accuracy: 0.836
2019-10-08 18:18:27,424:INFO: - Eval metrics : loss: 0.000 ; accuracy: 0.819
2019-10-08 18:18:27,436:INFO: - Found new best accuracy
2019-10-08 18:18:27,437:INFO: Epoch 20/30
2019-10-08 18:18:29,365:INFO: - Train metrics: loss: 0.846 ; accuracy: 0.777
2019-10-08 18:18:29,717:INFO: - Eval metrics : loss: 0.000 ; accuracy: 0.811
2019-10-08 18:18:29,723:INFO: Epoch 21/30
2019-10-08 18:18:31,655:INFO: - Train metrics: loss: 0.806 ; accuracy: 0.824
2019-10-08 18:18:32,014:INFO: - Eval metrics : loss: 0.000 ; accuracy: 0.825
2019-10-08 18:18:32,026:INFO: - Found new best accuracy
2019-10-08 18:18:32,038:INFO: Epoch 22/30
2019-10-08 18:18:33,895:INFO: - Train metrics: loss: 0.847 ; accuracy: 0.814
2019-10-08 18:18:34,241:INFO: - Eval metrics : loss: 0.000 ; accuracy: 0.823
2019-10-08 18:18:34,247:INFO: Epoch 23/30
2019-10-08 18:18:36,182:INFO: - Train metrics: loss: 0.804 ; accuracy: 0.820
2019-10-08 18:18:36,533:INFO: - Eval metrics : loss: 0.000 ; accuracy: 0.823
2019-10-08 18:18:36,541:INFO: Epoch 24/30
2019-10-08 18:18:38,511:INFO: - Train metrics: loss: 0.807 ; accuracy: 0.803
2019-10-08 18:18:38,841:INFO: - Eval metrics : loss: 0.000 ; accuracy: 0.819
2019-10-08 18:18:38,849:INFO: Epoch 25/30
2019-10-08 18:18:40,795:INFO: - Train metrics: loss: 0.811 ; accuracy: 0.850
2019-10-08 18:18:41,138:INFO: - Eval metrics : loss: 0.000 ; accuracy: 0.832
2019-10-08 18:18:41,148:INFO: - Found new best accuracy
2019-10-08 18:18:41,148:INFO: Epoch 26/30
2019-10-08 18:18:43,099:INFO: - Train metrics: loss: 0.795 ; accuracy: 0.846
2019-10-08 18:18:43,444:INFO: - Eval metrics : loss: 0.000 ; accuracy: 0.824
2019-10-08 18:18:43,452:INFO: Epoch 27/30
2019-10-08 18:18:45,640:INFO: - Train metrics: loss: 0.819 ; accuracy: 0.822
2019-10-08 18:18:46,041:INFO: - Eval metrics : loss: 0.000 ; accuracy: 0.823
2019-10-08 18:18:46,049:INFO: Epoch 28/30
2019-10-08 18:18:48,030:INFO: - Train metrics: loss: 0.813 ; accuracy: 0.820
2019-10-08 18:18:48,380:INFO: - Eval metrics : loss: 0.000 ; accuracy: 0.831
2019-10-08 18:18:48,386:INFO: Epoch 29/30
2019-10-08 18:18:50,305:INFO: - Train metrics: loss: 0.829 ; accuracy: 0.820
2019-10-08 18:18:50,673:INFO: - Eval metrics : loss: 0.000 ; accuracy: 0.836
2019-10-08 18:18:50,683:INFO: - Found new best accuracy
2019-10-08 18:18:50,696:INFO: Epoch 30/30
2019-10-08 18:18:52,571:INFO: - Train metrics: loss: 0.868 ; accuracy: 0.818
2019-10-08 18:18:52,943:INFO: - Eval metrics : loss: 0.000 ; accuracy: 0.838
2019-10-08 18:18:52,953:INFO: - Found new best accuracy
