2019-10-08 18:18:53,881:INFO: Loading the datasets...
2019-10-08 18:18:55,930:INFO: - done.
2019-10-08 18:18:57,611:INFO: Experiment - model version: cnn_distill
2019-10-08 18:18:57,611:INFO: Starting training for 30 epoch(s)
2019-10-08 18:18:57,611:INFO: First, loading the teacher model and computing its outputs...
2019-10-08 18:19:05,066:INFO: - Finished computing teacher outputs after 8.0 secs..
2019-10-08 18:19:05,066:INFO: Epoch 1/30
2019-10-08 18:19:07,010:INFO: - Train metrics: loss: 1.415 ; accuracy: 0.379
2019-10-08 18:19:07,364:INFO: - Eval metrics : loss: 0.000 ; accuracy: 0.617
2019-10-08 18:19:07,374:INFO: - Found new best accuracy
2019-10-08 18:19:07,374:INFO: Epoch 2/30
2019-10-08 18:19:09,299:INFO: - Train metrics: loss: 1.177 ; accuracy: 0.609
2019-10-08 18:19:09,649:INFO: - Eval metrics : loss: 0.000 ; accuracy: 0.689
2019-10-08 18:19:09,658:INFO: - Found new best accuracy
2019-10-08 18:19:09,671:INFO: Epoch 3/30
2019-10-08 18:19:11,555:INFO: - Train metrics: loss: 1.135 ; accuracy: 0.650
2019-10-08 18:19:11,923:INFO: - Eval metrics : loss: 0.000 ; accuracy: 0.707
2019-10-08 18:19:11,935:INFO: - Found new best accuracy
2019-10-08 18:19:11,947:INFO: Epoch 4/30
2019-10-08 18:19:13,829:INFO: - Train metrics: loss: 1.114 ; accuracy: 0.674
2019-10-08 18:19:14,190:INFO: - Eval metrics : loss: 0.000 ; accuracy: 0.725
2019-10-08 18:19:14,199:INFO: - Found new best accuracy
2019-10-08 18:19:14,200:INFO: Epoch 5/30
2019-10-08 18:19:16,131:INFO: - Train metrics: loss: 1.077 ; accuracy: 0.701
2019-10-08 18:19:16,516:INFO: - Eval metrics : loss: 0.000 ; accuracy: 0.722
2019-10-08 18:19:16,524:INFO: Epoch 6/30
2019-10-08 18:19:18,442:INFO: - Train metrics: loss: 1.041 ; accuracy: 0.750
2019-10-08 18:19:18,798:INFO: - Eval metrics : loss: 0.000 ; accuracy: 0.764
2019-10-08 18:19:18,807:INFO: - Found new best accuracy
2019-10-08 18:19:18,807:INFO: Epoch 7/30
2019-10-08 18:19:20,782:INFO: - Train metrics: loss: 1.024 ; accuracy: 0.754
2019-10-08 18:19:21,141:INFO: - Eval metrics : loss: 0.000 ; accuracy: 0.779
2019-10-08 18:19:21,164:INFO: - Found new best accuracy
2019-10-08 18:19:21,165:INFO: Epoch 8/30
2019-10-08 18:19:23,079:INFO: - Train metrics: loss: 1.044 ; accuracy: 0.734
2019-10-08 18:19:23,436:INFO: - Eval metrics : loss: 0.000 ; accuracy: 0.790
2019-10-08 18:19:23,446:INFO: - Found new best accuracy
2019-10-08 18:19:23,446:INFO: Epoch 9/30
2019-10-08 18:19:25,516:INFO: - Train metrics: loss: 1.011 ; accuracy: 0.760
2019-10-08 18:19:25,867:INFO: - Eval metrics : loss: 0.000 ; accuracy: 0.786
2019-10-08 18:19:25,874:INFO: Epoch 10/30
2019-10-08 18:19:27,817:INFO: - Train metrics: loss: 1.015 ; accuracy: 0.758
2019-10-08 18:19:28,185:INFO: - Eval metrics : loss: 0.000 ; accuracy: 0.789
2019-10-08 18:19:28,190:INFO: Epoch 11/30
2019-10-08 18:19:30,132:INFO: - Train metrics: loss: 0.979 ; accuracy: 0.787
2019-10-08 18:19:30,498:INFO: - Eval metrics : loss: 0.000 ; accuracy: 0.800
2019-10-08 18:19:30,507:INFO: - Found new best accuracy
2019-10-08 18:19:30,508:INFO: Epoch 12/30
2019-10-08 18:19:32,436:INFO: - Train metrics: loss: 0.966 ; accuracy: 0.799
2019-10-08 18:19:32,778:INFO: - Eval metrics : loss: 0.000 ; accuracy: 0.806
2019-10-08 18:19:32,801:INFO: - Found new best accuracy
2019-10-08 18:19:32,802:INFO: Epoch 13/30
2019-10-08 18:19:34,678:INFO: - Train metrics: loss: 0.964 ; accuracy: 0.805
2019-10-08 18:19:35,026:INFO: - Eval metrics : loss: 0.000 ; accuracy: 0.800
2019-10-08 18:19:35,032:INFO: Epoch 14/30
2019-10-08 18:19:36,995:INFO: - Train metrics: loss: 0.949 ; accuracy: 0.816
2019-10-08 18:19:37,334:INFO: - Eval metrics : loss: 0.000 ; accuracy: 0.808
2019-10-08 18:19:37,355:INFO: - Found new best accuracy
2019-10-08 18:19:37,356:INFO: Epoch 15/30
2019-10-08 18:19:39,171:INFO: - Train metrics: loss: 0.948 ; accuracy: 0.781
2019-10-08 18:19:39,542:INFO: - Eval metrics : loss: 0.000 ; accuracy: 0.815
2019-10-08 18:19:39,563:INFO: - Found new best accuracy
2019-10-08 18:19:39,564:INFO: Epoch 16/30
2019-10-08 18:19:41,459:INFO: - Train metrics: loss: 0.962 ; accuracy: 0.783
2019-10-08 18:19:41,825:INFO: - Eval metrics : loss: 0.000 ; accuracy: 0.810
2019-10-08 18:19:41,833:INFO: Epoch 17/30
2019-10-08 18:19:43,761:INFO: - Train metrics: loss: 0.927 ; accuracy: 0.830
2019-10-08 18:19:44,108:INFO: - Eval metrics : loss: 0.000 ; accuracy: 0.816
2019-10-08 18:19:44,132:INFO: - Found new best accuracy
2019-10-08 18:19:44,133:INFO: Epoch 18/30
2019-10-08 18:19:46,023:INFO: - Train metrics: loss: 0.926 ; accuracy: 0.814
2019-10-08 18:19:46,357:INFO: - Eval metrics : loss: 0.000 ; accuracy: 0.821
2019-10-08 18:19:46,378:INFO: - Found new best accuracy
2019-10-08 18:19:46,379:INFO: Epoch 19/30
2019-10-08 18:19:48,272:INFO: - Train metrics: loss: 0.902 ; accuracy: 0.838
2019-10-08 18:19:48,688:INFO: - Eval metrics : loss: 0.000 ; accuracy: 0.816
2019-10-08 18:19:48,696:INFO: Epoch 20/30
2019-10-08 18:19:50,641:INFO: - Train metrics: loss: 0.923 ; accuracy: 0.816
2019-10-08 18:19:50,989:INFO: - Eval metrics : loss: 0.000 ; accuracy: 0.824
2019-10-08 18:19:51,011:INFO: - Found new best accuracy
2019-10-08 18:19:51,011:INFO: Epoch 21/30
2019-10-08 18:19:52,928:INFO: - Train metrics: loss: 0.913 ; accuracy: 0.836
2019-10-08 18:19:53,278:INFO: - Eval metrics : loss: 0.000 ; accuracy: 0.826
2019-10-08 18:19:53,300:INFO: - Found new best accuracy
2019-10-08 18:19:53,301:INFO: Epoch 22/30
2019-10-08 18:19:55,196:INFO: - Train metrics: loss: 0.952 ; accuracy: 0.801
2019-10-08 18:19:55,550:INFO: - Eval metrics : loss: 0.000 ; accuracy: 0.818
2019-10-08 18:19:55,556:INFO: Epoch 23/30
2019-10-08 18:19:57,519:INFO: - Train metrics: loss: 0.921 ; accuracy: 0.832
2019-10-08 18:19:57,862:INFO: - Eval metrics : loss: 0.000 ; accuracy: 0.826
2019-10-08 18:19:57,884:INFO: - Found new best accuracy
2019-10-08 18:19:57,884:INFO: Epoch 24/30
2019-10-08 18:19:59,782:INFO: - Train metrics: loss: 0.917 ; accuracy: 0.811
2019-10-08 18:20:00,141:INFO: - Eval metrics : loss: 0.000 ; accuracy: 0.832
2019-10-08 18:20:00,163:INFO: - Found new best accuracy
2019-10-08 18:20:00,164:INFO: Epoch 25/30
2019-10-08 18:20:02,083:INFO: - Train metrics: loss: 0.906 ; accuracy: 0.854
2019-10-08 18:20:02,423:INFO: - Eval metrics : loss: 0.000 ; accuracy: 0.832
2019-10-08 18:20:02,429:INFO: Epoch 26/30
2019-10-08 18:20:04,378:INFO: - Train metrics: loss: 0.924 ; accuracy: 0.820
2019-10-08 18:20:04,745:INFO: - Eval metrics : loss: 0.000 ; accuracy: 0.837
2019-10-08 18:20:04,767:INFO: - Found new best accuracy
2019-10-08 18:20:04,767:INFO: Epoch 27/30
2019-10-08 18:20:06,657:INFO: - Train metrics: loss: 0.917 ; accuracy: 0.818
2019-10-08 18:20:07,003:INFO: - Eval metrics : loss: 0.000 ; accuracy: 0.831
2019-10-08 18:20:07,009:INFO: Epoch 28/30
2019-10-08 18:20:08,967:INFO: - Train metrics: loss: 0.917 ; accuracy: 0.834
2019-10-08 18:20:09,364:INFO: - Eval metrics : loss: 0.000 ; accuracy: 0.831
2019-10-08 18:20:09,372:INFO: Epoch 29/30
2019-10-08 18:20:11,277:INFO: - Train metrics: loss: 0.935 ; accuracy: 0.822
2019-10-08 18:20:11,630:INFO: - Eval metrics : loss: 0.000 ; accuracy: 0.835
2019-10-08 18:20:11,636:INFO: Epoch 30/30
2019-10-08 18:20:13,561:INFO: - Train metrics: loss: 0.943 ; accuracy: 0.832
2019-10-08 18:20:13,911:INFO: - Eval metrics : loss: 0.000 ; accuracy: 0.841
2019-10-08 18:20:13,934:INFO: - Found new best accuracy
