2019-10-08 18:21:35,511:INFO: Loading the datasets...
2019-10-08 18:21:37,584:INFO: - done.
2019-10-08 18:21:39,358:INFO: Experiment - model version: cnn_distill
2019-10-08 18:21:39,359:INFO: Starting training for 30 epoch(s)
2019-10-08 18:21:39,359:INFO: First, loading the teacher model and computing its outputs...
2019-10-08 18:21:46,761:INFO: - Finished computing teacher outputs after 8.0 secs..
2019-10-08 18:21:46,761:INFO: Epoch 1/30
2019-10-08 18:21:48,704:INFO: - Train metrics: loss: 1.544 ; accuracy: 0.387
2019-10-08 18:21:49,037:INFO: - Eval metrics : loss: 0.000 ; accuracy: 0.636
2019-10-08 18:21:49,045:INFO: - Found new best accuracy
2019-10-08 18:21:49,045:INFO: Epoch 2/30
2019-10-08 18:21:50,912:INFO: - Train metrics: loss: 1.328 ; accuracy: 0.586
2019-10-08 18:21:51,283:INFO: - Eval metrics : loss: 0.000 ; accuracy: 0.697
2019-10-08 18:21:51,305:INFO: - Found new best accuracy
2019-10-08 18:21:51,305:INFO: Epoch 3/30
2019-10-08 18:21:53,197:INFO: - Train metrics: loss: 1.244 ; accuracy: 0.668
2019-10-08 18:21:53,541:INFO: - Eval metrics : loss: 0.000 ; accuracy: 0.722
2019-10-08 18:21:53,563:INFO: - Found new best accuracy
2019-10-08 18:21:53,563:INFO: Epoch 4/30
2019-10-08 18:21:55,454:INFO: - Train metrics: loss: 1.221 ; accuracy: 0.660
2019-10-08 18:21:55,806:INFO: - Eval metrics : loss: 0.000 ; accuracy: 0.739
2019-10-08 18:21:55,829:INFO: - Found new best accuracy
2019-10-08 18:21:55,829:INFO: Epoch 5/30
2019-10-08 18:21:57,736:INFO: - Train metrics: loss: 1.217 ; accuracy: 0.693
2019-10-08 18:21:58,093:INFO: - Eval metrics : loss: 0.000 ; accuracy: 0.751
2019-10-08 18:21:58,117:INFO: - Found new best accuracy
2019-10-08 18:21:58,117:INFO: Epoch 6/30
2019-10-08 18:22:00,034:INFO: - Train metrics: loss: 1.170 ; accuracy: 0.727
2019-10-08 18:22:00,392:INFO: - Eval metrics : loss: 0.000 ; accuracy: 0.773
2019-10-08 18:22:00,415:INFO: - Found new best accuracy
2019-10-08 18:22:00,415:INFO: Epoch 7/30
2019-10-08 18:22:02,385:INFO: - Train metrics: loss: 1.158 ; accuracy: 0.721
2019-10-08 18:22:02,721:INFO: - Eval metrics : loss: 0.000 ; accuracy: 0.774
2019-10-08 18:22:02,730:INFO: - Found new best accuracy
2019-10-08 18:22:02,730:INFO: Epoch 8/30
2019-10-08 18:22:04,622:INFO: - Train metrics: loss: 1.183 ; accuracy: 0.719
2019-10-08 18:22:04,979:INFO: - Eval metrics : loss: 0.000 ; accuracy: 0.774
2019-10-08 18:22:05,001:INFO: - Found new best accuracy
2019-10-08 18:22:05,002:INFO: Epoch 9/30
2019-10-08 18:22:06,944:INFO: - Train metrics: loss: 1.149 ; accuracy: 0.758
2019-10-08 18:22:07,282:INFO: - Eval metrics : loss: 0.000 ; accuracy: 0.786
2019-10-08 18:22:07,294:INFO: - Found new best accuracy
2019-10-08 18:22:07,295:INFO: Epoch 10/30
2019-10-08 18:22:09,254:INFO: - Train metrics: loss: 1.132 ; accuracy: 0.760
2019-10-08 18:22:09,614:INFO: - Eval metrics : loss: 0.000 ; accuracy: 0.793
2019-10-08 18:22:09,636:INFO: - Found new best accuracy
2019-10-08 18:22:09,636:INFO: Epoch 11/30
2019-10-08 18:22:11,521:INFO: - Train metrics: loss: 1.136 ; accuracy: 0.748
2019-10-08 18:22:11,857:INFO: - Eval metrics : loss: 0.000 ; accuracy: 0.784
2019-10-08 18:22:11,863:INFO: Epoch 12/30
2019-10-08 18:22:13,851:INFO: - Train metrics: loss: 1.098 ; accuracy: 0.783
2019-10-08 18:22:14,201:INFO: - Eval metrics : loss: 0.000 ; accuracy: 0.804
2019-10-08 18:22:14,222:INFO: - Found new best accuracy
2019-10-08 18:22:14,223:INFO: Epoch 13/30
2019-10-08 18:22:16,159:INFO: - Train metrics: loss: 1.111 ; accuracy: 0.787
2019-10-08 18:22:16,509:INFO: - Eval metrics : loss: 0.000 ; accuracy: 0.797
2019-10-08 18:22:16,515:INFO: Epoch 14/30
2019-10-08 18:22:18,438:INFO: - Train metrics: loss: 1.112 ; accuracy: 0.785
2019-10-08 18:22:18,794:INFO: - Eval metrics : loss: 0.000 ; accuracy: 0.808
2019-10-08 18:22:18,816:INFO: - Found new best accuracy
2019-10-08 18:22:18,816:INFO: Epoch 15/30
2019-10-08 18:22:20,748:INFO: - Train metrics: loss: 1.088 ; accuracy: 0.795
2019-10-08 18:22:21,088:INFO: - Eval metrics : loss: 0.000 ; accuracy: 0.813
2019-10-08 18:22:21,111:INFO: - Found new best accuracy
2019-10-08 18:22:21,112:INFO: Epoch 16/30
2019-10-08 18:22:23,020:INFO: - Train metrics: loss: 1.079 ; accuracy: 0.809
2019-10-08 18:22:23,361:INFO: - Eval metrics : loss: 0.000 ; accuracy: 0.814
2019-10-08 18:22:23,370:INFO: - Found new best accuracy
2019-10-08 18:22:23,383:INFO: Epoch 17/30
2019-10-08 18:22:25,291:INFO: - Train metrics: loss: 1.069 ; accuracy: 0.824
2019-10-08 18:22:25,646:INFO: - Eval metrics : loss: 0.000 ; accuracy: 0.814
2019-10-08 18:22:25,670:INFO: - Found new best accuracy
2019-10-08 18:22:25,670:INFO: Epoch 18/30
2019-10-08 18:22:27,568:INFO: - Train metrics: loss: 1.063 ; accuracy: 0.814
2019-10-08 18:22:27,919:INFO: - Eval metrics : loss: 0.000 ; accuracy: 0.817
2019-10-08 18:22:27,943:INFO: - Found new best accuracy
2019-10-08 18:22:27,944:INFO: Epoch 19/30
2019-10-08 18:22:29,812:INFO: - Train metrics: loss: 1.042 ; accuracy: 0.842
2019-10-08 18:22:30,167:INFO: - Eval metrics : loss: 0.000 ; accuracy: 0.818
2019-10-08 18:22:30,189:INFO: - Found new best accuracy
2019-10-08 18:22:30,189:INFO: Epoch 20/30
2019-10-08 18:22:32,126:INFO: - Train metrics: loss: 1.062 ; accuracy: 0.811
2019-10-08 18:22:32,497:INFO: - Eval metrics : loss: 0.000 ; accuracy: 0.812
2019-10-08 18:22:32,503:INFO: Epoch 21/30
2019-10-08 18:22:34,398:INFO: - Train metrics: loss: 1.036 ; accuracy: 0.836
2019-10-08 18:22:34,735:INFO: - Eval metrics : loss: 0.000 ; accuracy: 0.813
2019-10-08 18:22:34,743:INFO: Epoch 22/30
2019-10-08 18:22:36,644:INFO: - Train metrics: loss: 1.077 ; accuracy: 0.803
2019-10-08 18:22:36,975:INFO: - Eval metrics : loss: 0.000 ; accuracy: 0.819
2019-10-08 18:22:36,997:INFO: - Found new best accuracy
2019-10-08 18:22:36,997:INFO: Epoch 23/30
2019-10-08 18:22:38,874:INFO: - Train metrics: loss: 1.053 ; accuracy: 0.824
2019-10-08 18:22:39,207:INFO: - Eval metrics : loss: 0.000 ; accuracy: 0.826
2019-10-08 18:22:39,229:INFO: - Found new best accuracy
2019-10-08 18:22:39,229:INFO: Epoch 24/30
2019-10-08 18:22:41,184:INFO: - Train metrics: loss: 1.044 ; accuracy: 0.814
2019-10-08 18:22:41,611:INFO: - Eval metrics : loss: 0.000 ; accuracy: 0.823
2019-10-08 18:22:41,617:INFO: Epoch 25/30
2019-10-08 18:22:43,581:INFO: - Train metrics: loss: 1.061 ; accuracy: 0.830
2019-10-08 18:22:43,919:INFO: - Eval metrics : loss: 0.000 ; accuracy: 0.831
2019-10-08 18:22:43,931:INFO: - Found new best accuracy
2019-10-08 18:22:43,943:INFO: Epoch 26/30
2019-10-08 18:22:45,822:INFO: - Train metrics: loss: 1.040 ; accuracy: 0.840
2019-10-08 18:22:46,157:INFO: - Eval metrics : loss: 0.000 ; accuracy: 0.827
2019-10-08 18:22:46,165:INFO: Epoch 27/30
2019-10-08 18:22:48,082:INFO: - Train metrics: loss: 1.039 ; accuracy: 0.842
2019-10-08 18:22:48,525:INFO: - Eval metrics : loss: 0.000 ; accuracy: 0.831
2019-10-08 18:22:48,531:INFO: Epoch 28/30
2019-10-08 18:22:50,473:INFO: - Train metrics: loss: 1.061 ; accuracy: 0.818
2019-10-08 18:22:50,834:INFO: - Eval metrics : loss: 0.000 ; accuracy: 0.837
2019-10-08 18:22:50,844:INFO: - Found new best accuracy
2019-10-08 18:22:50,844:INFO: Epoch 29/30
2019-10-08 18:22:52,796:INFO: - Train metrics: loss: 1.080 ; accuracy: 0.828
2019-10-08 18:22:53,143:INFO: - Eval metrics : loss: 0.000 ; accuracy: 0.831
2019-10-08 18:22:53,162:INFO: Epoch 30/30
2019-10-08 18:22:55,136:INFO: - Train metrics: loss: 1.090 ; accuracy: 0.809
2019-10-08 18:22:55,497:INFO: - Eval metrics : loss: 0.000 ; accuracy: 0.833
