2019-10-08 18:44:14,843:INFO: Loading the datasets...
2019-10-08 18:44:16,849:INFO: - done.
2019-10-08 18:44:18,567:INFO: Experiment - model version: cnn_distill
2019-10-08 18:44:18,567:INFO: Starting training for 30 epoch(s)
2019-10-08 18:44:18,567:INFO: First, loading the teacher model and computing its outputs...
2019-10-08 18:44:25,894:INFO: - Finished computing teacher outputs after 8.0 secs..
2019-10-08 18:44:25,895:INFO: Epoch 1/30
2019-10-08 18:44:27,767:INFO: - Train metrics: loss: 1.631 ; accuracy: 0.393
2019-10-08 18:44:28,140:INFO: - Eval metrics : loss: 0.000 ; accuracy: 0.621
2019-10-08 18:44:28,151:INFO: - Found new best accuracy
2019-10-08 18:44:28,151:INFO: Epoch 2/30
2019-10-08 18:44:30,072:INFO: - Train metrics: loss: 1.179 ; accuracy: 0.607
2019-10-08 18:44:30,440:INFO: - Eval metrics : loss: 0.000 ; accuracy: 0.692
2019-10-08 18:44:30,449:INFO: - Found new best accuracy
2019-10-08 18:44:30,462:INFO: Epoch 3/30
2019-10-08 18:44:32,403:INFO: - Train metrics: loss: 1.024 ; accuracy: 0.656
2019-10-08 18:44:32,764:INFO: - Eval metrics : loss: 0.000 ; accuracy: 0.715
2019-10-08 18:44:32,773:INFO: - Found new best accuracy
2019-10-08 18:44:32,786:INFO: Epoch 4/30
2019-10-08 18:44:34,679:INFO: - Train metrics: loss: 0.961 ; accuracy: 0.676
2019-10-08 18:44:35,050:INFO: - Eval metrics : loss: 0.000 ; accuracy: 0.731
2019-10-08 18:44:35,060:INFO: - Found new best accuracy
2019-10-08 18:44:35,073:INFO: Epoch 5/30
2019-10-08 18:44:36,942:INFO: - Train metrics: loss: 0.934 ; accuracy: 0.693
2019-10-08 18:44:37,323:INFO: - Eval metrics : loss: 0.000 ; accuracy: 0.750
2019-10-08 18:44:37,335:INFO: - Found new best accuracy
2019-10-08 18:44:37,347:INFO: Epoch 6/30
2019-10-08 18:44:39,260:INFO: - Train metrics: loss: 0.850 ; accuracy: 0.734
2019-10-08 18:44:39,608:INFO: - Eval metrics : loss: 0.000 ; accuracy: 0.761
2019-10-08 18:44:39,617:INFO: - Found new best accuracy
2019-10-08 18:44:39,631:INFO: Epoch 7/30
2019-10-08 18:44:41,533:INFO: - Train metrics: loss: 0.813 ; accuracy: 0.748
2019-10-08 18:44:41,877:INFO: - Eval metrics : loss: 0.000 ; accuracy: 0.767
2019-10-08 18:44:41,889:INFO: - Found new best accuracy
2019-10-08 18:44:41,901:INFO: Epoch 8/30
2019-10-08 18:44:43,774:INFO: - Train metrics: loss: 0.817 ; accuracy: 0.717
2019-10-08 18:44:44,122:INFO: - Eval metrics : loss: 0.000 ; accuracy: 0.769
2019-10-08 18:44:44,131:INFO: - Found new best accuracy
2019-10-08 18:44:44,145:INFO: Epoch 9/30
2019-10-08 18:44:45,988:INFO: - Train metrics: loss: 0.841 ; accuracy: 0.730
2019-10-08 18:44:46,338:INFO: - Eval metrics : loss: 0.000 ; accuracy: 0.780
2019-10-08 18:44:46,348:INFO: - Found new best accuracy
2019-10-08 18:44:46,361:INFO: Epoch 10/30
2019-10-08 18:44:48,220:INFO: - Train metrics: loss: 0.763 ; accuracy: 0.773
2019-10-08 18:44:48,588:INFO: - Eval metrics : loss: 0.000 ; accuracy: 0.780
2019-10-08 18:44:48,596:INFO: Epoch 11/30
2019-10-08 18:44:50,410:INFO: - Train metrics: loss: 0.710 ; accuracy: 0.771
2019-10-08 18:44:50,767:INFO: - Eval metrics : loss: 0.000 ; accuracy: 0.803
2019-10-08 18:44:50,776:INFO: - Found new best accuracy
2019-10-08 18:44:50,790:INFO: Epoch 12/30
2019-10-08 18:44:52,671:INFO: - Train metrics: loss: 0.705 ; accuracy: 0.795
2019-10-08 18:44:53,030:INFO: - Eval metrics : loss: 0.000 ; accuracy: 0.806
2019-10-08 18:44:53,040:INFO: - Found new best accuracy
2019-10-08 18:44:53,053:INFO: Epoch 13/30
2019-10-08 18:44:54,942:INFO: - Train metrics: loss: 0.677 ; accuracy: 0.811
2019-10-08 18:44:55,309:INFO: - Eval metrics : loss: 0.000 ; accuracy: 0.796
2019-10-08 18:44:55,317:INFO: Epoch 14/30
2019-10-08 18:44:57,244:INFO: - Train metrics: loss: 0.675 ; accuracy: 0.791
2019-10-08 18:44:57,610:INFO: - Eval metrics : loss: 0.000 ; accuracy: 0.803
2019-10-08 18:44:57,616:INFO: Epoch 15/30
2019-10-08 18:44:59,533:INFO: - Train metrics: loss: 0.664 ; accuracy: 0.787
2019-10-08 18:44:59,909:INFO: - Eval metrics : loss: 0.000 ; accuracy: 0.816
2019-10-08 18:44:59,921:INFO: - Found new best accuracy
2019-10-08 18:44:59,933:INFO: Epoch 16/30
2019-10-08 18:45:01,783:INFO: - Train metrics: loss: 0.653 ; accuracy: 0.791
2019-10-08 18:45:02,164:INFO: - Eval metrics : loss: 0.000 ; accuracy: 0.812
2019-10-08 18:45:02,170:INFO: Epoch 17/30
2019-10-08 18:45:04,099:INFO: - Train metrics: loss: 0.630 ; accuracy: 0.811
2019-10-08 18:45:04,448:INFO: - Eval metrics : loss: 0.000 ; accuracy: 0.826
2019-10-08 18:45:04,458:INFO: - Found new best accuracy
2019-10-08 18:45:04,471:INFO: Epoch 18/30
2019-10-08 18:45:06,414:INFO: - Train metrics: loss: 0.629 ; accuracy: 0.805
2019-10-08 18:45:06,778:INFO: - Eval metrics : loss: 0.000 ; accuracy: 0.816
2019-10-08 18:45:06,784:INFO: Epoch 19/30
2019-10-08 18:45:08,698:INFO: - Train metrics: loss: 0.594 ; accuracy: 0.816
2019-10-08 18:45:09,058:INFO: - Eval metrics : loss: 0.000 ; accuracy: 0.817
2019-10-08 18:45:09,064:INFO: Epoch 20/30
2019-10-08 18:45:11,000:INFO: - Train metrics: loss: 0.629 ; accuracy: 0.801
2019-10-08 18:45:11,349:INFO: - Eval metrics : loss: 0.000 ; accuracy: 0.816
2019-10-08 18:45:11,357:INFO: Epoch 21/30
2019-10-08 18:45:13,298:INFO: - Train metrics: loss: 0.549 ; accuracy: 0.848
2019-10-08 18:45:13,667:INFO: - Eval metrics : loss: 0.000 ; accuracy: 0.825
2019-10-08 18:45:13,675:INFO: Epoch 22/30
2019-10-08 18:45:15,616:INFO: - Train metrics: loss: 0.624 ; accuracy: 0.793
2019-10-08 18:45:15,967:INFO: - Eval metrics : loss: 0.000 ; accuracy: 0.826
2019-10-08 18:45:15,979:INFO: - Found new best accuracy
2019-10-08 18:45:15,991:INFO: Epoch 23/30
2019-10-08 18:45:17,837:INFO: - Train metrics: loss: 0.587 ; accuracy: 0.822
2019-10-08 18:45:18,190:INFO: - Eval metrics : loss: 0.000 ; accuracy: 0.823
2019-10-08 18:45:18,196:INFO: Epoch 24/30
2019-10-08 18:45:20,123:INFO: - Train metrics: loss: 0.651 ; accuracy: 0.797
2019-10-08 18:45:20,473:INFO: - Eval metrics : loss: 0.000 ; accuracy: 0.830
2019-10-08 18:45:20,482:INFO: - Found new best accuracy
2019-10-08 18:45:20,483:INFO: Epoch 25/30
2019-10-08 18:45:22,406:INFO: - Train metrics: loss: 0.629 ; accuracy: 0.830
2019-10-08 18:45:22,771:INFO: - Eval metrics : loss: 0.000 ; accuracy: 0.831
2019-10-08 18:45:22,783:INFO: - Found new best accuracy
2019-10-08 18:45:22,795:INFO: Epoch 26/30
2019-10-08 18:45:24,612:INFO: - Train metrics: loss: 0.542 ; accuracy: 0.846
2019-10-08 18:45:24,959:INFO: - Eval metrics : loss: 0.000 ; accuracy: 0.835
2019-10-08 18:45:24,971:INFO: - Found new best accuracy
2019-10-08 18:45:24,971:INFO: Epoch 27/30
2019-10-08 18:45:26,904:INFO: - Train metrics: loss: 0.617 ; accuracy: 0.811
2019-10-08 18:45:27,276:INFO: - Eval metrics : loss: 0.000 ; accuracy: 0.831
2019-10-08 18:45:27,282:INFO: Epoch 28/30
2019-10-08 18:45:29,229:INFO: - Train metrics: loss: 0.586 ; accuracy: 0.830
2019-10-08 18:45:29,574:INFO: - Eval metrics : loss: 0.000 ; accuracy: 0.837
2019-10-08 18:45:29,584:INFO: - Found new best accuracy
2019-10-08 18:45:29,584:INFO: Epoch 29/30
2019-10-08 18:45:31,580:INFO: - Train metrics: loss: 0.635 ; accuracy: 0.814
2019-10-08 18:45:31,960:INFO: - Eval metrics : loss: 0.000 ; accuracy: 0.837
2019-10-08 18:45:31,968:INFO: Epoch 30/30
2019-10-08 18:45:33,893:INFO: - Train metrics: loss: 0.602 ; accuracy: 0.809
2019-10-08 18:45:34,259:INFO: - Eval metrics : loss: 0.000 ; accuracy: 0.833
