2019-10-08 17:40:24,158:INFO: Loading the datasets...
2019-10-08 17:40:26,206:INFO: - done.
2019-10-08 17:40:27,914:INFO: Experiment - model version: cnn_distill
2019-10-08 17:40:27,914:INFO: Starting training for 30 epoch(s)
2019-10-08 17:40:27,914:INFO: First, loading the teacher model and computing its outputs...
2019-10-08 17:40:35,228:INFO: - Finished computing teacher outputs after 8.0 secs..
2019-10-08 17:40:35,228:INFO: Epoch 1/30
2019-10-08 17:40:37,396:INFO: - Train metrics: loss: 0.508 ; accuracy: 0.131
2019-10-08 17:40:37,734:INFO: - Eval metrics : loss: 0.000 ; accuracy: 0.197
2019-10-08 17:40:37,742:INFO: - Found new best accuracy
2019-10-08 17:40:37,743:INFO: Epoch 2/30
2019-10-08 17:40:39,694:INFO: - Train metrics: loss: 0.506 ; accuracy: 0.180
2019-10-08 17:40:40,018:INFO: - Eval metrics : loss: 0.000 ; accuracy: 0.213
2019-10-08 17:40:40,027:INFO: - Found new best accuracy
2019-10-08 17:40:40,027:INFO: Epoch 3/30
2019-10-08 17:40:41,938:INFO: - Train metrics: loss: 0.506 ; accuracy: 0.180
2019-10-08 17:40:42,274:INFO: - Eval metrics : loss: 0.000 ; accuracy: 0.216
2019-10-08 17:40:42,286:INFO: - Found new best accuracy
2019-10-08 17:40:42,298:INFO: Epoch 4/30
2019-10-08 17:40:44,208:INFO: - Train metrics: loss: 0.508 ; accuracy: 0.195
2019-10-08 17:40:44,552:INFO: - Eval metrics : loss: 0.000 ; accuracy: 0.257
2019-10-08 17:40:44,561:INFO: - Found new best accuracy
2019-10-08 17:40:44,561:INFO: Epoch 5/30
2019-10-08 17:40:46,429:INFO: - Train metrics: loss: 0.506 ; accuracy: 0.215
2019-10-08 17:40:46,753:INFO: - Eval metrics : loss: 0.000 ; accuracy: 0.263
2019-10-08 17:40:46,762:INFO: - Found new best accuracy
2019-10-08 17:40:46,763:INFO: Epoch 6/30
2019-10-08 17:40:48,641:INFO: - Train metrics: loss: 0.506 ; accuracy: 0.238
2019-10-08 17:40:48,956:INFO: - Eval metrics : loss: 0.000 ; accuracy: 0.239
2019-10-08 17:40:48,962:INFO: Epoch 7/30
2019-10-08 17:40:51,019:INFO: - Train metrics: loss: 0.506 ; accuracy: 0.195
2019-10-08 17:40:51,384:INFO: - Eval metrics : loss: 0.000 ; accuracy: 0.304
2019-10-08 17:40:51,393:INFO: - Found new best accuracy
2019-10-08 17:40:51,393:INFO: Epoch 8/30
2019-10-08 17:40:53,311:INFO: - Train metrics: loss: 0.505 ; accuracy: 0.260
2019-10-08 17:40:53,644:INFO: - Eval metrics : loss: 0.000 ; accuracy: 0.314
2019-10-08 17:40:53,653:INFO: - Found new best accuracy
2019-10-08 17:40:53,653:INFO: Epoch 9/30
2019-10-08 17:40:55,555:INFO: - Train metrics: loss: 0.507 ; accuracy: 0.260
2019-10-08 17:40:55,914:INFO: - Eval metrics : loss: 0.000 ; accuracy: 0.276
2019-10-08 17:40:55,920:INFO: Epoch 10/30
2019-10-08 17:40:57,836:INFO: - Train metrics: loss: 0.506 ; accuracy: 0.270
2019-10-08 17:40:58,169:INFO: - Eval metrics : loss: 0.000 ; accuracy: 0.305
2019-10-08 17:40:58,175:INFO: Epoch 11/30
2019-10-08 17:41:00,073:INFO: - Train metrics: loss: 0.506 ; accuracy: 0.277
2019-10-08 17:41:00,398:INFO: - Eval metrics : loss: 0.000 ; accuracy: 0.301
2019-10-08 17:41:00,404:INFO: Epoch 12/30
2019-10-08 17:41:02,298:INFO: - Train metrics: loss: 0.507 ; accuracy: 0.305
2019-10-08 17:41:02,630:INFO: - Eval metrics : loss: 0.000 ; accuracy: 0.302
2019-10-08 17:41:02,638:INFO: Epoch 13/30
2019-10-08 17:41:04,548:INFO: - Train metrics: loss: 0.506 ; accuracy: 0.275
2019-10-08 17:41:04,891:INFO: - Eval metrics : loss: 0.000 ; accuracy: 0.294
2019-10-08 17:41:04,899:INFO: Epoch 14/30
2019-10-08 17:41:06,788:INFO: - Train metrics: loss: 0.506 ; accuracy: 0.293
2019-10-08 17:41:07,127:INFO: - Eval metrics : loss: 0.000 ; accuracy: 0.318
2019-10-08 17:41:07,148:INFO: - Found new best accuracy
2019-10-08 17:41:07,149:INFO: Epoch 15/30
2019-10-08 17:41:09,011:INFO: - Train metrics: loss: 0.506 ; accuracy: 0.289
2019-10-08 17:41:09,355:INFO: - Eval metrics : loss: 0.000 ; accuracy: 0.341
2019-10-08 17:41:09,364:INFO: - Found new best accuracy
2019-10-08 17:41:09,364:INFO: Epoch 16/30
2019-10-08 17:41:11,257:INFO: - Train metrics: loss: 0.507 ; accuracy: 0.291
2019-10-08 17:41:11,578:INFO: - Eval metrics : loss: 0.000 ; accuracy: 0.314
2019-10-08 17:41:11,584:INFO: Epoch 17/30
2019-10-08 17:41:13,461:INFO: - Train metrics: loss: 0.506 ; accuracy: 0.295
2019-10-08 17:41:13,778:INFO: - Eval metrics : loss: 0.000 ; accuracy: 0.338
2019-10-08 17:41:13,786:INFO: Epoch 18/30
2019-10-08 17:41:15,695:INFO: - Train metrics: loss: 0.506 ; accuracy: 0.328
2019-10-08 17:41:16,010:INFO: - Eval metrics : loss: 0.000 ; accuracy: 0.348
2019-10-08 17:41:16,032:INFO: - Found new best accuracy
2019-10-08 17:41:16,032:INFO: Epoch 19/30
2019-10-08 17:41:17,890:INFO: - Train metrics: loss: 0.505 ; accuracy: 0.312
2019-10-08 17:41:18,212:INFO: - Eval metrics : loss: 0.000 ; accuracy: 0.331
2019-10-08 17:41:18,219:INFO: Epoch 20/30
2019-10-08 17:41:20,124:INFO: - Train metrics: loss: 0.505 ; accuracy: 0.303
2019-10-08 17:41:20,473:INFO: - Eval metrics : loss: 0.000 ; accuracy: 0.348
2019-10-08 17:41:20,479:INFO: Epoch 21/30
2019-10-08 17:41:22,383:INFO: - Train metrics: loss: 0.505 ; accuracy: 0.352
2019-10-08 17:41:22,739:INFO: - Eval metrics : loss: 0.000 ; accuracy: 0.351
2019-10-08 17:41:22,763:INFO: - Found new best accuracy
2019-10-08 17:41:22,763:INFO: Epoch 22/30
2019-10-08 17:41:24,637:INFO: - Train metrics: loss: 0.507 ; accuracy: 0.287
2019-10-08 17:41:24,973:INFO: - Eval metrics : loss: 0.000 ; accuracy: 0.368
2019-10-08 17:41:24,983:INFO: - Found new best accuracy
2019-10-08 17:41:24,983:INFO: Epoch 23/30
2019-10-08 17:41:26,876:INFO: - Train metrics: loss: 0.506 ; accuracy: 0.303
2019-10-08 17:41:27,204:INFO: - Eval metrics : loss: 0.000 ; accuracy: 0.369
2019-10-08 17:41:27,226:INFO: - Found new best accuracy
2019-10-08 17:41:27,227:INFO: Epoch 24/30
2019-10-08 17:41:29,103:INFO: - Train metrics: loss: 0.505 ; accuracy: 0.324
2019-10-08 17:41:29,427:INFO: - Eval metrics : loss: 0.000 ; accuracy: 0.359
2019-10-08 17:41:29,444:INFO: Epoch 25/30
2019-10-08 17:41:31,363:INFO: - Train metrics: loss: 0.506 ; accuracy: 0.355
2019-10-08 17:41:31,703:INFO: - Eval metrics : loss: 0.000 ; accuracy: 0.348
2019-10-08 17:41:31,711:INFO: Epoch 26/30
2019-10-08 17:41:33,602:INFO: - Train metrics: loss: 0.505 ; accuracy: 0.324
2019-10-08 17:41:33,930:INFO: - Eval metrics : loss: 0.000 ; accuracy: 0.333
2019-10-08 17:41:33,936:INFO: Epoch 27/30
2019-10-08 17:41:35,817:INFO: - Train metrics: loss: 0.506 ; accuracy: 0.322
2019-10-08 17:41:36,132:INFO: - Eval metrics : loss: 0.000 ; accuracy: 0.401
2019-10-08 17:41:36,154:INFO: - Found new best accuracy
2019-10-08 17:41:36,154:INFO: Epoch 28/30
2019-10-08 17:41:38,052:INFO: - Train metrics: loss: 0.506 ; accuracy: 0.375
2019-10-08 17:41:38,405:INFO: - Eval metrics : loss: 0.000 ; accuracy: 0.403
2019-10-08 17:41:38,427:INFO: - Found new best accuracy
2019-10-08 17:41:38,428:INFO: Epoch 29/30
2019-10-08 17:41:40,273:INFO: - Train metrics: loss: 0.507 ; accuracy: 0.342
2019-10-08 17:41:40,621:INFO: - Eval metrics : loss: 0.000 ; accuracy: 0.408
2019-10-08 17:41:40,630:INFO: - Found new best accuracy
2019-10-08 17:41:40,630:INFO: Epoch 30/30
2019-10-08 17:41:42,495:INFO: - Train metrics: loss: 0.506 ; accuracy: 0.324
2019-10-08 17:41:42,837:INFO: - Eval metrics : loss: 0.000 ; accuracy: 0.407
