2019-10-08 18:45:35,179:INFO: Loading the datasets...
2019-10-08 18:45:37,160:INFO: - done.
2019-10-08 18:45:38,858:INFO: Experiment - model version: cnn_distill
2019-10-08 18:45:38,858:INFO: Starting training for 30 epoch(s)
2019-10-08 18:45:38,858:INFO: First, loading the teacher model and computing its outputs...
2019-10-08 18:45:46,191:INFO: - Finished computing teacher outputs after 8.0 secs..
2019-10-08 18:45:46,192:INFO: Epoch 1/30
2019-10-08 18:45:48,127:INFO: - Train metrics: loss: 1.661 ; accuracy: 0.375
2019-10-08 18:45:48,477:INFO: - Eval metrics : loss: 0.000 ; accuracy: 0.637
2019-10-08 18:45:48,486:INFO: - Found new best accuracy
2019-10-08 18:45:48,486:INFO: Epoch 2/30
2019-10-08 18:45:50,386:INFO: - Train metrics: loss: 1.172 ; accuracy: 0.602
2019-10-08 18:45:50,733:INFO: - Eval metrics : loss: 0.000 ; accuracy: 0.701
2019-10-08 18:45:50,743:INFO: - Found new best accuracy
2019-10-08 18:45:50,756:INFO: Epoch 3/30
2019-10-08 18:45:52,625:INFO: - Train metrics: loss: 0.988 ; accuracy: 0.650
2019-10-08 18:45:52,991:INFO: - Eval metrics : loss: 0.000 ; accuracy: 0.718
2019-10-08 18:45:53,000:INFO: - Found new best accuracy
2019-10-08 18:45:53,014:INFO: Epoch 4/30
2019-10-08 18:45:54,929:INFO: - Train metrics: loss: 0.918 ; accuracy: 0.678
2019-10-08 18:45:55,275:INFO: - Eval metrics : loss: 0.000 ; accuracy: 0.720
2019-10-08 18:45:55,285:INFO: - Found new best accuracy
2019-10-08 18:45:55,285:INFO: Epoch 5/30
2019-10-08 18:45:57,187:INFO: - Train metrics: loss: 0.904 ; accuracy: 0.715
2019-10-08 18:45:57,539:INFO: - Eval metrics : loss: 0.000 ; accuracy: 0.762
2019-10-08 18:45:57,560:INFO: - Found new best accuracy
2019-10-08 18:45:57,561:INFO: Epoch 6/30
2019-10-08 18:45:59,447:INFO: - Train metrics: loss: 0.859 ; accuracy: 0.723
2019-10-08 18:45:59,831:INFO: - Eval metrics : loss: 0.000 ; accuracy: 0.755
2019-10-08 18:45:59,837:INFO: Epoch 7/30
2019-10-08 18:46:01,745:INFO: - Train metrics: loss: 0.800 ; accuracy: 0.738
2019-10-08 18:46:02,094:INFO: - Eval metrics : loss: 0.000 ; accuracy: 0.775
2019-10-08 18:46:02,118:INFO: - Found new best accuracy
2019-10-08 18:46:02,118:INFO: Epoch 8/30
2019-10-08 18:46:03,998:INFO: - Train metrics: loss: 0.844 ; accuracy: 0.723
2019-10-08 18:46:04,351:INFO: - Eval metrics : loss: 0.000 ; accuracy: 0.783
2019-10-08 18:46:04,360:INFO: - Found new best accuracy
2019-10-08 18:46:04,373:INFO: Epoch 9/30
2019-10-08 18:46:06,309:INFO: - Train metrics: loss: 0.744 ; accuracy: 0.762
2019-10-08 18:46:06,675:INFO: - Eval metrics : loss: 0.000 ; accuracy: 0.790
2019-10-08 18:46:06,684:INFO: - Found new best accuracy
2019-10-08 18:46:06,698:INFO: Epoch 10/30
2019-10-08 18:46:08,574:INFO: - Train metrics: loss: 0.786 ; accuracy: 0.742
2019-10-08 18:46:08,923:INFO: - Eval metrics : loss: 0.000 ; accuracy: 0.777
2019-10-08 18:46:08,929:INFO: Epoch 11/30
2019-10-08 18:46:10,775:INFO: - Train metrics: loss: 0.741 ; accuracy: 0.750
2019-10-08 18:46:11,147:INFO: - Eval metrics : loss: 0.000 ; accuracy: 0.795
2019-10-08 18:46:11,159:INFO: - Found new best accuracy
2019-10-08 18:46:11,160:INFO: Epoch 12/30
2019-10-08 18:46:13,040:INFO: - Train metrics: loss: 0.733 ; accuracy: 0.777
2019-10-08 18:46:13,385:INFO: - Eval metrics : loss: 0.000 ; accuracy: 0.799
2019-10-08 18:46:13,398:INFO: - Found new best accuracy
2019-10-08 18:46:13,409:INFO: Epoch 13/30
2019-10-08 18:46:15,301:INFO: - Train metrics: loss: 0.650 ; accuracy: 0.781
2019-10-08 18:46:15,669:INFO: - Eval metrics : loss: 0.000 ; accuracy: 0.810
2019-10-08 18:46:15,692:INFO: - Found new best accuracy
2019-10-08 18:46:15,693:INFO: Epoch 14/30
2019-10-08 18:46:17,576:INFO: - Train metrics: loss: 0.619 ; accuracy: 0.807
2019-10-08 18:46:17,944:INFO: - Eval metrics : loss: 0.000 ; accuracy: 0.819
2019-10-08 18:46:17,953:INFO: - Found new best accuracy
2019-10-08 18:46:17,967:INFO: Epoch 15/30
2019-10-08 18:46:19,892:INFO: - Train metrics: loss: 0.613 ; accuracy: 0.822
2019-10-08 18:46:20,247:INFO: - Eval metrics : loss: 0.000 ; accuracy: 0.814
2019-10-08 18:46:20,255:INFO: Epoch 16/30
2019-10-08 18:46:22,220:INFO: - Train metrics: loss: 0.685 ; accuracy: 0.779
2019-10-08 18:46:22,571:INFO: - Eval metrics : loss: 0.000 ; accuracy: 0.812
2019-10-08 18:46:22,577:INFO: Epoch 17/30
2019-10-08 18:46:24,467:INFO: - Train metrics: loss: 0.604 ; accuracy: 0.807
2019-10-08 18:46:24,834:INFO: - Eval metrics : loss: 0.000 ; accuracy: 0.817
2019-10-08 18:46:24,842:INFO: Epoch 18/30
2019-10-08 18:46:26,775:INFO: - Train metrics: loss: 0.639 ; accuracy: 0.787
2019-10-08 18:46:27,139:INFO: - Eval metrics : loss: 0.000 ; accuracy: 0.825
2019-10-08 18:46:27,148:INFO: - Found new best accuracy
2019-10-08 18:46:27,162:INFO: Epoch 19/30
2019-10-08 18:46:29,109:INFO: - Train metrics: loss: 0.558 ; accuracy: 0.840
2019-10-08 18:46:29,465:INFO: - Eval metrics : loss: 0.000 ; accuracy: 0.810
2019-10-08 18:46:29,471:INFO: Epoch 20/30
2019-10-08 18:46:31,407:INFO: - Train metrics: loss: 0.591 ; accuracy: 0.812
2019-10-08 18:46:31,788:INFO: - Eval metrics : loss: 0.000 ; accuracy: 0.822
2019-10-08 18:46:31,794:INFO: Epoch 21/30
2019-10-08 18:46:33,713:INFO: - Train metrics: loss: 0.561 ; accuracy: 0.838
2019-10-08 18:46:34,088:INFO: - Eval metrics : loss: 0.000 ; accuracy: 0.824
2019-10-08 18:46:34,094:INFO: Epoch 22/30
2019-10-08 18:46:36,043:INFO: - Train metrics: loss: 0.622 ; accuracy: 0.805
2019-10-08 18:46:36,405:INFO: - Eval metrics : loss: 0.000 ; accuracy: 0.829
2019-10-08 18:46:36,429:INFO: - Found new best accuracy
2019-10-08 18:46:36,429:INFO: Epoch 23/30
2019-10-08 18:46:38,319:INFO: - Train metrics: loss: 0.576 ; accuracy: 0.832
2019-10-08 18:46:38,671:INFO: - Eval metrics : loss: 0.000 ; accuracy: 0.833
2019-10-08 18:46:38,680:INFO: - Found new best accuracy
2019-10-08 18:46:38,693:INFO: Epoch 24/30
2019-10-08 18:46:40,674:INFO: - Train metrics: loss: 0.579 ; accuracy: 0.828
2019-10-08 18:46:41,033:INFO: - Eval metrics : loss: 0.000 ; accuracy: 0.828
2019-10-08 18:46:41,041:INFO: Epoch 25/30
2019-10-08 18:46:42,918:INFO: - Train metrics: loss: 0.574 ; accuracy: 0.830
2019-10-08 18:46:43,296:INFO: - Eval metrics : loss: 0.000 ; accuracy: 0.828
2019-10-08 18:46:43,302:INFO: Epoch 26/30
2019-10-08 18:46:45,265:INFO: - Train metrics: loss: 0.565 ; accuracy: 0.840
2019-10-08 18:46:45,645:INFO: - Eval metrics : loss: 0.000 ; accuracy: 0.834
2019-10-08 18:46:45,667:INFO: - Found new best accuracy
2019-10-08 18:46:45,667:INFO: Epoch 27/30
2019-10-08 18:46:47,594:INFO: - Train metrics: loss: 0.577 ; accuracy: 0.842
2019-10-08 18:46:47,949:INFO: - Eval metrics : loss: 0.000 ; accuracy: 0.830
2019-10-08 18:46:47,970:INFO: Epoch 28/30
2019-10-08 18:46:49,879:INFO: - Train metrics: loss: 0.582 ; accuracy: 0.832
2019-10-08 18:46:50,256:INFO: - Eval metrics : loss: 0.000 ; accuracy: 0.832
2019-10-08 18:46:50,263:INFO: Epoch 29/30
2019-10-08 18:46:52,209:INFO: - Train metrics: loss: 0.573 ; accuracy: 0.830
2019-10-08 18:46:52,563:INFO: - Eval metrics : loss: 0.000 ; accuracy: 0.834
2019-10-08 18:46:52,573:INFO: - Found new best accuracy
2019-10-08 18:46:52,586:INFO: Epoch 30/30
2019-10-08 18:46:54,479:INFO: - Train metrics: loss: 0.648 ; accuracy: 0.805
2019-10-08 18:46:54,827:INFO: - Eval metrics : loss: 0.000 ; accuracy: 0.842
2019-10-08 18:46:54,850:INFO: - Found new best accuracy
