2019-10-08 17:36:28,056:INFO: Loading the datasets...
2019-10-08 17:36:30,046:INFO: - done.
2019-10-08 17:36:31,750:INFO: Experiment - model version: cnn_distill
2019-10-08 17:36:31,750:INFO: Starting training for 30 epoch(s)
2019-10-08 17:36:31,750:INFO: First, loading the teacher model and computing its outputs...
2019-10-08 17:36:39,053:INFO: - Finished computing teacher outputs after 8.0 secs..
2019-10-08 17:36:39,054:INFO: Epoch 1/30
2019-10-08 17:36:40,916:INFO: - Train metrics: loss: 1.447 ; accuracy: 0.143
2019-10-08 17:36:41,234:INFO: - Eval metrics : loss: 0.000 ; accuracy: 0.112
2019-10-08 17:36:41,242:INFO: - Found new best accuracy
2019-10-08 17:36:41,242:INFO: Epoch 2/30
2019-10-08 17:36:43,137:INFO: - Train metrics: loss: 1.446 ; accuracy: 0.115
2019-10-08 17:36:43,467:INFO: - Eval metrics : loss: 0.000 ; accuracy: 0.115
2019-10-08 17:36:43,491:INFO: - Found new best accuracy
2019-10-08 17:36:43,491:INFO: Epoch 3/30
2019-10-08 17:36:45,329:INFO: - Train metrics: loss: 1.445 ; accuracy: 0.131
2019-10-08 17:36:45,642:INFO: - Eval metrics : loss: 0.000 ; accuracy: 0.117
2019-10-08 17:36:45,667:INFO: - Found new best accuracy
2019-10-08 17:36:45,667:INFO: Epoch 4/30
2019-10-08 17:36:47,487:INFO: - Train metrics: loss: 1.445 ; accuracy: 0.111
2019-10-08 17:36:47,797:INFO: - Eval metrics : loss: 0.000 ; accuracy: 0.162
2019-10-08 17:36:47,819:INFO: - Found new best accuracy
2019-10-08 17:36:47,819:INFO: Epoch 5/30
2019-10-08 17:36:49,684:INFO: - Train metrics: loss: 1.447 ; accuracy: 0.127
2019-10-08 17:36:49,998:INFO: - Eval metrics : loss: 0.000 ; accuracy: 0.139
2019-10-08 17:36:50,004:INFO: Epoch 6/30
2019-10-08 17:36:51,992:INFO: - Train metrics: loss: 1.445 ; accuracy: 0.109
2019-10-08 17:36:52,309:INFO: - Eval metrics : loss: 0.000 ; accuracy: 0.141
2019-10-08 17:36:52,317:INFO: Epoch 7/30
2019-10-08 17:36:54,250:INFO: - Train metrics: loss: 1.448 ; accuracy: 0.135
2019-10-08 17:36:54,587:INFO: - Eval metrics : loss: 0.000 ; accuracy: 0.157
2019-10-08 17:36:54,595:INFO: Epoch 8/30
2019-10-08 17:36:56,458:INFO: - Train metrics: loss: 1.446 ; accuracy: 0.146
2019-10-08 17:36:56,777:INFO: - Eval metrics : loss: 0.000 ; accuracy: 0.141
2019-10-08 17:36:56,798:INFO: Epoch 9/30
2019-10-08 17:36:58,635:INFO: - Train metrics: loss: 1.444 ; accuracy: 0.135
2019-10-08 17:36:58,968:INFO: - Eval metrics : loss: 0.000 ; accuracy: 0.174
2019-10-08 17:36:58,990:INFO: - Found new best accuracy
2019-10-08 17:36:58,990:INFO: Epoch 10/30
2019-10-08 17:37:00,886:INFO: - Train metrics: loss: 1.445 ; accuracy: 0.172
2019-10-08 17:37:01,220:INFO: - Eval metrics : loss: 0.000 ; accuracy: 0.162
2019-10-08 17:37:01,240:INFO: Epoch 11/30
2019-10-08 17:37:03,134:INFO: - Train metrics: loss: 1.444 ; accuracy: 0.158
2019-10-08 17:37:03,466:INFO: - Eval metrics : loss: 0.000 ; accuracy: 0.132
2019-10-08 17:37:03,474:INFO: Epoch 12/30
2019-10-08 17:37:05,343:INFO: - Train metrics: loss: 1.443 ; accuracy: 0.137
2019-10-08 17:37:05,683:INFO: - Eval metrics : loss: 0.000 ; accuracy: 0.153
2019-10-08 17:37:05,691:INFO: Epoch 13/30
2019-10-08 17:37:07,617:INFO: - Train metrics: loss: 1.443 ; accuracy: 0.143
2019-10-08 17:37:07,934:INFO: - Eval metrics : loss: 0.000 ; accuracy: 0.154
2019-10-08 17:37:07,939:INFO: Epoch 14/30
2019-10-08 17:37:09,741:INFO: - Train metrics: loss: 1.445 ; accuracy: 0.150
2019-10-08 17:37:10,080:INFO: - Eval metrics : loss: 0.000 ; accuracy: 0.109
2019-10-08 17:37:10,086:INFO: Epoch 15/30
2019-10-08 17:37:11,988:INFO: - Train metrics: loss: 1.444 ; accuracy: 0.115
2019-10-08 17:37:12,321:INFO: - Eval metrics : loss: 0.000 ; accuracy: 0.126
2019-10-08 17:37:12,328:INFO: Epoch 16/30
2019-10-08 17:37:14,174:INFO: - Train metrics: loss: 1.445 ; accuracy: 0.156
2019-10-08 17:37:14,497:INFO: - Eval metrics : loss: 0.000 ; accuracy: 0.132
2019-10-08 17:37:14,504:INFO: Epoch 17/30
2019-10-08 17:37:16,420:INFO: - Train metrics: loss: 1.444 ; accuracy: 0.139
2019-10-08 17:37:16,748:INFO: - Eval metrics : loss: 0.000 ; accuracy: 0.137
2019-10-08 17:37:16,754:INFO: Epoch 18/30
2019-10-08 17:37:18,613:INFO: - Train metrics: loss: 1.446 ; accuracy: 0.115
2019-10-08 17:37:18,956:INFO: - Eval metrics : loss: 0.000 ; accuracy: 0.143
2019-10-08 17:37:18,962:INFO: Epoch 19/30
2019-10-08 17:37:20,817:INFO: - Train metrics: loss: 1.445 ; accuracy: 0.109
2019-10-08 17:37:21,126:INFO: - Eval metrics : loss: 0.000 ; accuracy: 0.145
2019-10-08 17:37:21,132:INFO: Epoch 20/30
2019-10-08 17:37:22,977:INFO: - Train metrics: loss: 1.443 ; accuracy: 0.127
2019-10-08 17:37:23,323:INFO: - Eval metrics : loss: 0.000 ; accuracy: 0.153
2019-10-08 17:37:23,329:INFO: Epoch 21/30
2019-10-08 17:37:25,212:INFO: - Train metrics: loss: 1.444 ; accuracy: 0.139
2019-10-08 17:37:25,553:INFO: - Eval metrics : loss: 0.000 ; accuracy: 0.160
2019-10-08 17:37:25,561:INFO: Epoch 22/30
2019-10-08 17:37:27,449:INFO: - Train metrics: loss: 1.445 ; accuracy: 0.148
2019-10-08 17:37:27,765:INFO: - Eval metrics : loss: 0.000 ; accuracy: 0.165
2019-10-08 17:37:27,789:INFO: Epoch 23/30
2019-10-08 17:37:29,660:INFO: - Train metrics: loss: 1.444 ; accuracy: 0.158
2019-10-08 17:37:29,990:INFO: - Eval metrics : loss: 0.000 ; accuracy: 0.149
2019-10-08 17:37:30,012:INFO: Epoch 24/30
2019-10-08 17:37:31,904:INFO: - Train metrics: loss: 1.443 ; accuracy: 0.115
2019-10-08 17:37:32,243:INFO: - Eval metrics : loss: 0.000 ; accuracy: 0.161
2019-10-08 17:37:32,251:INFO: Epoch 25/30
2019-10-08 17:37:34,181:INFO: - Train metrics: loss: 1.444 ; accuracy: 0.145
2019-10-08 17:37:34,491:INFO: - Eval metrics : loss: 0.000 ; accuracy: 0.143
2019-10-08 17:37:34,499:INFO: Epoch 26/30
2019-10-08 17:37:36,402:INFO: - Train metrics: loss: 1.443 ; accuracy: 0.145
2019-10-08 17:37:36,727:INFO: - Eval metrics : loss: 0.000 ; accuracy: 0.158
2019-10-08 17:37:36,735:INFO: Epoch 27/30
2019-10-08 17:37:38,599:INFO: - Train metrics: loss: 1.444 ; accuracy: 0.137
2019-10-08 17:37:38,915:INFO: - Eval metrics : loss: 0.000 ; accuracy: 0.138
2019-10-08 17:37:38,921:INFO: Epoch 28/30
2019-10-08 17:37:40,753:INFO: - Train metrics: loss: 1.443 ; accuracy: 0.156
2019-10-08 17:37:41,063:INFO: - Eval metrics : loss: 0.000 ; accuracy: 0.186
2019-10-08 17:37:41,085:INFO: - Found new best accuracy
2019-10-08 17:37:41,086:INFO: Epoch 29/30
2019-10-08 17:37:42,972:INFO: - Train metrics: loss: 1.445 ; accuracy: 0.160
2019-10-08 17:37:43,295:INFO: - Eval metrics : loss: 0.000 ; accuracy: 0.179
2019-10-08 17:37:43,301:INFO: Epoch 30/30
2019-10-08 17:37:45,158:INFO: - Train metrics: loss: 1.445 ; accuracy: 0.164
2019-10-08 17:37:45,494:INFO: - Eval metrics : loss: 0.000 ; accuracy: 0.142
