2019-10-08 17:31:11,909:INFO: Searching hyperparameters...
2019-10-08 17:31:11,909:INFO: alphas: [0.99, 0.95, 0.5, 0.1, 0.05]
2019-10-08 17:31:11,909:INFO: temperatures: [20.0, 10.0, 8.0, 6.0, 4.5, 3.0, 2.0, 1.5]
2019-10-08 17:57:11,729:INFO: Searching hyperparameters...
2019-10-08 17:57:11,730:INFO: alphas: [0.95]
2019-10-08 17:57:11,730:INFO: temperatures: [6.0]
2019-10-08 17:57:43,213:INFO: Searching hyperparameters...
2019-10-08 17:57:43,214:INFO: alphas: [0.95]
2019-10-08 17:57:43,227:INFO: temperatures: [6.0]
2019-10-08 17:58:14,327:INFO: Searching hyperparameters...
2019-10-08 17:58:14,327:INFO: alphas: [0.95]
2019-10-08 17:58:14,328:INFO: temperatures: [6.0]
2019-10-08 18:09:57,117:INFO: Searching hyperparameters...
2019-10-08 18:09:57,117:INFO: alphas: [0.95]
2019-10-08 18:09:57,117:INFO: temperatures: [6.0, 4.5, 3.0, 2.0, 1.5]
2019-10-08 18:10:02,657:INFO: Searching hyperparameters...
2019-10-08 18:10:02,657:INFO: alphas: [0.95]
2019-10-08 18:10:02,657:INFO: temperatures: [6.0, 4.5, 3.0, 2.0, 1.5]
2019-10-08 18:17:32,060:INFO: Searching hyperparameters...
2019-10-08 18:17:32,060:INFO: alphas: [0.5, 0.1, 0.05]
2019-10-08 18:17:32,060:INFO: temperatures: [20.0, 10.0, 8.0, 6.0, 4.5, 3.0, 2.0, 1.5]
