2019-10-08 18:26:55,643:INFO: Loading the datasets...
2019-10-08 18:26:57,654:INFO: - done.
2019-10-08 18:26:59,368:INFO: Experiment - model version: cnn_distill
2019-10-08 18:26:59,368:INFO: Starting training for 30 epoch(s)
2019-10-08 18:26:59,368:INFO: First, loading the teacher model and computing its outputs...
2019-10-08 18:27:06,683:INFO: - Finished computing teacher outputs after 8.0 secs..
2019-10-08 18:27:06,683:INFO: Epoch 1/30
2019-10-08 18:27:08,604:INFO: - Train metrics: loss: 1.130 ; accuracy: 0.371
2019-10-08 18:27:08,943:INFO: - Eval metrics : loss: 0.000 ; accuracy: 0.638
2019-10-08 18:27:08,951:INFO: - Found new best accuracy
2019-10-08 18:27:08,951:INFO: Epoch 2/30
2019-10-08 18:27:10,811:INFO: - Train metrics: loss: 0.903 ; accuracy: 0.617
2019-10-08 18:27:11,155:INFO: - Eval metrics : loss: 0.000 ; accuracy: 0.682
2019-10-08 18:27:11,177:INFO: - Found new best accuracy
2019-10-08 18:27:11,177:INFO: Epoch 3/30
2019-10-08 18:27:13,020:INFO: - Train metrics: loss: 0.832 ; accuracy: 0.648
2019-10-08 18:27:13,363:INFO: - Eval metrics : loss: 0.000 ; accuracy: 0.716
2019-10-08 18:27:13,385:INFO: - Found new best accuracy
2019-10-08 18:27:13,386:INFO: Epoch 4/30
2019-10-08 18:27:15,260:INFO: - Train metrics: loss: 0.801 ; accuracy: 0.705
2019-10-08 18:27:15,603:INFO: - Eval metrics : loss: 0.000 ; accuracy: 0.732
2019-10-08 18:27:15,615:INFO: - Found new best accuracy
2019-10-08 18:27:15,627:INFO: Epoch 5/30
2019-10-08 18:27:17,491:INFO: - Train metrics: loss: 0.773 ; accuracy: 0.689
2019-10-08 18:27:17,841:INFO: - Eval metrics : loss: 0.000 ; accuracy: 0.749
2019-10-08 18:27:17,850:INFO: - Found new best accuracy
2019-10-08 18:27:17,863:INFO: Epoch 6/30
2019-10-08 18:27:19,750:INFO: - Train metrics: loss: 0.759 ; accuracy: 0.707
2019-10-08 18:27:20,101:INFO: - Eval metrics : loss: 0.000 ; accuracy: 0.760
2019-10-08 18:27:20,124:INFO: - Found new best accuracy
2019-10-08 18:27:20,125:INFO: Epoch 7/30
2019-10-08 18:27:21,984:INFO: - Train metrics: loss: 0.722 ; accuracy: 0.771
2019-10-08 18:27:22,348:INFO: - Eval metrics : loss: 0.000 ; accuracy: 0.770
2019-10-08 18:27:22,360:INFO: - Found new best accuracy
2019-10-08 18:27:22,372:INFO: Epoch 8/30
2019-10-08 18:27:24,251:INFO: - Train metrics: loss: 0.745 ; accuracy: 0.744
2019-10-08 18:27:24,684:INFO: - Eval metrics : loss: 0.000 ; accuracy: 0.785
2019-10-08 18:27:24,693:INFO: - Found new best accuracy
2019-10-08 18:27:24,693:INFO: Epoch 9/30
2019-10-08 18:27:26,573:INFO: - Train metrics: loss: 0.721 ; accuracy: 0.758
2019-10-08 18:27:26,928:INFO: - Eval metrics : loss: 0.000 ; accuracy: 0.791
2019-10-08 18:27:26,951:INFO: - Found new best accuracy
2019-10-08 18:27:26,952:INFO: Epoch 10/30
2019-10-08 18:27:28,826:INFO: - Train metrics: loss: 0.721 ; accuracy: 0.760
2019-10-08 18:27:29,167:INFO: - Eval metrics : loss: 0.000 ; accuracy: 0.796
2019-10-08 18:27:29,189:INFO: - Found new best accuracy
2019-10-08 18:27:29,189:INFO: Epoch 11/30
2019-10-08 18:27:31,035:INFO: - Train metrics: loss: 0.689 ; accuracy: 0.771
2019-10-08 18:27:31,423:INFO: - Eval metrics : loss: 0.000 ; accuracy: 0.800
2019-10-08 18:27:31,432:INFO: - Found new best accuracy
2019-10-08 18:27:31,446:INFO: Epoch 12/30
2019-10-08 18:27:33,281:INFO: - Train metrics: loss: 0.671 ; accuracy: 0.818
2019-10-08 18:27:33,633:INFO: - Eval metrics : loss: 0.000 ; accuracy: 0.811
2019-10-08 18:27:33,657:INFO: - Found new best accuracy
2019-10-08 18:27:33,657:INFO: Epoch 13/30
2019-10-08 18:27:35,494:INFO: - Train metrics: loss: 0.674 ; accuracy: 0.812
2019-10-08 18:27:35,843:INFO: - Eval metrics : loss: 0.000 ; accuracy: 0.804
2019-10-08 18:27:35,849:INFO: Epoch 14/30
2019-10-08 18:27:37,735:INFO: - Train metrics: loss: 0.691 ; accuracy: 0.770
2019-10-08 18:27:38,071:INFO: - Eval metrics : loss: 0.000 ; accuracy: 0.805
2019-10-08 18:27:38,076:INFO: Epoch 15/30
2019-10-08 18:27:40,014:INFO: - Train metrics: loss: 0.666 ; accuracy: 0.793
2019-10-08 18:27:40,366:INFO: - Eval metrics : loss: 0.000 ; accuracy: 0.817
2019-10-08 18:27:40,388:INFO: - Found new best accuracy
2019-10-08 18:27:40,388:INFO: Epoch 16/30
2019-10-08 18:27:42,275:INFO: - Train metrics: loss: 0.676 ; accuracy: 0.775
2019-10-08 18:27:42,623:INFO: - Eval metrics : loss: 0.000 ; accuracy: 0.815
2019-10-08 18:27:42,629:INFO: Epoch 17/30
2019-10-08 18:27:44,559:INFO: - Train metrics: loss: 0.664 ; accuracy: 0.809
2019-10-08 18:27:44,904:INFO: - Eval metrics : loss: 0.000 ; accuracy: 0.816
2019-10-08 18:27:44,910:INFO: Epoch 18/30
2019-10-08 18:27:46,855:INFO: - Train metrics: loss: 0.660 ; accuracy: 0.801
2019-10-08 18:27:47,202:INFO: - Eval metrics : loss: 0.000 ; accuracy: 0.822
2019-10-08 18:27:47,226:INFO: - Found new best accuracy
2019-10-08 18:27:47,226:INFO: Epoch 19/30
2019-10-08 18:27:49,149:INFO: - Train metrics: loss: 0.620 ; accuracy: 0.836
2019-10-08 18:27:49,487:INFO: - Eval metrics : loss: 0.000 ; accuracy: 0.820
2019-10-08 18:27:49,495:INFO: Epoch 20/30
2019-10-08 18:27:51,481:INFO: - Train metrics: loss: 0.646 ; accuracy: 0.834
2019-10-08 18:27:51,845:INFO: - Eval metrics : loss: 0.000 ; accuracy: 0.826
2019-10-08 18:27:51,866:INFO: - Found new best accuracy
2019-10-08 18:27:51,866:INFO: Epoch 21/30
2019-10-08 18:27:53,740:INFO: - Train metrics: loss: 0.628 ; accuracy: 0.822
2019-10-08 18:27:54,071:INFO: - Eval metrics : loss: 0.000 ; accuracy: 0.816
2019-10-08 18:27:54,077:INFO: Epoch 22/30
2019-10-08 18:27:55,978:INFO: - Train metrics: loss: 0.670 ; accuracy: 0.793
2019-10-08 18:27:56,343:INFO: - Eval metrics : loss: 0.000 ; accuracy: 0.823
2019-10-08 18:27:56,350:INFO: Epoch 23/30
2019-10-08 18:27:58,288:INFO: - Train metrics: loss: 0.637 ; accuracy: 0.826
2019-10-08 18:27:58,639:INFO: - Eval metrics : loss: 0.000 ; accuracy: 0.831
2019-10-08 18:27:58,648:INFO: - Found new best accuracy
2019-10-08 18:27:58,661:INFO: Epoch 24/30
2019-10-08 18:28:00,565:INFO: - Train metrics: loss: 0.641 ; accuracy: 0.820
2019-10-08 18:28:00,902:INFO: - Eval metrics : loss: 0.000 ; accuracy: 0.827
2019-10-08 18:28:00,909:INFO: Epoch 25/30
2019-10-08 18:28:02,865:INFO: - Train metrics: loss: 0.656 ; accuracy: 0.812
2019-10-08 18:28:03,208:INFO: - Eval metrics : loss: 0.000 ; accuracy: 0.832
2019-10-08 18:28:03,230:INFO: - Found new best accuracy
2019-10-08 18:28:03,231:INFO: Epoch 26/30
2019-10-08 18:28:05,135:INFO: - Train metrics: loss: 0.620 ; accuracy: 0.850
2019-10-08 18:28:05,481:INFO: - Eval metrics : loss: 0.000 ; accuracy: 0.829
2019-10-08 18:28:05,489:INFO: Epoch 27/30
2019-10-08 18:28:07,344:INFO: - Train metrics: loss: 0.664 ; accuracy: 0.805
2019-10-08 18:28:07,688:INFO: - Eval metrics : loss: 0.000 ; accuracy: 0.829
2019-10-08 18:28:07,694:INFO: Epoch 28/30
2019-10-08 18:28:09,561:INFO: - Train metrics: loss: 0.625 ; accuracy: 0.861
2019-10-08 18:28:09,914:INFO: - Eval metrics : loss: 0.000 ; accuracy: 0.827
2019-10-08 18:28:09,920:INFO: Epoch 29/30
2019-10-08 18:28:11,862:INFO: - Train metrics: loss: 0.664 ; accuracy: 0.820
2019-10-08 18:28:12,208:INFO: - Eval metrics : loss: 0.000 ; accuracy: 0.836
2019-10-08 18:28:12,217:INFO: - Found new best accuracy
2019-10-08 18:28:12,230:INFO: Epoch 30/30
2019-10-08 18:28:14,104:INFO: - Train metrics: loss: 0.661 ; accuracy: 0.822
2019-10-08 18:28:14,450:INFO: - Eval metrics : loss: 0.000 ; accuracy: 0.833
